<?xml version="1.0" encoding="UTF-8"?>
<coverage generated="1775686961689" clover="3.2.0">
  <project timestamp="1775686961689" name="All files">
    <metrics statements="729" coveredstatements="696" conditionals="277" coveredconditionals="250" methods="94" coveredmethods="89" elements="1100" coveredelements="1035" complexity="0" loc="729" ncloc="729" packages="1" files="13" classes="13"/>
    <file name="analytics.ts" path="/home/cyber44/chase-the-bag-platform/src/analytics.ts">
      <metrics statements="12" coveredstatements="12" conditionals="0" coveredconditionals="0" methods="1" coveredmethods="1"/>
      <line num="3" count="1" type="stmt"/>
      <line num="5" count="1" type="stmt"/>
      <line num="6" count="1" type="stmt"/>
      <line num="7" count="1" type="stmt"/>
      <line num="8" count="1" type="stmt"/>
      <line num="9" count="1" type="stmt"/>
      <line num="10" count="1" type="stmt"/>
      <line num="11" count="1" type="stmt"/>
      <line num="12" count="1" type="stmt"/>
      <line num="13" count="1" type="stmt"/>
      <line num="14" count="1" type="stmt"/>
      <line num="15" count="1" type="stmt"/>
    </file>
    <file name="antifraud.ts" path="/home/cyber44/chase-the-bag-platform/src/antifraud.ts">
      <metrics statements="11" coveredstatements="11" conditionals="4" coveredconditionals="4" methods="1" coveredmethods="1"/>
      <line num="2" count="1" type="stmt"/>
      <line num="4" count="1" type="stmt"/>
      <line num="5" count="4" type="stmt"/>
      <line num="6" count="4" type="stmt"/>
      <line num="9" count="4" type="stmt"/>
      <line num="13" count="4" type="cond" truecount="2" falsecount="0"/>
      <line num="14" count="1" type="stmt"/>
      <line num="18" count="4" type="stmt"/>
      <line num="22" count="4" type="cond" truecount="2" falsecount="0"/>
      <line num="23" count="1" type="stmt"/>
      <line num="26" count="4" type="stmt"/>
    </file>
    <file name="api.ts" path="/home/cyber44/chase-the-bag-platform/src/api.ts">
      <metrics statements="208" coveredstatements="206" conditionals="63" coveredconditionals="60" methods="23" coveredmethods="23"/>
      <line num="1" count="45" type="stmt"/>
      <line num="2" count="45" type="stmt"/>
      <line num="3" count="45" type="stmt"/>
      <line num="4" count="45" type="stmt"/>
      <line num="5" count="45" type="stmt"/>
      <line num="6" count="45" type="stmt"/>
      <line num="7" count="45" type="stmt"/>
      <line num="8" count="45" type="stmt"/>
      <line num="9" count="45" type="stmt"/>
      <line num="11" count="45" type="stmt"/>
      <line num="13" count="45" type="stmt"/>
      <line num="14" count="45" type="stmt"/>
      <line num="15" count="45" type="stmt"/>
      <line num="17" count="45" type="cond" truecount="2" falsecount="0"/>
      <line num="18" count="45" type="cond" truecount="2" falsecount="0"/>
      <line num="19" count="45" type="stmt"/>
      <line num="20" count="45" type="stmt"/>
      <line num="21" count="45" type="stmt"/>
      <line num="24" count="9" type="cond" truecount="1" falsecount="1"/>
      <line num="25" count="0" type="stmt"/>
      <line num="26" count="0" type="cond" truecount="0" falsecount="2"/>
      <line num="29" count="45" type="stmt"/>
      <line num="37" count="45" type="stmt"/>
      <line num="45" count="45" type="stmt"/>
      <line num="46" count="43" type="cond" truecount="2" falsecount="0"/>
      <line num="47" count="43" type="cond" truecount="2" falsecount="0"/>
      <line num="48" count="41" type="stmt"/>
      <line num="50" count="2" type="cond" truecount="2" falsecount="0"/>
      <line num="53" count="45" type="stmt"/>
      <line num="54" count="42" type="cond" truecount="2" falsecount="0"/>
      <line num="55" count="2" type="stmt"/>
      <line num="56" count="2" type="stmt"/>
      <line num="59" count="40" type="stmt"/>
      <line num="60" count="40" type="cond" truecount="4" falsecount="0"/>
      <line num="61" count="1" type="stmt"/>
      <line num="62" count="1" type="stmt"/>
      <line num="65" count="39" type="stmt"/>
      <line num="68" count="45" type="stmt"/>
      <line num="69" count="43" type="stmt"/>
      <line num="70" count="43" type="cond" truecount="2" falsecount="0"/>
      <line num="71" count="43" type="stmt"/>
      <line num="82" count="45" type="stmt"/>
      <line num="84" count="45" type="stmt"/>
      <line num="85" count="25" type="stmt"/>
      <line num="86" count="25" type="cond" truecount="2" falsecount="0"/>
      <line num="87" count="12" type="cond" truecount="2" falsecount="0"/>
      <line num="88" count="8" type="cond" truecount="2" falsecount="0"/>
      <line num="89" count="4" type="stmt"/>
      <line num="93" count="45" type="stmt"/>
      <line num="94" count="2" type="stmt"/>
      <line num="95" count="2" type="stmt"/>
      <line num="96" count="2" type="stmt"/>
      <line num="97" count="2" type="stmt"/>
      <line num="98" count="2" type="stmt"/>
      <line num="102" count="1" type="stmt"/>
      <line num="103" count="1" type="stmt"/>
      <line num="105" count="1" type="stmt"/>
      <line num="110" count="45" type="stmt"/>
      <line num="111" count="4" type="stmt"/>
      <line num="112" count="4" type="stmt"/>
      <line num="113" count="4" type="stmt"/>
      <line num="114" count="4" type="cond" truecount="2" falsecount="0"/>
      <line num="116" count="4" type="cond" truecount="4" falsecount="0"/>
      <line num="117" count="1" type="stmt"/>
      <line num="118" count="1" type="stmt"/>
      <line num="121" count="3" type="stmt"/>
      <line num="122" count="3" type="cond" truecount="2" falsecount="0"/>
      <line num="131" count="2" type="stmt"/>
      <line num="132" count="2" type="stmt"/>
      <line num="134" count="1" type="stmt"/>
      <line num="139" count="45" type="stmt"/>
      <line num="140" count="4" type="stmt"/>
      <line num="141" count="4" type="stmt"/>
      <line num="142" count="4" type="cond" truecount="2" falsecount="0"/>
      <line num="143" count="4" type="cond" truecount="4" falsecount="0"/>
      <line num="144" count="1" type="stmt"/>
      <line num="145" count="1" type="stmt"/>
      <line num="147" count="3" type="stmt"/>
      <line num="148" count="3" type="cond" truecount="2" falsecount="0"/>
      <line num="156" count="2" type="stmt"/>
      <line num="157" count="2" type="stmt"/>
      <line num="159" count="1" type="stmt"/>
      <line num="164" count="45" type="stmt"/>
      <line num="165" count="2" type="stmt"/>
      <line num="166" count="2" type="stmt"/>
      <line num="167" count="2" type="stmt"/>
      <line num="168" count="2" type="stmt"/>
      <line num="169" count="2" type="stmt"/>
      <line num="173" count="1" type="stmt"/>
      <line num="174" count="1" type="stmt"/>
      <line num="176" count="1" type="stmt"/>
      <line num="181" count="45" type="stmt"/>
      <line num="182" count="2" type="stmt"/>
      <line num="183" count="2" type="stmt"/>
      <line num="184" count="2" type="stmt"/>
      <line num="185" count="2" type="stmt"/>
      <line num="186" count="2" type="stmt"/>
      <line num="190" count="1" type="stmt"/>
      <line num="191" count="1" type="stmt"/>
      <line num="193" count="1" type="stmt"/>
      <line num="198" count="45" type="stmt"/>
      <line num="199" count="2" type="stmt"/>
      <line num="200" count="2" type="stmt"/>
      <line num="201" count="2" type="stmt"/>
      <line num="202" count="2" type="stmt"/>
      <line num="203" count="1" type="stmt"/>
      <line num="204" count="1" type="stmt"/>
      <line num="205" count="1" type="stmt"/>
      <line num="206" count="1" type="stmt"/>
      <line num="207" count="1" type="stmt"/>
      <line num="214" count="1" type="stmt"/>
      <line num="219" count="45" type="stmt"/>
      <line num="220" count="2" type="stmt"/>
      <line num="221" count="2" type="stmt"/>
      <line num="222" count="2" type="stmt"/>
      <line num="223" count="2" type="stmt"/>
      <line num="224" count="1" type="stmt"/>
      <line num="225" count="1" type="stmt"/>
      <line num="226" count="1" type="stmt"/>
      <line num="228" count="1" type="stmt"/>
      <line num="232" count="1" type="stmt"/>
      <line num="236" count="1" type="stmt"/>
      <line num="244" count="1" type="stmt"/>
      <line num="246" count="1" type="stmt"/>
      <line num="259" count="1" type="stmt"/>
      <line num="264" count="45" type="stmt"/>
      <line num="265" count="2" type="stmt"/>
      <line num="266" count="2" type="stmt"/>
      <line num="267" count="2" type="stmt"/>
      <line num="268" count="2" type="stmt"/>
      <line num="269" count="1" type="stmt"/>
      <line num="271" count="1" type="stmt"/>
      <line num="276" count="45" type="stmt"/>
      <line num="277" count="2" type="stmt"/>
      <line num="278" count="2" type="stmt"/>
      <line num="279" count="2" type="stmt"/>
      <line num="280" count="2" type="stmt"/>
      <line num="281" count="2" type="stmt"/>
      <line num="282" count="1" type="stmt"/>
      <line num="284" count="1" type="stmt"/>
      <line num="289" count="45" type="stmt"/>
      <line num="290" count="3" type="stmt"/>
      <line num="291" count="3" type="stmt"/>
      <line num="292" count="3" type="stmt"/>
      <line num="293" count="3" type="stmt"/>
      <line num="294" count="3" type="cond" truecount="2" falsecount="0"/>
      <line num="295" count="3" type="cond" truecount="4" falsecount="0"/>
      <line num="296" count="1" type="stmt"/>
      <line num="297" count="1" type="stmt"/>
      <line num="299" count="2" type="stmt"/>
      <line num="300" count="1" type="stmt"/>
      <line num="302" count="1" type="stmt"/>
      <line num="307" count="45" type="stmt"/>
      <line num="308" count="2" type="stmt"/>
      <line num="309" count="2" type="stmt"/>
      <line num="310" count="2" type="stmt"/>
      <line num="311" count="2" type="stmt"/>
      <line num="312" count="2" type="cond" truecount="2" falsecount="0"/>
      <line num="313" count="2" type="stmt"/>
      <line num="314" count="1" type="stmt"/>
      <line num="316" count="1" type="stmt"/>
      <line num="321" count="45" type="stmt"/>
      <line num="322" count="2" type="stmt"/>
      <line num="323" count="2" type="stmt"/>
      <line num="324" count="2" type="cond" truecount="2" falsecount="0"/>
      <line num="325" count="2" type="stmt"/>
      <line num="326" count="1" type="stmt"/>
      <line num="328" count="1" type="stmt"/>
      <line num="333" count="45" type="stmt"/>
      <line num="334" count="3" type="stmt"/>
      <line num="335" count="3" type="stmt"/>
      <line num="336" count="3" type="cond" truecount="2" falsecount="0"/>
      <line num="337" count="3" type="cond" truecount="2" falsecount="0"/>
      <line num="338" count="1" type="stmt"/>
      <line num="339" count="1" type="stmt"/>
      <line num="342" count="2" type="stmt"/>
      <line num="343" count="2" type="stmt"/>
      <line num="344" count="1" type="stmt"/>
      <line num="346" count="1" type="stmt"/>
      <line num="351" count="45" type="stmt"/>
      <line num="352" count="3" type="stmt"/>
      <line num="353" count="3" type="stmt"/>
      <line num="354" count="3" type="cond" truecount="2" falsecount="0"/>
      <line num="355" count="3" type="cond" truecount="2" falsecount="0"/>
      <line num="356" count="1" type="stmt"/>
      <line num="357" count="1" type="stmt"/>
      <line num="360" count="2" type="stmt"/>
      <line num="361" count="2" type="stmt"/>
      <line num="362" count="1" type="stmt"/>
      <line num="364" count="1" type="stmt"/>
      <line num="369" count="45" type="stmt"/>
      <line num="370" count="2" type="stmt"/>
      <line num="371" count="2" type="stmt"/>
      <line num="372" count="2" type="stmt"/>
      <line num="373" count="1" type="stmt"/>
      <line num="381" count="1" type="stmt"/>
      <line num="390" count="45" type="stmt"/>
      <line num="391" count="2" type="stmt"/>
      <line num="392" count="2" type="stmt"/>
      <line num="393" count="2" type="stmt"/>
      <line num="394" count="2" type="stmt"/>
      <line num="395" count="1" type="stmt"/>
      <line num="398" count="1" type="stmt"/>
      <line num="400" count="1" type="stmt"/>
      <line num="407" count="1" type="stmt"/>
      <line num="415" count="45" type="cond" truecount="1" falsecount="0"/>
      <line num="416" count="2" type="stmt"/>
      <line num="417" count="2" type="stmt"/>
    </file>
    <file name="audit-log.ts" path="/home/cyber44/chase-the-bag-platform/src/audit-log.ts">
      <metrics statements="6" coveredstatements="6" conditionals="2" coveredconditionals="2" methods="1" coveredmethods="1"/>
      <line num="3" count="1" type="stmt"/>
      <line num="5" count="1" type="stmt"/>
      <line num="16" count="2" type="stmt"/>
      <line num="17" count="2" type="stmt"/>
      <line num="18" count="2" type="stmt"/>
      <line num="23" count="2" type="stmt"/>
    </file>
    <file name="chart.ts" path="/home/cyber44/chase-the-bag-platform/src/chart.ts">
      <metrics statements="4" coveredstatements="4" conditionals="1" coveredconditionals="1" methods="1" coveredmethods="1"/>
      <line num="4" count="1" type="cond" truecount="1" falsecount="0"/>
      <line num="5" count="2" type="stmt"/>
      <line num="12" count="2" type="stmt"/>
      <line num="13" count="2" type="stmt"/>
    </file>
    <file name="coin-exchange.ts" path="/home/cyber44/chase-the-bag-platform/src/coin-exchange.ts">
      <metrics statements="242" coveredstatements="211" conditionals="100" coveredconditionals="76" methods="29" coveredmethods="24"/>
      <line num="2" count="1" type="stmt"/>
      <line num="3" count="1" type="stmt"/>
      <line num="85" count="99" type="stmt"/>
      <line num="88" count="1" type="stmt"/>
      <line num="89" count="4" type="stmt"/>
      <line num="90" count="4" type="cond" truecount="4" falsecount="0"/>
      <line num="91" count="1" type="stmt"/>
      <line num="94" count="1" type="stmt"/>
      <line num="97" count="82" type="stmt"/>
      <line num="101" count="61" type="stmt"/>
      <line num="102" count="61" type="cond" truecount="2" falsecount="0"/>
      <line num="106" count="49" type="stmt"/>
      <line num="107" count="49" type="cond" truecount="2" falsecount="0"/>
      <line num="108" count="6" type="stmt"/>
      <line num="112" count="9" type="stmt"/>
      <line num="113" count="9" type="cond" truecount="1" falsecount="1"/>
      <line num="117" count="22" type="stmt"/>
      <line num="121" count="21" type="stmt"/>
      <line num="122" count="21" type="stmt"/>
      <line num="123" count="21" type="stmt"/>
      <line num="132" count="4" type="stmt"/>
      <line num="147" count="5" type="stmt"/>
      <line num="162" count="0" type="stmt"/>
      <line num="171" count="16" type="stmt"/>
      <line num="172" count="16" type="stmt"/>
      <line num="173" count="16" type="stmt"/>
      <line num="177" count="16" type="cond" truecount="2" falsecount="0"/>
      <line num="178" count="13" type="stmt"/>
      <line num="182" count="3" type="cond" truecount="1" falsecount="1"/>
      <line num="183" count="3" type="stmt"/>
      <line num="187" count="3" type="cond" truecount="1" falsecount="1"/>
      <line num="188" count="3" type="stmt"/>
      <line num="192" count="0" type="stmt"/>
      <line num="206" count="11" type="stmt"/>
      <line num="214" count="1" type="cond" truecount="1" falsecount="0"/>
      <line num="215" count="3" type="stmt"/>
      <line num="216" count="3" type="stmt"/>
      <line num="217" count="3" type="stmt"/>
      <line num="218" count="3" type="stmt"/>
      <line num="219" count="3" type="stmt"/>
      <line num="223" count="3" type="cond" truecount="1" falsecount="1"/>
      <line num="224" count="0" type="stmt"/>
      <line num="226" count="3" type="stmt"/>
      <line num="228" count="3" type="stmt"/>
      <line num="232" count="1" type="stmt"/>
      <line num="233" count="3" type="stmt"/>
      <line num="234" count="3" type="stmt"/>
      <line num="235" count="3" type="stmt"/>
      <line num="236" count="3" type="stmt"/>
      <line num="237" count="3" type="stmt"/>
      <line num="238" count="3" type="stmt"/>
      <line num="239" count="3" type="stmt"/>
      <line num="240" count="3" type="stmt"/>
      <line num="241" count="2" type="cond" truecount="2" falsecount="0"/>
      <line num="242" count="2" type="stmt"/>
      <line num="244" count="1" type="stmt"/>
      <line num="245" count="1" type="stmt"/>
      <line num="247" count="3" type="stmt"/>
      <line num="250" count="2" type="stmt"/>
      <line num="257" count="2" type="stmt"/>
      <line num="260" count="1" type="stmt"/>
      <line num="261" count="3" type="cond" truecount="2" falsecount="0"/>
      <line num="262" count="1" type="stmt"/>
      <line num="265" count="2" type="stmt"/>
      <line num="266" count="2" type="stmt"/>
      <line num="267" count="2" type="stmt"/>
      <line num="268" count="2" type="stmt"/>
      <line num="269" count="2" type="stmt"/>
      <line num="270" count="2" type="stmt"/>
      <line num="271" count="2" type="cond" truecount="2" falsecount="0"/>
      <line num="272" count="1" type="stmt"/>
      <line num="275" count="1" type="stmt"/>
      <line num="276" count="1" type="stmt"/>
      <line num="277" count="1" type="stmt"/>
      <line num="279" count="1" type="stmt"/>
      <line num="280" count="1" type="stmt"/>
      <line num="282" count="1" type="stmt"/>
      <line num="283" count="1" type="stmt"/>
      <line num="284" count="1" type="stmt"/>
      <line num="286" count="1" type="stmt"/>
      <line num="287" count="1" type="stmt"/>
      <line num="289" count="2" type="stmt"/>
      <line num="292" count="1" type="stmt"/>
      <line num="300" count="1" type="stmt"/>
      <line num="307" count="4" type="cond" truecount="2" falsecount="0"/>
      <line num="308" count="1" type="stmt"/>
      <line num="311" count="3" type="stmt"/>
      <line num="312" count="3" type="stmt"/>
      <line num="313" count="3" type="stmt"/>
      <line num="314" count="3" type="stmt"/>
      <line num="315" count="3" type="stmt"/>
      <line num="316" count="3" type="stmt"/>
      <line num="317" count="3" type="stmt"/>
      <line num="318" count="3" type="stmt"/>
      <line num="320" count="3" type="cond" truecount="2" falsecount="0"/>
      <line num="321" count="1" type="stmt"/>
      <line num="324" count="2" type="stmt"/>
      <line num="325" count="2" type="stmt"/>
      <line num="327" count="2" type="stmt"/>
      <line num="332" count="2" type="stmt"/>
      <line num="336" count="2" type="stmt"/>
      <line num="338" count="2" type="cond" truecount="2" falsecount="0"/>
      <line num="339" count="2" type="stmt"/>
      <line num="341" count="1" type="stmt"/>
      <line num="342" count="1" type="stmt"/>
      <line num="344" count="3" type="stmt"/>
      <line num="347" count="2" type="stmt"/>
      <line num="354" count="2" type="stmt"/>
      <line num="357" count="1" type="stmt"/>
      <line num="358" count="5" type="stmt"/>
      <line num="359" count="5" type="stmt"/>
      <line num="360" count="5" type="stmt"/>
      <line num="361" count="5" type="stmt"/>
      <line num="365" count="5" type="stmt"/>
      <line num="367" count="5" type="cond" truecount="4" falsecount="0"/>
      <line num="368" count="1" type="stmt"/>
      <line num="370" count="4" type="cond" truecount="2" falsecount="0"/>
      <line num="371" count="1" type="stmt"/>
      <line num="374" count="3" type="stmt"/>
      <line num="375" count="3" type="stmt"/>
      <line num="376" count="3" type="stmt"/>
      <line num="378" count="3" type="cond" truecount="2" falsecount="0"/>
      <line num="379" count="1" type="stmt"/>
      <line num="382" count="2" type="stmt"/>
      <line num="383" count="2" type="stmt"/>
      <line num="385" count="2" type="stmt"/>
      <line num="386" count="2" type="stmt"/>
      <line num="387" count="2" type="stmt"/>
      <line num="392" count="2" type="stmt"/>
      <line num="393" count="2" type="cond" truecount="2" falsecount="0"/>
      <line num="394" count="2" type="stmt"/>
      <line num="396" count="3" type="stmt"/>
      <line num="397" count="3" type="stmt"/>
      <line num="399" count="5" type="stmt"/>
      <line num="402" count="2" type="stmt"/>
      <line num="410" count="1" type="stmt"/>
      <line num="411" count="3" type="stmt"/>
      <line num="412" count="3" type="stmt"/>
      <line num="413" count="3" type="stmt"/>
      <line num="414" count="3" type="stmt"/>
      <line num="418" count="3" type="stmt"/>
      <line num="420" count="3" type="cond" truecount="4" falsecount="0"/>
      <line num="421" count="1" type="stmt"/>
      <line num="423" count="2" type="cond" truecount="2" falsecount="0"/>
      <line num="424" count="1" type="stmt"/>
      <line num="427" count="1" type="stmt"/>
      <line num="428" count="1" type="stmt"/>
      <line num="429" count="1" type="stmt"/>
      <line num="430" count="1" type="stmt"/>
      <line num="432" count="1" type="stmt"/>
      <line num="436" count="1" type="stmt"/>
      <line num="440" count="1" type="stmt"/>
      <line num="441" count="1" type="stmt"/>
      <line num="443" count="2" type="stmt"/>
      <line num="444" count="2" type="stmt"/>
      <line num="446" count="3" type="stmt"/>
      <line num="449" count="1" type="stmt"/>
      <line num="457" count="1" type="cond" truecount="1" falsecount="0"/>
      <line num="458" count="1" type="stmt"/>
      <line num="459" count="1" type="stmt"/>
      <line num="460" count="1" type="stmt"/>
      <line num="461" count="1" type="stmt"/>
      <line num="462" count="1" type="cond" truecount="1" falsecount="1"/>
      <line num="479" count="1" type="stmt"/>
      <line num="481" count="1" type="stmt"/>
      <line num="485" count="1" type="cond" truecount="2" falsecount="0"/>
      <line num="486" count="2" type="stmt"/>
      <line num="487" count="2" type="stmt"/>
      <line num="488" count="2" type="stmt"/>
      <line num="489" count="2" type="stmt"/>
      <line num="490" count="2" type="stmt"/>
      <line num="498" count="2" type="stmt"/>
      <line num="500" count="2" type="stmt"/>
      <line num="504" count="1" type="cond" truecount="1" falsecount="0"/>
      <line num="505" count="1" type="stmt"/>
      <line num="506" count="1" type="stmt"/>
      <line num="507" count="1" type="stmt"/>
      <line num="508" count="1" type="stmt"/>
      <line num="509" count="1" type="cond" truecount="1" falsecount="1"/>
      <line num="512" count="1" type="cond" truecount="1" falsecount="1"/>
      <line num="515" count="1" type="cond" truecount="1" falsecount="1"/>
      <line num="518" count="1" type="cond" truecount="1" falsecount="1"/>
      <line num="521" count="1" type="cond" truecount="1" falsecount="1"/>
      <line num="525" count="1" type="stmt"/>
      <line num="533" count="1" type="stmt"/>
      <line num="537" count="1" type="cond" truecount="2" falsecount="0"/>
      <line num="538" count="2" type="stmt"/>
      <line num="539" count="2" type="stmt"/>
      <line num="540" count="2" type="stmt"/>
      <line num="541" count="2" type="stmt"/>
      <line num="542" count="2" type="cond" truecount="1" falsecount="1"/>
      <line num="558" count="2" type="stmt"/>
      <line num="560" count="2" type="stmt"/>
      <line num="564" count="1" type="cond" truecount="3" falsecount="0"/>
      <line num="565" count="3" type="stmt"/>
      <line num="566" count="3" type="stmt"/>
      <line num="567" count="3" type="stmt"/>
      <line num="568" count="3" type="stmt"/>
      <line num="569" count="3" type="cond" truecount="1" falsecount="1"/>
      <line num="588" count="3" type="stmt"/>
      <line num="590" count="3" type="stmt"/>
      <line num="594" count="1" type="cond" truecount="3" falsecount="0"/>
      <line num="595" count="3" type="stmt"/>
      <line num="596" count="3" type="stmt"/>
      <line num="597" count="3" type="cond" truecount="2" falsecount="0"/>
      <line num="598" count="3" type="stmt"/>
      <line num="599" count="3" type="stmt"/>
      <line num="600" count="3" type="cond" truecount="2" falsecount="0"/>
      <line num="625" count="3" type="stmt"/>
      <line num="627" count="3" type="stmt"/>
      <line num="631" count="1" type="stmt"/>
      <line num="632" count="0" type="stmt"/>
      <line num="633" count="0" type="stmt"/>
      <line num="634" count="0" type="stmt"/>
      <line num="635" count="0" type="stmt"/>
      <line num="639" count="0" type="stmt"/>
      <line num="641" count="0" type="stmt"/>
      <line num="645" count="1" type="stmt"/>
      <line num="646" count="0" type="stmt"/>
      <line num="647" count="0" type="stmt"/>
      <line num="648" count="0" type="stmt"/>
      <line num="649" count="0" type="stmt"/>
      <line num="653" count="0" type="stmt"/>
      <line num="655" count="0" type="stmt"/>
      <line num="659" count="1" type="cond" truecount="0" falsecount="1"/>
      <line num="660" count="0" type="stmt"/>
      <line num="661" count="0" type="stmt"/>
      <line num="662" count="0" type="stmt"/>
      <line num="663" count="0" type="stmt"/>
      <line num="671" count="0" type="stmt"/>
      <line num="673" count="0" type="stmt"/>
      <line num="677" count="1" type="stmt"/>
      <line num="678" count="0" type="stmt"/>
      <line num="679" count="0" type="stmt"/>
      <line num="680" count="0" type="stmt"/>
      <line num="681" count="0" type="stmt"/>
      <line num="690" count="0" type="cond" truecount="0" falsecount="2"/>
      <line num="691" count="0" type="cond" truecount="0" falsecount="2"/>
      <line num="694" count="0" type="cond" truecount="0" falsecount="2"/>
      <line num="695" count="0" type="stmt"/>
      <line num="698" count="0" type="stmt"/>
      <line num="700" count="0" type="stmt"/>
    </file>
    <file name="db.ts" path="/home/cyber44/chase-the-bag-platform/src/db.ts">
      <metrics statements="8" coveredstatements="8" conditionals="6" coveredconditionals="6" methods="4" coveredmethods="4"/>
      <line num="2" count="1" type="stmt"/>
      <line num="5" count="28" type="cond" truecount="2" falsecount="0"/>
      <line num="8" count="1" type="stmt"/>
      <line num="9" count="4" type="stmt"/>
      <line num="10" count="12" type="stmt"/>
      <line num="12" count="4" type="cond" truecount="2" falsecount="0"/>
      <line num="13" count="3" type="stmt"/>
      <line num="16" count="3" type="stmt"/>
    </file>
    <file name="export-data.ts" path="/home/cyber44/chase-the-bag-platform/src/export-data.ts">
      <metrics statements="14" coveredstatements="14" conditionals="1" coveredconditionals="1" methods="1" coveredmethods="1"/>
      <line num="2" count="2" type="stmt"/>
      <line num="3" count="2" type="stmt"/>
      <line num="5" count="2" type="stmt"/>
      <line num="7" count="2" type="cond" truecount="1" falsecount="0"/>
      <line num="8" count="2" type="stmt"/>
      <line num="9" count="2" type="stmt"/>
      <line num="10" count="2" type="stmt"/>
      <line num="11" count="2" type="stmt"/>
      <line num="12" count="2" type="stmt"/>
      <line num="14" count="2" type="stmt"/>
      <line num="15" count="8" type="stmt"/>
      <line num="16" count="8" type="stmt"/>
      <line num="19" count="2" type="stmt"/>
      <line num="20" count="2" type="stmt"/>
    </file>
    <file name="games.ts" path="/home/cyber44/chase-the-bag-platform/src/games.ts">
      <metrics statements="71" coveredstatements="71" conditionals="31" coveredconditionals="31" methods="7" coveredmethods="7"/>
      <line num="3" count="1" type="stmt"/>
      <line num="4" count="1" type="stmt"/>
      <line num="5" count="1" type="stmt"/>
      <line num="6" count="1" type="stmt"/>
      <line num="9" count="705" type="stmt"/>
      <line num="13" count="87" type="stmt"/>
      <line num="17" count="87" type="stmt"/>
      <line num="18" count="87" type="stmt"/>
      <line num="20" count="87" type="stmt"/>
      <line num="21" count="268" type="cond" truecount="2" falsecount="0"/>
      <line num="22" count="23" type="stmt"/>
      <line num="23" count="23" type="stmt"/>
      <line num="24" count="245" type="cond" truecount="2" falsecount="0"/>
      <line num="25" count="40" type="stmt"/>
      <line num="27" count="205" type="stmt"/>
      <line num="31" count="87" type="cond" truecount="2" falsecount="0"/>
      <line num="32" count="15" type="stmt"/>
      <line num="33" count="15" type="stmt"/>
      <line num="36" count="87" type="stmt"/>
      <line num="40" count="9" type="stmt"/>
      <line num="43" count="9" type="stmt"/>
      <line num="44" count="81" type="cond" truecount="2" falsecount="0"/>
      <line num="45" count="9" type="cond" truecount="2" falsecount="0"/>
      <line num="46" count="9" type="stmt"/>
      <line num="49" count="72" type="stmt"/>
      <line num="52" count="9" type="stmt"/>
      <line num="55" count="1" type="cond" truecount="1" falsecount="0"/>
      <line num="56" count="14" type="stmt"/>
      <line num="57" count="14" type="stmt"/>
      <line num="59" count="14" type="stmt"/>
      <line num="60" count="11" type="stmt"/>
      <line num="63" count="14" type="stmt"/>
      <line num="64" count="20" type="stmt"/>
      <line num="67" count="14" type="stmt"/>
      <line num="68" count="14" type="stmt"/>
      <line num="70" count="14" type="stmt"/>
      <line num="71" count="14" type="cond" truecount="2" falsecount="0"/>
      <line num="72" count="2" type="stmt"/>
      <line num="73" count="12" type="cond" truecount="4" falsecount="0"/>
      <line num="74" count="7" type="stmt"/>
      <line num="75" count="5" type="cond" truecount="2" falsecount="0"/>
      <line num="76" count="2" type="stmt"/>
      <line num="79" count="14" type="stmt"/>
      <line num="82" count="1" type="cond" truecount="1" falsecount="0"/>
      <line num="83" count="6" type="stmt"/>
      <line num="84" count="6" type="stmt"/>
      <line num="86" count="6" type="stmt"/>
      <line num="87" count="36" type="cond" truecount="2" falsecount="0"/>
      <line num="88" count="36" type="stmt"/>
      <line num="89" count="36" type="cond" truecount="2" falsecount="0"/>
      <line num="90" count="7" type="stmt"/>
      <line num="92" count="29" type="stmt"/>
      <line num="96" count="6" type="stmt"/>
      <line num="97" count="6" type="stmt"/>
      <line num="99" count="6" type="stmt"/>
      <line num="102" count="1" type="cond" truecount="1" falsecount="0"/>
      <line num="103" count="9" type="stmt"/>
      <line num="104" count="9" type="stmt"/>
      <line num="105" count="9" type="cond" truecount="2" falsecount="0"/>
      <line num="106" count="609" type="stmt"/>
      <line num="107" count="609" type="stmt"/>
      <line num="110" count="9" type="stmt"/>
      <line num="111" count="16" type="stmt"/>
      <line num="114" count="9" type="stmt"/>
      <line num="115" count="9" type="stmt"/>
      <line num="116" count="9" type="stmt"/>
      <line num="118" count="9" type="cond" truecount="2" falsecount="0"/>
      <line num="119" count="9" type="stmt"/>
      <line num="121" count="9" type="cond" truecount="2" falsecount="0"/>
      <line num="122" count="6" type="stmt"/>
      <line num="125" count="3" type="stmt"/>
    </file>
    <file name="personalize.ts" path="/home/cyber44/chase-the-bag-platform/src/personalize.ts">
      <metrics statements="10" coveredstatements="10" conditionals="6" coveredconditionals="6" methods="1" coveredmethods="1"/>
      <line num="2" count="1" type="stmt"/>
      <line num="4" count="1" type="stmt"/>
      <line num="5" count="4" type="stmt"/>
      <line num="6" count="4" type="cond" truecount="2" falsecount="0"/>
      <line num="7" count="1" type="stmt"/>
      <line num="8" count="3" type="cond" truecount="2" falsecount="0"/>
      <line num="9" count="1" type="stmt"/>
      <line num="10" count="2" type="cond" truecount="2" falsecount="0"/>
      <line num="11" count="1" type="stmt"/>
      <line num="13" count="1" type="stmt"/>
    </file>
    <file name="rag.ts" path="/home/cyber44/chase-the-bag-platform/src/rag.ts">
      <metrics statements="125" coveredstatements="125" conditionals="58" coveredconditionals="58" methods="22" coveredmethods="22"/>
      <line num="1" count="3" type="stmt"/>
      <line num="2" count="3" type="stmt"/>
      <line num="32" count="3" type="stmt"/>
      <line num="33" count="3" type="stmt"/>
      <line num="34" count="3" type="stmt"/>
      <line num="35" count="3" type="stmt"/>
      <line num="36" count="3" type="stmt"/>
      <line num="37" count="3" type="stmt"/>
      <line num="38" count="3" type="stmt"/>
      <line num="40" count="3" type="stmt"/>
      <line num="43" count="92" type="stmt"/>
      <line num="52" count="92" type="stmt"/>
      <line num="53" count="92" type="cond" truecount="2" falsecount="0"/>
      <line num="55" count="91" type="stmt"/>
      <line num="60" count="91" type="stmt"/>
      <line num="62" count="1248" type="cond" truecount="2" falsecount="0"/>
      <line num="66" count="92" type="stmt"/>
      <line num="67" count="92" type="stmt"/>
      <line num="69" count="92" type="stmt"/>
      <line num="70" count="1126" type="cond" truecount="2" falsecount="0"/>
      <line num="73" count="92" type="stmt"/>
      <line num="77" count="47" type="stmt"/>
      <line num="78" count="47" type="stmt"/>
      <line num="79" count="123" type="cond" truecount="2" falsecount="0"/>
      <line num="80" count="123" type="cond" truecount="2" falsecount="0"/>
      <line num="82" count="47" type="stmt"/>
      <line num="86" count="88" type="stmt"/>
      <line num="87" count="88" type="stmt"/>
      <line num="88" count="528" type="stmt"/>
      <line num="90" count="88" type="stmt"/>
      <line num="94" count="88" type="stmt"/>
      <line num="95" count="88" type="stmt"/>
      <line num="96" count="539" type="cond" truecount="2" falsecount="0"/>
      <line num="97" count="539" type="cond" truecount="2" falsecount="0"/>
      <line num="99" count="88" type="stmt"/>
      <line num="103" count="75" type="stmt"/>
      <line num="104" count="75" type="cond" truecount="2" falsecount="0"/>
      <line num="106" count="74" type="stmt"/>
      <line num="107" count="74" type="stmt"/>
      <line num="108" count="74" type="stmt"/>
      <line num="109" count="79" type="stmt"/>
      <line num="110" count="79" type="stmt"/>
      <line num="111" count="79" type="cond" truecount="2" falsecount="0"/>
      <line num="112" count="79" type="cond" truecount="2" falsecount="0"/>
      <line num="113" count="5" type="stmt"/>
      <line num="116" count="74" type="stmt"/>
      <line num="120" count="93" type="stmt"/>
      <line num="121" count="93" type="stmt"/>
      <line num="122" count="93" type="cond" truecount="4" falsecount="0"/>
      <line num="123" count="76" type="stmt"/>
      <line num="125" count="1" type="stmt"/>
      <line num="130" count="18" type="stmt"/>
      <line num="133" count="92" type="stmt"/>
      <line num="134" count="92" type="stmt"/>
      <line num="135" count="92" type="stmt"/>
      <line num="137" count="1" type="stmt"/>
      <line num="140" count="91" type="stmt"/>
      <line num="141" count="81" type="stmt"/>
      <line num="142" count="81" type="cond" truecount="2" falsecount="0"/>
      <line num="143" count="3" type="cond" truecount="2" falsecount="0"/>
      <line num="144" count="2" type="stmt"/>
      <line num="146" count="3" type="stmt"/>
      <line num="149" count="78" type="cond" truecount="2" falsecount="0"/>
      <line num="150" count="77" type="stmt"/>
      <line num="151" count="77" type="cond" truecount="2" falsecount="0"/>
      <line num="152" count="76" type="stmt"/>
      <line num="156" count="18" type="stmt"/>
      <line num="157" count="90" type="stmt"/>
      <line num="160" count="18" type="stmt"/>
      <line num="161" count="36" type="stmt"/>
      <line num="162" count="36" type="stmt"/>
      <line num="163" count="36" type="stmt"/>
      <line num="164" count="18" type="cond" truecount="2" falsecount="0"/>
      <line num="170" count="18" type="stmt"/>
      <line num="174" count="18" type="stmt"/>
      <line num="176" count="18" type="stmt"/>
      <line num="177" count="74" type="stmt"/>
      <line num="178" count="504" type="cond" truecount="2" falsecount="0"/>
      <line num="182" count="18" type="stmt"/>
      <line num="183" count="18" type="stmt"/>
      <line num="184" count="448" type="stmt"/>
      <line num="185" count="448" type="stmt"/>
      <line num="188" count="18" type="stmt"/>
      <line num="192" count="18" type="stmt"/>
      <line num="193" count="18" type="stmt"/>
      <line num="195" count="18" type="stmt"/>
      <line num="196" count="93" type="stmt"/>
      <line num="197" count="93" type="cond" truecount="2" falsecount="0"/>
      <line num="199" count="75" type="stmt"/>
      <line num="200" count="75" type="stmt"/>
      <line num="201" count="78" type="stmt"/>
      <line num="202" count="78" type="stmt"/>
      <line num="203" count="78" type="cond" truecount="2" falsecount="0"/>
      <line num="204" count="74" type="stmt"/>
      <line num="213" count="74" type="cond" truecount="2" falsecount="0"/>
      <line num="215" count="18" type="stmt"/>
      <line num="216" count="74" type="stmt"/>
      <line num="217" count="74" type="stmt"/>
      <line num="226" count="18" type="stmt"/>
      <line num="238" count="3" type="cond" truecount="2" falsecount="0"/>
      <line num="239" count="19" type="cond" truecount="4" falsecount="0"/>
      <line num="240" count="17" type="stmt"/>
      <line num="242" count="19" type="stmt"/>
      <line num="245" count="3" type="cond" truecount="2" falsecount="0"/>
      <line num="246" count="14" type="cond" truecount="2" falsecount="0"/>
      <line num="247" count="1" type="stmt"/>
      <line num="250" count="14" type="stmt"/>
      <line num="251" count="14" type="stmt"/>
      <line num="252" count="14" type="stmt"/>
      <line num="254" count="14" type="cond" truecount="2" falsecount="0"/>
      <line num="255" count="5" type="stmt"/>
      <line num="258" count="9" type="stmt"/>
      <line num="260" count="47" type="stmt"/>
      <line num="261" count="47" type="stmt"/>
      <line num="262" count="47" type="stmt"/>
      <line num="269" count="47" type="stmt"/>
      <line num="270" count="25" type="stmt"/>
      <line num="273" count="9" type="stmt"/>
      <line num="279" count="3" type="cond" truecount="2" falsecount="0"/>
      <line num="284" count="3" type="stmt"/>
      <line num="285" count="3" type="cond" truecount="2" falsecount="0"/>
      <line num="286" count="1" type="stmt"/>
      <line num="293" count="2" type="stmt"/>
      <line num="296" count="6" type="stmt"/>
      <line num="299" count="2" type="stmt"/>
    </file>
    <file name="referral.ts" path="/home/cyber44/chase-the-bag-platform/src/referral.ts">
      <metrics statements="10" coveredstatements="10" conditionals="1" coveredconditionals="1" methods="2" coveredmethods="2"/>
      <line num="2" count="1" type="stmt"/>
      <line num="4" count="1" type="cond" truecount="1" falsecount="0"/>
      <line num="5" count="2" type="stmt"/>
      <line num="7" count="2" type="stmt"/>
      <line num="15" count="2" type="stmt"/>
      <line num="18" count="1" type="stmt"/>
      <line num="19" count="1" type="stmt"/>
      <line num="20" count="1" type="stmt"/>
      <line num="24" count="1" type="stmt"/>
      <line num="25" count="1" type="stmt"/>
    </file>
    <file name="virtual-board.ts" path="/home/cyber44/chase-the-bag-platform/src/virtual-board.ts">
      <metrics statements="8" coveredstatements="8" conditionals="4" coveredconditionals="4" methods="1" coveredmethods="1"/>
      <line num="2" count="1" type="stmt"/>
      <line num="3" count="1" type="stmt"/>
      <line num="6" count="1" type="stmt"/>
      <line num="7" count="3" type="stmt"/>
      <line num="8" count="3" type="stmt"/>
      <line num="9" count="3" type="cond" truecount="4" falsecount="0"/>
      <line num="10" count="1" type="stmt"/>
      <line num="12" count="3" type="stmt"/>
    </file>
  </project>
</coverage>
