{"/home/cyber44/chase-the-bag-platform/.stryker-tmp/sandbox-L4dlWf/src/backend/db/index.ts": {"path":"/home/cyber44/chase-the-bag-platform/.stryker-tmp/sandbox-L4dlWf/src/backend/db/index.ts","statementMap":{"0":{"start":{"line":18,"column":0},"end":{"line":18,"column":16}},"1":{"start":{"line":44,"column":0},"end":{"line":44,"column":16}},"2":{"start":{"line":52,"column":0},"end":{"line":52,"column":16}},"3":{"start":{"line":59,"column":0},"end":{"line":59,"column":7}},"4":{"start":{"line":2,"column":0},"end":{"line":2,"column":45}},"5":{"start":{"line":3,"column":0},"end":{"line":3,"column":23}},"6":{"start":{"line":19,"column":14},"end":{"line":19,"column":25}},"7":{"start":{"line":20,"column":15},"end":{"line":20,"column":54}},"8":{"start":{"line":21,"column":15},"end":{"line":21,"column":54}},"9":{"start":{"line":22,"column":19},"end":{"line":22,"column":58}},"10":{"start":{"line":23,"column":19},"end":{"line":23,"column":58}},"11":{"start":{"line":24,"column":13},"end":{"line":24,"column":68}},"12":{"start":{"line":25,"column":2},"end":{"line":25,"column":31}},"13":{"start":{"line":25,"column":19},"end":{"line":25,"column":31}},"14":{"start":{"line":26,"column":2},"end":{"line":28,"column":3}},"15":{"start":{"line":27,"column":4},"end":{"line":27,"column":96}},"16":{"start":{"line":29,"column":2},"end":{"line":40,"column":4}},"17":{"start":{"line":43,"column":24},"end":{"line":43,"column":28}},"18":{"start":{"line":45,"column":2},"end":{"line":47,"column":3}},"19":{"start":{"line":46,"column":4},"end":{"line":46,"column":43}},"20":{"start":{"line":48,"column":2},"end":{"line":48,"column":14}},"21":{"start":{"line":53,"column":2},"end":{"line":53,"column":14}},"22":{"start":{"line":60,"column":14},"end":{"line":60,"column":25}},"23":{"start":{"line":61,"column":13},"end":{"line":61,"column":68}},"24":{"start":{"line":62,"column":2},"end":{"line":62,"column":31}},"25":{"start":{"line":62,"column":19},"end":{"line":62,"column":31}},"26":{"start":{"line":63,"column":15},"end":{"line":63,"column":54}},"27":{"start":{"line":64,"column":15},"end":{"line":64,"column":54}},"28":{"start":{"line":65,"column":19},"end":{"line":65,"column":58}},"29":{"start":{"line":66,"column":19},"end":{"line":66,"column":58}},"30":{"start":{"line":67,"column":2},"end":{"line":69,"column":3}},"31":{"start":{"line":68,"column":4},"end":{"line":68,"column":128}},"32":{"start":{"line":70,"column":2},"end":{"line":78,"column":5}}},"fnMap":{"0":{"name":"getDbConfig","decl":{"start":{"line":18,"column":16},"end":{"line":18,"column":27}},"loc":{"start":{"line":18,"column":27},"end":{"line":41,"column":1}}},"1":{"name":"getDbPool","decl":{"start":{"line":44,"column":16},"end":{"line":44,"column":25}},"loc":{"start":{"line":44,"column":25},"end":{"line":49,"column":1}}},"2":{"name":"__resetPoolForTest","decl":{"start":{"line":52,"column":16},"end":{"line":52,"column":34}},"loc":{"start":{"line":52,"column":34},"end":{"line":54,"column":1}}},"3":{"name":"getDbConnection","decl":{"start":{"line":59,"column":22},"end":{"line":59,"column":37}},"loc":{"start":{"line":59,"column":37},"end":{"line":79,"column":1}}}},"branchMap":{"0":{"loc":{"start":{"line":20,"column":15},"end":{"line":20,"column":54}},"type":"binary-expr","locations":[{"start":{"line":20,"column":15},"end":{"line":20,"column":39}},{"start":{"line":20,"column":43},"end":{"line":20,"column":54}}]},"1":{"loc":{"start":{"line":21,"column":15},"end":{"line":21,"column":54}},"type":"binary-expr","locations":[{"start":{"line":21,"column":15},"end":{"line":21,"column":39}},{"start":{"line":21,"column":43},"end":{"line":21,"column":54}}]},"2":{"loc":{"start":{"line":22,"column":19},"end":{"line":22,"column":58}},"type":"binary-expr","locations":[{"start":{"line":22,"column":19},"end":{"line":22,"column":43}},{"start":{"line":22,"column":47},"end":{"line":22,"column":58}}]},"3":{"loc":{"start":{"line":23,"column":19},"end":{"line":23,"column":58}},"type":"binary-expr","locations":[{"start":{"line":23,"column":19},"end":{"line":23,"column":43}},{"start":{"line":23,"column":47},"end":{"line":23,"column":58}}]},"4":{"loc":{"start":{"line":24,"column":20},"end":{"line":24,"column":67}},"type":"binary-expr","locations":[{"start":{"line":24,"column":20},"end":{"line":24,"column":44}},{"start":{"line":24,"column":48},"end":{"line":24,"column":59}},{"start":{"line":24,"column":63},"end":{"line":24,"column":67}}]},"5":{"loc":{"start":{"line":25,"column":2},"end":{"line":25,"column":31}},"type":"if","locations":[{"start":{"line":25,"column":2},"end":{"line":25,"column":31}},{"start":{},"end":{}}]},"6":{"loc":{"start":{"line":26,"column":2},"end":{"line":28,"column":3}},"type":"if","locations":[{"start":{"line":26,"column":2},"end":{"line":28,"column":3}},{"start":{},"end":{}}]},"7":{"loc":{"start":{"line":26,"column":6},"end":{"line":26,"column":33}},"type":"binary-expr","locations":[{"start":{"line":26,"column":6},"end":{"line":26,"column":11}},{"start":{"line":26,"column":15},"end":{"line":26,"column":20}},{"start":{"line":26,"column":24},"end":{"line":26,"column":33}}]},"8":{"loc":{"start":{"line":32,"column":14},"end":{"line":32,"column":88}},"type":"cond-expr","locations":[{"start":{"line":32,"column":68},"end":{"line":32,"column":76}},{"start":{"line":32,"column":79},"end":{"line":32,"column":88}}]},"9":{"loc":{"start":{"line":32,"column":14},"end":{"line":32,"column":65}},"type":"binary-expr","locations":[{"start":{"line":32,"column":14},"end":{"line":32,"column":42}},{"start":{"line":32,"column":46},"end":{"line":32,"column":65}}]},"10":{"loc":{"start":{"line":45,"column":2},"end":{"line":47,"column":3}},"type":"if","locations":[{"start":{"line":45,"column":2},"end":{"line":47,"column":3}},{"start":{},"end":{}}]},"11":{"loc":{"start":{"line":61,"column":20},"end":{"line":61,"column":67}},"type":"binary-expr","locations":[{"start":{"line":61,"column":20},"end":{"line":61,"column":44}},{"start":{"line":61,"column":48},"end":{"line":61,"column":59}},{"start":{"line":61,"column":63},"end":{"line":61,"column":67}}]},"12":{"loc":{"start":{"line":62,"column":2},"end":{"line":62,"column":31}},"type":"if","locations":[{"start":{"line":62,"column":2},"end":{"line":62,"column":31}},{"start":{},"end":{}}]},"13":{"loc":{"start":{"line":63,"column":15},"end":{"line":63,"column":54}},"type":"binary-expr","locations":[{"start":{"line":63,"column":15},"end":{"line":63,"column":39}},{"start":{"line":63,"column":43},"end":{"line":63,"column":54}}]},"14":{"loc":{"start":{"line":64,"column":15},"end":{"line":64,"column":54}},"type":"binary-expr","locations":[{"start":{"line":64,"column":15},"end":{"line":64,"column":39}},{"start":{"line":64,"column":43},"end":{"line":64,"column":54}}]},"15":{"loc":{"start":{"line":65,"column":19},"end":{"line":65,"column":58}},"type":"binary-expr","locations":[{"start":{"line":65,"column":19},"end":{"line":65,"column":43}},{"start":{"line":65,"column":47},"end":{"line":65,"column":58}}]},"16":{"loc":{"start":{"line":66,"column":19},"end":{"line":66,"column":58}},"type":"binary-expr","locations":[{"start":{"line":66,"column":19},"end":{"line":66,"column":43}},{"start":{"line":66,"column":47},"end":{"line":66,"column":58}}]},"17":{"loc":{"start":{"line":67,"column":2},"end":{"line":69,"column":3}},"type":"if","locations":[{"start":{"line":67,"column":2},"end":{"line":69,"column":3}},{"start":{},"end":{}}]},"18":{"loc":{"start":{"line":67,"column":6},"end":{"line":67,"column":33}},"type":"binary-expr","locations":[{"start":{"line":67,"column":6},"end":{"line":67,"column":11}},{"start":{"line":67,"column":15},"end":{"line":67,"column":20}},{"start":{"line":67,"column":24},"end":{"line":67,"column":33}}]},"19":{"loc":{"start":{"line":74,"column":14},"end":{"line":74,"column":88}},"type":"cond-expr","locations":[{"start":{"line":74,"column":68},"end":{"line":74,"column":76}},{"start":{"line":74,"column":79},"end":{"line":74,"column":88}}]},"20":{"loc":{"start":{"line":74,"column":14},"end":{"line":74,"column":65}},"type":"binary-expr","locations":[{"start":{"line":74,"column":14},"end":{"line":74,"column":42}},{"start":{"line":74,"column":46},"end":{"line":74,"column":65}}]}},"s":{"0":7,"1":7,"2":7,"3":7,"4":7,"5":7,"6":7,"7":7,"8":7,"9":7,"10":7,"11":7,"12":7,"13":1,"14":7,"15":1,"16":6,"17":7,"18":6,"19":6,"20":6,"21":7,"22":0,"23":0,"24":0,"25":0,"26":0,"27":0,"28":0,"29":0,"30":0,"31":0,"32":0},"f":{"0":7,"1":6,"2":7,"3":0},"b":{"0":[7,2],"1":[7,2],"2":[7,3],"3":[7,2],"4":[7,0,0],"5":[1,6],"6":[1,6],"7":[7,6,6],"8":[5,1],"9":[6,5],"10":[6,0],"11":[0,0,0],"12":[0,0],"13":[0,0],"14":[0,0],"15":[0,0],"16":[0,0],"17":[0,0],"18":[0,0,0],"19":[0,0],"20":[0,0]}}
,"/home/cyber44/chase-the-bag-platform/src/backend/db/index.ts": {"path":"/home/cyber44/chase-the-bag-platform/src/backend/db/index.ts","statementMap":{"0":{"start":{"line":17,"column":0},"end":{"line":17,"column":16}},"1":{"start":{"line":43,"column":0},"end":{"line":43,"column":16}},"2":{"start":{"line":51,"column":0},"end":{"line":51,"column":16}},"3":{"start":{"line":58,"column":0},"end":{"line":58,"column":7}},"4":{"start":{"line":1,"column":0},"end":{"line":1,"column":45}},"5":{"start":{"line":2,"column":0},"end":{"line":2,"column":23}},"6":{"start":{"line":18,"column":14},"end":{"line":18,"column":25}},"7":{"start":{"line":19,"column":15},"end":{"line":19,"column":54}},"8":{"start":{"line":20,"column":15},"end":{"line":20,"column":54}},"9":{"start":{"line":21,"column":19},"end":{"line":21,"column":58}},"10":{"start":{"line":22,"column":19},"end":{"line":22,"column":58}},"11":{"start":{"line":23,"column":13},"end":{"line":23,"column":68}},"12":{"start":{"line":24,"column":2},"end":{"line":24,"column":31}},"13":{"start":{"line":24,"column":19},"end":{"line":24,"column":31}},"14":{"start":{"line":25,"column":2},"end":{"line":27,"column":3}},"15":{"start":{"line":26,"column":4},"end":{"line":26,"column":96}},"16":{"start":{"line":28,"column":2},"end":{"line":39,"column":4}},"17":{"start":{"line":42,"column":24},"end":{"line":42,"column":28}},"18":{"start":{"line":44,"column":2},"end":{"line":46,"column":3}},"19":{"start":{"line":45,"column":4},"end":{"line":45,"column":43}},"20":{"start":{"line":47,"column":2},"end":{"line":47,"column":14}},"21":{"start":{"line":52,"column":2},"end":{"line":52,"column":14}},"22":{"start":{"line":59,"column":14},"end":{"line":59,"column":25}},"23":{"start":{"line":60,"column":13},"end":{"line":60,"column":68}},"24":{"start":{"line":61,"column":2},"end":{"line":61,"column":31}},"25":{"start":{"line":61,"column":19},"end":{"line":61,"column":31}},"26":{"start":{"line":62,"column":15},"end":{"line":62,"column":54}},"27":{"start":{"line":63,"column":15},"end":{"line":63,"column":54}},"28":{"start":{"line":64,"column":19},"end":{"line":64,"column":58}},"29":{"start":{"line":65,"column":19},"end":{"line":65,"column":58}},"30":{"start":{"line":66,"column":2},"end":{"line":68,"column":3}},"31":{"start":{"line":67,"column":4},"end":{"line":67,"column":128}},"32":{"start":{"line":69,"column":2},"end":{"line":77,"column":5}}},"fnMap":{"0":{"name":"getDbConfig","decl":{"start":{"line":17,"column":16},"end":{"line":17,"column":27}},"loc":{"start":{"line":17,"column":27},"end":{"line":40,"column":1}}},"1":{"name":"getDbPool","decl":{"start":{"line":43,"column":16},"end":{"line":43,"column":25}},"loc":{"start":{"line":43,"column":25},"end":{"line":48,"column":1}}},"2":{"name":"__resetPoolForTest","decl":{"start":{"line":51,"column":16},"end":{"line":51,"column":34}},"loc":{"start":{"line":51,"column":34},"end":{"line":53,"column":1}}},"3":{"name":"getDbConnection","decl":{"start":{"line":58,"column":22},"end":{"line":58,"column":37}},"loc":{"start":{"line":58,"column":37},"end":{"line":78,"column":1}}}},"branchMap":{"0":{"loc":{"start":{"line":19,"column":15},"end":{"line":19,"column":54}},"type":"binary-expr","locations":[{"start":{"line":19,"column":15},"end":{"line":19,"column":39}},{"start":{"line":19,"column":43},"end":{"line":19,"column":54}}]},"1":{"loc":{"start":{"line":20,"column":15},"end":{"line":20,"column":54}},"type":"binary-expr","locations":[{"start":{"line":20,"column":15},"end":{"line":20,"column":39}},{"start":{"line":20,"column":43},"end":{"line":20,"column":54}}]},"2":{"loc":{"start":{"line":21,"column":19},"end":{"line":21,"column":58}},"type":"binary-expr","locations":[{"start":{"line":21,"column":19},"end":{"line":21,"column":43}},{"start":{"line":21,"column":47},"end":{"line":21,"column":58}}]},"3":{"loc":{"start":{"line":22,"column":19},"end":{"line":22,"column":58}},"type":"binary-expr","locations":[{"start":{"line":22,"column":19},"end":{"line":22,"column":43}},{"start":{"line":22,"column":47},"end":{"line":22,"column":58}}]},"4":{"loc":{"start":{"line":23,"column":20},"end":{"line":23,"column":67}},"type":"binary-expr","locations":[{"start":{"line":23,"column":20},"end":{"line":23,"column":44}},{"start":{"line":23,"column":48},"end":{"line":23,"column":59}},{"start":{"line":23,"column":63},"end":{"line":23,"column":67}}]},"5":{"loc":{"start":{"line":24,"column":2},"end":{"line":24,"column":31}},"type":"if","locations":[{"start":{"line":24,"column":2},"end":{"line":24,"column":31}},{"start":{},"end":{}}]},"6":{"loc":{"start":{"line":25,"column":2},"end":{"line":27,"column":3}},"type":"if","locations":[{"start":{"line":25,"column":2},"end":{"line":27,"column":3}},{"start":{},"end":{}}]},"7":{"loc":{"start":{"line":25,"column":6},"end":{"line":25,"column":33}},"type":"binary-expr","locations":[{"start":{"line":25,"column":6},"end":{"line":25,"column":11}},{"start":{"line":25,"column":15},"end":{"line":25,"column":20}},{"start":{"line":25,"column":24},"end":{"line":25,"column":33}}]},"8":{"loc":{"start":{"line":31,"column":14},"end":{"line":31,"column":90}},"type":"cond-expr","locations":[{"start":{"line":31,"column":70},"end":{"line":31,"column":78}},{"start":{"line":31,"column":81},"end":{"line":31,"column":90}}]},"9":{"loc":{"start":{"line":31,"column":15},"end":{"line":31,"column":66}},"type":"binary-expr","locations":[{"start":{"line":31,"column":15},"end":{"line":31,"column":43}},{"start":{"line":31,"column":47},"end":{"line":31,"column":66}}]},"10":{"loc":{"start":{"line":44,"column":2},"end":{"line":46,"column":3}},"type":"if","locations":[{"start":{"line":44,"column":2},"end":{"line":46,"column":3}},{"start":{},"end":{}}]},"11":{"loc":{"start":{"line":60,"column":20},"end":{"line":60,"column":67}},"type":"binary-expr","locations":[{"start":{"line":60,"column":20},"end":{"line":60,"column":44}},{"start":{"line":60,"column":48},"end":{"line":60,"column":59}},{"start":{"line":60,"column":63},"end":{"line":60,"column":67}}]},"12":{"loc":{"start":{"line":61,"column":2},"end":{"line":61,"column":31}},"type":"if","locations":[{"start":{"line":61,"column":2},"end":{"line":61,"column":31}},{"start":{},"end":{}}]},"13":{"loc":{"start":{"line":62,"column":15},"end":{"line":62,"column":54}},"type":"binary-expr","locations":[{"start":{"line":62,"column":15},"end":{"line":62,"column":39}},{"start":{"line":62,"column":43},"end":{"line":62,"column":54}}]},"14":{"loc":{"start":{"line":63,"column":15},"end":{"line":63,"column":54}},"type":"binary-expr","locations":[{"start":{"line":63,"column":15},"end":{"line":63,"column":39}},{"start":{"line":63,"column":43},"end":{"line":63,"column":54}}]},"15":{"loc":{"start":{"line":64,"column":19},"end":{"line":64,"column":58}},"type":"binary-expr","locations":[{"start":{"line":64,"column":19},"end":{"line":64,"column":43}},{"start":{"line":64,"column":47},"end":{"line":64,"column":58}}]},"16":{"loc":{"start":{"line":65,"column":19},"end":{"line":65,"column":58}},"type":"binary-expr","locations":[{"start":{"line":65,"column":19},"end":{"line":65,"column":43}},{"start":{"line":65,"column":47},"end":{"line":65,"column":58}}]},"17":{"loc":{"start":{"line":66,"column":2},"end":{"line":68,"column":3}},"type":"if","locations":[{"start":{"line":66,"column":2},"end":{"line":68,"column":3}},{"start":{},"end":{}}]},"18":{"loc":{"start":{"line":66,"column":6},"end":{"line":66,"column":33}},"type":"binary-expr","locations":[{"start":{"line":66,"column":6},"end":{"line":66,"column":11}},{"start":{"line":66,"column":15},"end":{"line":66,"column":20}},{"start":{"line":66,"column":24},"end":{"line":66,"column":33}}]},"19":{"loc":{"start":{"line":73,"column":14},"end":{"line":73,"column":90}},"type":"cond-expr","locations":[{"start":{"line":73,"column":70},"end":{"line":73,"column":78}},{"start":{"line":73,"column":81},"end":{"line":73,"column":90}}]},"20":{"loc":{"start":{"line":73,"column":15},"end":{"line":73,"column":66}},"type":"binary-expr","locations":[{"start":{"line":73,"column":15},"end":{"line":73,"column":43}},{"start":{"line":73,"column":47},"end":{"line":73,"column":66}}]}},"s":{"0":22,"1":22,"2":22,"3":22,"4":22,"5":22,"6":13,"7":13,"8":13,"9":13,"10":13,"11":13,"12":13,"13":3,"14":13,"15":1,"16":12,"17":22,"18":13,"19":12,"20":13,"21":17,"22":8,"23":8,"24":8,"25":3,"26":8,"27":8,"28":8,"29":8,"30":8,"31":2,"32":6},"f":{"0":13,"1":13,"2":17,"3":8},"b":{"0":[13,6],"1":[13,6],"2":[13,7],"3":[13,6],"4":[13,2,2],"5":[3,10],"6":[1,12],"7":[13,12,12],"8":[7,5],"9":[12,7],"10":[12,1],"11":[8,2,2],"12":[3,5],"13":[8,2],"14":[8,2],"15":[8,2],"16":[8,2],"17":[2,6],"18":[8,6,6],"19":[5,1],"20":[6,5]}}
}
