{"/home/cyber44/chase-the-bag-platform/src/analytics.ts": {"path":"/home/cyber44/chase-the-bag-platform/src/analytics.ts","statementMap":{"0":{"start":{"line":5,"column":0},"end":{"line":5,"column":7}},"1":{"start":{"line":3,"column":0},"end":{"line":3,"column":39}},"2":{"start":{"line":6,"column":13},"end":{"line":6,"column":36}},"3":{"start":{"line":7,"column":21},"end":{"line":7,"column":94}},"4":{"start":{"line":8,"column":21},"end":{"line":8,"column":76}},"5":{"start":{"line":9,"column":26},"end":{"line":9,"column":138}},"6":{"start":{"line":10,"column":23},"end":{"line":10,"column":86}},"7":{"start":{"line":11,"column":21},"end":{"line":11,"column":42}},"8":{"start":{"line":12,"column":21},"end":{"line":12,"column":42}},"9":{"start":{"line":13,"column":26},"end":{"line":13,"column":52}},"10":{"start":{"line":14,"column":24},"end":{"line":14,"column":47}},"11":{"start":{"line":15,"column":2},"end":{"line":20,"column":4}}},"fnMap":{"0":{"name":"getPlatformAnalytics","decl":{"start":{"line":5,"column":22},"end":{"line":5,"column":42}},"loc":{"start":{"line":5,"column":42},"end":{"line":21,"column":1}}}},"branchMap":{},"s":{"0":1,"1":1,"2":1,"3":1,"4":1,"5":1,"6":1,"7":1,"8":1,"9":1,"10":1,"11":1},"f":{"0":1},"b":{}}
,"/home/cyber44/chase-the-bag-platform/src/antifraud.ts": {"path":"/home/cyber44/chase-the-bag-platform/src/antifraud.ts","statementMap":{"0":{"start":{"line":4,"column":0},"end":{"line":4,"column":7}},"1":{"start":{"line":2,"column":0},"end":{"line":2,"column":39}},"2":{"start":{"line":5,"column":13},"end":{"line":5,"column":36}},"3":{"start":{"line":6,"column":27},"end":{"line":6,"column":29}},"4":{"start":{"line":9,"column":34},"end":{"line":11,"column":null}},"5":{"start":{"line":13,"column":2},"end":{"line":15,"column":3}},"6":{"start":{"line":14,"column":4},"end":{"line":14,"column":68}},"7":{"start":{"line":18,"column":35},"end":{"line":20,"column":null}},"8":{"start":{"line":22,"column":2},"end":{"line":24,"column":3}},"9":{"start":{"line":23,"column":4},"end":{"line":23,"column":54}},"10":{"start":{"line":26,"column":2},"end":{"line":26,"column":16}}},"fnMap":{"0":{"name":"checkFraudulentActivity","decl":{"start":{"line":4,"column":22},"end":{"line":4,"column":45}},"loc":{"start":{"line":4,"column":60},"end":{"line":27,"column":1}}}},"branchMap":{"0":{"loc":{"start":{"line":13,"column":2},"end":{"line":15,"column":3}},"type":"if","locations":[{"start":{"line":13,"column":2},"end":{"line":15,"column":3}},{"start":{},"end":{}}]},"1":{"loc":{"start":{"line":22,"column":2},"end":{"line":24,"column":3}},"type":"if","locations":[{"start":{"line":22,"column":2},"end":{"line":24,"column":3}},{"start":{},"end":{}}]}},"s":{"0":1,"1":1,"2":4,"3":4,"4":4,"5":4,"6":1,"7":4,"8":4,"9":1,"10":4},"f":{"0":4},"b":{"0":[1,3],"1":[1,3]}}
,"/home/cyber44/chase-the-bag-platform/src/api.ts": {"path":"/home/cyber44/chase-the-bag-platform/src/api.ts","statementMap":{"0":{"start":{"line":45,"column":0},"end":{"line":45,"column":16}},"1":{"start":{"line":53,"column":0},"end":{"line":53,"column":16}},"2":{"start":{"line":68,"column":0},"end":{"line":68,"column":7}},"3":{"start":{"line":84,"column":0},"end":{"line":84,"column":16}},"4":{"start":{"line":415,"column":0},"end":{"line":415,"column":16}},"5":{"start":{"line":1,"column":0},"end":{"line":1,"column":30}},"6":{"start":{"line":2,"column":0},"end":{"line":2,"column":24}},"7":{"start":{"line":3,"column":0},"end":{"line":3,"column":43}},"8":{"start":{"line":4,"column":0},"end":{"line":4,"column":28}},"9":{"start":{"line":5,"column":0},"end":{"line":5,"column":39}},"10":{"start":{"line":6,"column":0},"end":{"line":6,"column":43}},"11":{"start":{"line":7,"column":0},"end":{"line":7,"column":113}},"12":{"start":{"line":8,"column":0},"end":{"line":8,"column":65}},"13":{"start":{"line":9,"column":0},"end":{"line":9,"column":45}},"14":{"start":{"line":11,"column":0},"end":{"line":11,"column":16}},"15":{"start":{"line":13,"column":13},"end":{"line":13,"column":29}},"16":{"start":{"line":14,"column":0},"end":{"line":14,"column":16}},"17":{"start":{"line":15,"column":0},"end":{"line":15,"column":24}},"18":{"start":{"line":17,"column":23},"end":{"line":17,"column":55}},"19":{"start":{"line":18,"column":21},"end":{"line":18,"column":66}},"20":{"start":{"line":19,"column":22},"end":{"line":19,"column":113}},"21":{"start":{"line":20,"column":35},"end":{"line":20,"column":76}},"22":{"start":{"line":21,"column":31},"end":{"line":21,"column":73}},"23":{"start":{"line":24,"column":2},"end":{"line":24,"column":49}},"24":{"start":{"line":24,"column":33},"end":{"line":24,"column":49}},"25":{"start":{"line":25,"column":18},"end":{"line":25,"column":30}},"26":{"start":{"line":26,"column":2},"end":{"line":26,"column":29}},"27":{"start":{"line":29,"column":19},"end":{"line":35,"column":2}},"28":{"start":{"line":37,"column":25},"end":{"line":43,"column":2}},"29":{"start":{"line":46,"column":21},"end":{"line":46,"column":54}},"30":{"start":{"line":47,"column":2},"end":{"line":49,"column":3}},"31":{"start":{"line":48,"column":4},"end":{"line":48,"column":38}},"32":{"start":{"line":50,"column":2},"end":{"line":50,"column":47}},"33":{"start":{"line":54,"column":2},"end":{"line":57,"column":3}},"34":{"start":{"line":55,"column":4},"end":{"line":55,"column":87}},"35":{"start":{"line":56,"column":4},"end":{"line":56,"column":11}},"36":{"start":{"line":59,"column":16},"end":{"line":59,"column":37}},"37":{"start":{"line":60,"column":2},"end":{"line":63,"column":3}},"38":{"start":{"line":61,"column":4},"end":{"line":61,"column":52}},"39":{"start":{"line":62,"column":4},"end":{"line":62,"column":11}},"40":{"start":{"line":65,"column":2},"end":{"line":65,"column":9}},"41":{"start":{"line":69,"column":2},"end":{"line":79,"column":3}},"42":{"start":{"line":70,"column":18},"end":{"line":70,"column":68}},"43":{"start":{"line":71,"column":4},"end":{"line":76,"column":7}},"44":{"start":{"line":82,"column":0},"end":{"line":82,"column":45}},"45":{"start":{"line":85,"column":17},"end":{"line":85,"column":30}},"46":{"start":{"line":86,"column":2},"end":{"line":86,"column":48}},"47":{"start":{"line":86,"column":32},"end":{"line":86,"column":48}},"48":{"start":{"line":87,"column":2},"end":{"line":87,"column":27}},"49":{"start":{"line":87,"column":18},"end":{"line":87,"column":27}},"50":{"start":{"line":88,"column":2},"end":{"line":88,"column":31}},"51":{"start":{"line":88,"column":20},"end":{"line":88,"column":31}},"52":{"start":{"line":89,"column":2},"end":{"line":89,"column":28}},"53":{"start":{"line":93,"column":0},"end":{"line":107,"column":3}},"54":{"start":{"line":94,"column":2},"end":{"line":106,"column":3}},"55":{"start":{"line":95,"column":4},"end":{"line":95,"column":54}},"56":{"start":{"line":96,"column":18},"end":{"line":96,"column":52}},"57":{"start":{"line":97,"column":15},"end":{"line":97,"column":38}},"58":{"start":{"line":98,"column":19},"end":{"line":100,"column":null}},"59":{"start":{"line":102,"column":4},"end":{"line":102,"column":19}},"60":{"start":{"line":103,"column":4},"end":{"line":103,"column":19}},"61":{"start":{"line":105,"column":4},"end":{"line":105,"column":49}},"62":{"start":{"line":110,"column":0},"end":{"line":136,"column":3}},"63":{"start":{"line":111,"column":2},"end":{"line":135,"column":3}},"64":{"start":{"line":112,"column":4},"end":{"line":112,"column":55}},"65":{"start":{"line":113,"column":18},"end":{"line":113,"column":53}},"66":{"start":{"line":114,"column":23},"end":{"line":114,"column":86}},"67":{"start":{"line":116,"column":4},"end":{"line":119,"column":5}},"68":{"start":{"line":117,"column":6},"end":{"line":117,"column":62}},"69":{"start":{"line":118,"column":6},"end":{"line":118,"column":13}},"70":{"start":{"line":121,"column":15},"end":{"line":121,"column":38}},"71":{"start":{"line":122,"column":19},"end":{"line":129,"column":null}},"72":{"start":{"line":131,"column":4},"end":{"line":131,"column":19}},"73":{"start":{"line":132,"column":4},"end":{"line":132,"column":19}},"74":{"start":{"line":134,"column":4},"end":{"line":134,"column":49}},"75":{"start":{"line":139,"column":0},"end":{"line":161,"column":3}},"76":{"start":{"line":140,"column":2},"end":{"line":160,"column":3}},"77":{"start":{"line":141,"column":4},"end":{"line":141,"column":53}},"78":{"start":{"line":142,"column":19},"end":{"line":142,"column":86}},"79":{"start":{"line":143,"column":4},"end":{"line":146,"column":5}},"80":{"start":{"line":144,"column":6},"end":{"line":144,"column":74}},"81":{"start":{"line":145,"column":6},"end":{"line":145,"column":13}},"82":{"start":{"line":147,"column":15},"end":{"line":147,"column":38}},"83":{"start":{"line":148,"column":19},"end":{"line":154,"column":null}},"84":{"start":{"line":156,"column":4},"end":{"line":156,"column":19}},"85":{"start":{"line":157,"column":4},"end":{"line":157,"column":19}},"86":{"start":{"line":159,"column":4},"end":{"line":159,"column":49}},"87":{"start":{"line":164,"column":0},"end":{"line":178,"column":3}},"88":{"start":{"line":165,"column":2},"end":{"line":177,"column":3}},"89":{"start":{"line":166,"column":4},"end":{"line":166,"column":48}},"90":{"start":{"line":167,"column":18},"end":{"line":167,"column":53}},"91":{"start":{"line":168,"column":15},"end":{"line":168,"column":38}},"92":{"start":{"line":169,"column":19},"end":{"line":171,"column":null}},"93":{"start":{"line":173,"column":4},"end":{"line":173,"column":19}},"94":{"start":{"line":174,"column":4},"end":{"line":174,"column":19}},"95":{"start":{"line":176,"column":4},"end":{"line":176,"column":49}},"96":{"start":{"line":181,"column":0},"end":{"line":195,"column":3}},"97":{"start":{"line":182,"column":2},"end":{"line":194,"column":3}},"98":{"start":{"line":183,"column":4},"end":{"line":183,"column":52}},"99":{"start":{"line":184,"column":18},"end":{"line":184,"column":53}},"100":{"start":{"line":185,"column":15},"end":{"line":185,"column":38}},"101":{"start":{"line":186,"column":19},"end":{"line":188,"column":null}},"102":{"start":{"line":190,"column":4},"end":{"line":190,"column":19}},"103":{"start":{"line":191,"column":4},"end":{"line":191,"column":19}},"104":{"start":{"line":193,"column":4},"end":{"line":193,"column":49}},"105":{"start":{"line":198,"column":0},"end":{"line":216,"column":3}},"106":{"start":{"line":199,"column":2},"end":{"line":215,"column":3}},"107":{"start":{"line":200,"column":4},"end":{"line":200,"column":49}},"108":{"start":{"line":201,"column":15},"end":{"line":201,"column":38}},"109":{"start":{"line":202,"column":28},"end":{"line":202,"column":96}},"110":{"start":{"line":203,"column":22},"end":{"line":203,"column":91}},"111":{"start":{"line":204,"column":27},"end":{"line":204,"column":118}},"112":{"start":{"line":205,"column":22},"end":{"line":205,"column":84}},"113":{"start":{"line":206,"column":4},"end":{"line":206,"column":19}},"114":{"start":{"line":207,"column":4},"end":{"line":212,"column":7}},"115":{"start":{"line":214,"column":4},"end":{"line":214,"column":49}},"116":{"start":{"line":219,"column":0},"end":{"line":261,"column":3}},"117":{"start":{"line":220,"column":2},"end":{"line":260,"column":3}},"118":{"start":{"line":221,"column":4},"end":{"line":221,"column":52}},"119":{"start":{"line":222,"column":15},"end":{"line":222,"column":38}},"120":{"start":{"line":223,"column":25},"end":{"line":223,"column":86}},"121":{"start":{"line":224,"column":23},"end":{"line":224,"column":85}},"122":{"start":{"line":225,"column":28},"end":{"line":225,"column":112}},"123":{"start":{"line":226,"column":23},"end":{"line":226,"column":78}},"124":{"start":{"line":228,"column":27},"end":{"line":229,"column":null}},"125":{"start":{"line":232,"column":29},"end":{"line":233,"column":null}},"126":{"start":{"line":236,"column":25},"end":{"line":241,"column":null}},"127":{"start":{"line":244,"column":4},"end":{"line":244,"column":19}},"128":{"start":{"line":246,"column":4},"end":{"line":257,"column":7}},"129":{"start":{"line":259,"column":4},"end":{"line":259,"column":49}},"130":{"start":{"line":264,"column":0},"end":{"line":273,"column":3}},"131":{"start":{"line":265,"column":2},"end":{"line":272,"column":3}},"132":{"start":{"line":266,"column":4},"end":{"line":266,"column":65}},"133":{"start":{"line":267,"column":21},"end":{"line":267,"column":55}},"134":{"start":{"line":268,"column":21},"end":{"line":268,"column":60}},"135":{"start":{"line":269,"column":4},"end":{"line":269,"column":23}},"136":{"start":{"line":271,"column":4},"end":{"line":271,"column":49}},"137":{"start":{"line":276,"column":0},"end":{"line":286,"column":3}},"138":{"start":{"line":277,"column":2},"end":{"line":285,"column":3}},"139":{"start":{"line":278,"column":4},"end":{"line":278,"column":64}},"140":{"start":{"line":279,"column":18},"end":{"line":279,"column":52}},"141":{"start":{"line":280,"column":21},"end":{"line":280,"column":55}},"142":{"start":{"line":281,"column":20},"end":{"line":281,"column":58}},"143":{"start":{"line":282,"column":4},"end":{"line":282,"column":22}},"144":{"start":{"line":284,"column":4},"end":{"line":284,"column":49}},"145":{"start":{"line":289,"column":0},"end":{"line":304,"column":3}},"146":{"start":{"line":290,"column":2},"end":{"line":303,"column":3}},"147":{"start":{"line":291,"column":4},"end":{"line":291,"column":63}},"148":{"start":{"line":292,"column":18},"end":{"line":292,"column":52}},"149":{"start":{"line":293,"column":21},"end":{"line":293,"column":55}},"150":{"start":{"line":294,"column":19},"end":{"line":294,"column":86}},"151":{"start":{"line":295,"column":4},"end":{"line":298,"column":5}},"152":{"start":{"line":296,"column":6},"end":{"line":296,"column":70}},"153":{"start":{"line":297,"column":6},"end":{"line":297,"column":13}},"154":{"start":{"line":299,"column":19},"end":{"line":299,"column":64}},"155":{"start":{"line":300,"column":4},"end":{"line":300,"column":21}},"156":{"start":{"line":302,"column":4},"end":{"line":302,"column":49}},"157":{"start":{"line":307,"column":0},"end":{"line":318,"column":3}},"158":{"start":{"line":308,"column":2},"end":{"line":317,"column":3}},"159":{"start":{"line":309,"column":4},"end":{"line":309,"column":69}},"160":{"start":{"line":310,"column":18},"end":{"line":310,"column":53}},"161":{"start":{"line":311,"column":21},"end":{"line":311,"column":55}},"162":{"start":{"line":312,"column":19},"end":{"line":312,"column":86}},"163":{"start":{"line":313,"column":25},"end":{"line":313,"column":76}},"164":{"start":{"line":314,"column":4},"end":{"line":314,"column":27}},"165":{"start":{"line":316,"column":4},"end":{"line":316,"column":49}},"166":{"start":{"line":321,"column":0},"end":{"line":330,"column":3}},"167":{"start":{"line":322,"column":2},"end":{"line":329,"column":3}},"168":{"start":{"line":323,"column":4},"end":{"line":323,"column":52}},"169":{"start":{"line":324,"column":20},"end":{"line":324,"column":76}},"170":{"start":{"line":325,"column":18},"end":{"line":325,"column":44}},"171":{"start":{"line":326,"column":4},"end":{"line":326,"column":34}},"172":{"start":{"line":328,"column":4},"end":{"line":328,"column":49}},"173":{"start":{"line":333,"column":0},"end":{"line":348,"column":3}},"174":{"start":{"line":334,"column":2},"end":{"line":347,"column":3}},"175":{"start":{"line":335,"column":4},"end":{"line":335,"column":47}},"176":{"start":{"line":336,"column":18},"end":{"line":336,"column":82}},"177":{"start":{"line":337,"column":4},"end":{"line":340,"column":5}},"178":{"start":{"line":338,"column":6},"end":{"line":338,"column":79}},"179":{"start":{"line":339,"column":6},"end":{"line":339,"column":13}},"180":{"start":{"line":342,"column":17},"end":{"line":342,"column":48}},"181":{"start":{"line":343,"column":21},"end":{"line":343,"column":57}},"182":{"start":{"line":344,"column":4},"end":{"line":344,"column":23}},"183":{"start":{"line":346,"column":4},"end":{"line":346,"column":49}},"184":{"start":{"line":351,"column":0},"end":{"line":366,"column":3}},"185":{"start":{"line":352,"column":2},"end":{"line":365,"column":3}},"186":{"start":{"line":353,"column":4},"end":{"line":353,"column":50}},"187":{"start":{"line":354,"column":18},"end":{"line":354,"column":83}},"188":{"start":{"line":355,"column":4},"end":{"line":358,"column":5}},"189":{"start":{"line":356,"column":6},"end":{"line":356,"column":66}},"190":{"start":{"line":357,"column":6},"end":{"line":357,"column":13}},"191":{"start":{"line":360,"column":17},"end":{"line":360,"column":48}},"192":{"start":{"line":361,"column":21},"end":{"line":361,"column":48}},"193":{"start":{"line":362,"column":4},"end":{"line":362,"column":23}},"194":{"start":{"line":364,"column":4},"end":{"line":364,"column":49}},"195":{"start":{"line":369,"column":0},"end":{"line":387,"column":3}},"196":{"start":{"line":370,"column":2},"end":{"line":386,"column":3}},"197":{"start":{"line":371,"column":4},"end":{"line":371,"column":53}},"198":{"start":{"line":372,"column":18},"end":{"line":372,"column":42}},"199":{"start":{"line":373,"column":4},"end":{"line":379,"column":7}},"200":{"start":{"line":381,"column":4},"end":{"line":385,"column":7}},"201":{"start":{"line":390,"column":0},"end":{"line":413,"column":3}},"202":{"start":{"line":391,"column":2},"end":{"line":412,"column":3}},"203":{"start":{"line":392,"column":4},"end":{"line":392,"column":57}},"204":{"start":{"line":393,"column":15},"end":{"line":393,"column":38}},"205":{"start":{"line":394,"column":27},"end":{"line":394,"column":82}},"206":{"start":{"line":395,"column":27},"end":{"line":396,"column":null}},"207":{"start":{"line":398,"column":4},"end":{"line":398,"column":19}},"208":{"start":{"line":400,"column":4},"end":{"line":405,"column":7}},"209":{"start":{"line":407,"column":4},"end":{"line":411,"column":7}},"210":{"start":{"line":416,"column":2},"end":{"line":418,"column":5}},"211":{"start":{"line":417,"column":4},"end":{"line":417,"column":66}}},"fnMap":{"0":{"name":"getServerScope","decl":{"start":{"line":23,"column":9},"end":{"line":23,"column":23}},"loc":{"start":{"line":23,"column":38},"end":{"line":27,"column":1}}},"1":{"name":"getProvidedToken","decl":{"start":{"line":45,"column":16},"end":{"line":45,"column":32}},"loc":{"start":{"line":45,"column":53},"end":{"line":51,"column":1}}},"2":{"name":"authenticateApi","decl":{"start":{"line":53,"column":16},"end":{"line":53,"column":31}},"loc":{"start":{"line":53,"column":103},"end":{"line":66,"column":1}}},"3":{"name":"auditApiAccess","decl":{"start":{"line":68,"column":22},"end":{"line":68,"column":36}},"loc":{"start":{"line":68,"column":73},"end":{"line":80,"column":1}}},"4":{"name":"getLimit","decl":{"start":{"line":84,"column":16},"end":{"line":84,"column":24}},"loc":{"start":{"line":84,"column":70},"end":{"line":90,"column":1}}},"5":{"name":"(anonymous_6)","decl":{"start":{"line":93,"column":28},"end":{"line":93,"column":33}},"loc":{"start":{"line":93,"column":47},"end":{"line":107,"column":1}}},"6":{"name":"(anonymous_7)","decl":{"start":{"line":110,"column":29},"end":{"line":110,"column":34}},"loc":{"start":{"line":110,"column":48},"end":{"line":136,"column":1}}},"7":{"name":"(anonymous_8)","decl":{"start":{"line":139,"column":27},"end":{"line":139,"column":32}},"loc":{"start":{"line":139,"column":46},"end":{"line":161,"column":1}}},"8":{"name":"(anonymous_9)","decl":{"start":{"line":164,"column":40},"end":{"line":164,"column":45}},"loc":{"start":{"line":164,"column":59},"end":{"line":178,"column":1}}},"9":{"name":"(anonymous_10)","decl":{"start":{"line":181,"column":44},"end":{"line":181,"column":49}},"loc":{"start":{"line":181,"column":63},"end":{"line":195,"column":1}}},"10":{"name":"(anonymous_11)","decl":{"start":{"line":198,"column":22},"end":{"line":198,"column":27}},"loc":{"start":{"line":198,"column":42},"end":{"line":216,"column":1}}},"11":{"name":"(anonymous_12)","decl":{"start":{"line":219,"column":25},"end":{"line":219,"column":30}},"loc":{"start":{"line":219,"column":45},"end":{"line":261,"column":1}}},"12":{"name":"(anonymous_13)","decl":{"start":{"line":264,"column":52},"end":{"line":264,"column":57}},"loc":{"start":{"line":264,"column":71},"end":{"line":273,"column":1}}},"13":{"name":"(anonymous_14)","decl":{"start":{"line":276,"column":51},"end":{"line":276,"column":56}},"loc":{"start":{"line":276,"column":70},"end":{"line":286,"column":1}}},"14":{"name":"(anonymous_15)","decl":{"start":{"line":289,"column":50},"end":{"line":289,"column":55}},"loc":{"start":{"line":289,"column":69},"end":{"line":304,"column":1}}},"15":{"name":"(anonymous_16)","decl":{"start":{"line":307,"column":56},"end":{"line":307,"column":61}},"loc":{"start":{"line":307,"column":75},"end":{"line":318,"column":1}}},"16":{"name":"(anonymous_17)","decl":{"start":{"line":321,"column":44},"end":{"line":321,"column":49}},"loc":{"start":{"line":321,"column":63},"end":{"line":330,"column":1}}},"17":{"name":"(anonymous_18)","decl":{"start":{"line":333,"column":45},"end":{"line":333,"column":50}},"loc":{"start":{"line":333,"column":64},"end":{"line":348,"column":1}}},"18":{"name":"(anonymous_19)","decl":{"start":{"line":351,"column":47},"end":{"line":351,"column":52}},"loc":{"start":{"line":351,"column":66},"end":{"line":366,"column":1}}},"19":{"name":"(anonymous_20)","decl":{"start":{"line":369,"column":47},"end":{"line":369,"column":52}},"loc":{"start":{"line":369,"column":66},"end":{"line":387,"column":1}}},"20":{"name":"(anonymous_21)","decl":{"start":{"line":390,"column":49},"end":{"line":390,"column":54}},"loc":{"start":{"line":390,"column":68},"end":{"line":413,"column":1}}},"21":{"name":"startApiServer","decl":{"start":{"line":415,"column":16},"end":{"line":415,"column":30}},"loc":{"start":{"line":415,"column":42},"end":{"line":419,"column":1}}},"22":{"name":"(anonymous_23)","decl":{"start":{"line":416,"column":19},"end":{"line":416,"column":22}},"loc":{"start":{"line":416,"column":24},"end":{"line":418,"column":3}}}},"branchMap":{"0":{"loc":{"start":{"line":17,"column":23},"end":{"line":17,"column":55}},"type":"binary-expr","locations":[{"start":{"line":17,"column":23},"end":{"line":17,"column":49}},{"start":{"line":17,"column":53},"end":{"line":17,"column":55}}]},"1":{"loc":{"start":{"line":18,"column":21},"end":{"line":18,"column":66}},"type":"binary-expr","locations":[{"start":{"line":18,"column":21},"end":{"line":18,"column":45}},{"start":{"line":18,"column":49},"end":{"line":18,"column":66}}]},"2":{"loc":{"start":{"line":24,"column":2},"end":{"line":24,"column":49}},"type":"if","locations":[{"start":{"line":24,"column":2},"end":{"line":24,"column":49}},{"start":{},"end":{}}]},"3":{"loc":{"start":{"line":26,"column":9},"end":{"line":26,"column":28}},"type":"binary-expr","locations":[{"start":{"line":26,"column":9},"end":{"line":26,"column":16}},{"start":{"line":26,"column":20},"end":{"line":26,"column":28}}]},"4":{"loc":{"start":{"line":46,"column":21},"end":{"line":46,"column":54}},"type":"binary-expr","locations":[{"start":{"line":46,"column":21},"end":{"line":46,"column":48}},{"start":{"line":46,"column":52},"end":{"line":46,"column":54}}]},"5":{"loc":{"start":{"line":47,"column":2},"end":{"line":49,"column":3}},"type":"if","locations":[{"start":{"line":47,"column":2},"end":{"line":49,"column":3}},{"start":{},"end":{}}]},"6":{"loc":{"start":{"line":50,"column":9},"end":{"line":50,"column":46}},"type":"binary-expr","locations":[{"start":{"line":50,"column":9},"end":{"line":50,"column":40}},{"start":{"line":50,"column":44},"end":{"line":50,"column":46}}]},"7":{"loc":{"start":{"line":54,"column":2},"end":{"line":57,"column":3}},"type":"if","locations":[{"start":{"line":54,"column":2},"end":{"line":57,"column":3}},{"start":{},"end":{}}]},"8":{"loc":{"start":{"line":60,"column":2},"end":{"line":63,"column":3}},"type":"if","locations":[{"start":{"line":60,"column":2},"end":{"line":63,"column":3}},{"start":{},"end":{}}]},"9":{"loc":{"start":{"line":60,"column":6},"end":{"line":60,"column":40}},"type":"binary-expr","locations":[{"start":{"line":60,"column":6},"end":{"line":60,"column":12}},{"start":{"line":60,"column":16},"end":{"line":60,"column":40}}]},"10":{"loc":{"start":{"line":70,"column":18},"end":{"line":70,"column":68}},"type":"binary-expr","locations":[{"start":{"line":70,"column":18},"end":{"line":70,"column":52}},{"start":{"line":70,"column":56},"end":{"line":70,"column":68}}]},"11":{"loc":{"start":{"line":86,"column":2},"end":{"line":86,"column":48}},"type":"if","locations":[{"start":{"line":86,"column":2},"end":{"line":86,"column":48}},{"start":{},"end":{}}]},"12":{"loc":{"start":{"line":87,"column":2},"end":{"line":87,"column":27}},"type":"if","locations":[{"start":{"line":87,"column":2},"end":{"line":87,"column":27}},{"start":{},"end":{}}]},"13":{"loc":{"start":{"line":88,"column":2},"end":{"line":88,"column":31}},"type":"if","locations":[{"start":{"line":88,"column":2},"end":{"line":88,"column":31}},{"start":{},"end":{}}]},"14":{"loc":{"start":{"line":114,"column":23},"end":{"line":114,"column":86}},"type":"cond-expr","locations":[{"start":{"line":114,"column":60},"end":{"line":114,"column":81}},{"start":{"line":114,"column":84},"end":{"line":114,"column":86}}]},"15":{"loc":{"start":{"line":116,"column":4},"end":{"line":119,"column":5}},"type":"if","locations":[{"start":{"line":116,"column":4},"end":{"line":119,"column":5}},{"start":{},"end":{}}]},"16":{"loc":{"start":{"line":116,"column":8},"end":{"line":116,"column":66}},"type":"binary-expr","locations":[{"start":{"line":116,"column":8},"end":{"line":116,"column":18}},{"start":{"line":116,"column":22},"end":{"line":116,"column":66}}]},"17":{"loc":{"start":{"line":122,"column":19},"end":{"line":129,"column":null}},"type":"cond-expr","locations":[{"start":{"line":123,"column":8},"end":{"line":125,"column":null}},{"start":{"line":127,"column":8},"end":{"line":129,"column":null}}]},"18":{"loc":{"start":{"line":142,"column":19},"end":{"line":142,"column":86}},"type":"cond-expr","locations":[{"start":{"line":142,"column":58},"end":{"line":142,"column":81}},{"start":{"line":142,"column":84},"end":{"line":142,"column":86}}]},"19":{"loc":{"start":{"line":143,"column":4},"end":{"line":146,"column":5}},"type":"if","locations":[{"start":{"line":143,"column":4},"end":{"line":146,"column":5}},{"start":{},"end":{}}]},"20":{"loc":{"start":{"line":143,"column":8},"end":{"line":143,"column":71}},"type":"binary-expr","locations":[{"start":{"line":143,"column":8},"end":{"line":143,"column":14}},{"start":{"line":143,"column":18},"end":{"line":143,"column":71}}]},"21":{"loc":{"start":{"line":148,"column":19},"end":{"line":154,"column":null}},"type":"cond-expr","locations":[{"start":{"line":149,"column":8},"end":{"line":151,"column":null}},{"start":{"line":153,"column":8},"end":{"line":154,"column":null}}]},"22":{"loc":{"start":{"line":294,"column":19},"end":{"line":294,"column":86}},"type":"cond-expr","locations":[{"start":{"line":294,"column":58},"end":{"line":294,"column":81}},{"start":{"line":294,"column":84},"end":{"line":294,"column":86}}]},"23":{"loc":{"start":{"line":295,"column":4},"end":{"line":298,"column":5}},"type":"if","locations":[{"start":{"line":295,"column":4},"end":{"line":298,"column":5}},{"start":{},"end":{}}]},"24":{"loc":{"start":{"line":295,"column":8},"end":{"line":295,"column":67}},"type":"binary-expr","locations":[{"start":{"line":295,"column":8},"end":{"line":295,"column":14}},{"start":{"line":295,"column":18},"end":{"line":295,"column":67}}]},"25":{"loc":{"start":{"line":312,"column":19},"end":{"line":312,"column":86}},"type":"cond-expr","locations":[{"start":{"line":312,"column":58},"end":{"line":312,"column":81}},{"start":{"line":312,"column":84},"end":{"line":312,"column":86}}]},"26":{"loc":{"start":{"line":324,"column":27},"end":{"line":324,"column":50}},"type":"binary-expr","locations":[{"start":{"line":324,"column":27},"end":{"line":324,"column":44}},{"start":{"line":324,"column":48},"end":{"line":324,"column":50}}]},"27":{"loc":{"start":{"line":336,"column":18},"end":{"line":336,"column":82}},"type":"cond-expr","locations":[{"start":{"line":336,"column":56},"end":{"line":336,"column":77}},{"start":{"line":336,"column":80},"end":{"line":336,"column":82}}]},"28":{"loc":{"start":{"line":337,"column":4},"end":{"line":340,"column":5}},"type":"if","locations":[{"start":{"line":337,"column":4},"end":{"line":340,"column":5}},{"start":{},"end":{}}]},"29":{"loc":{"start":{"line":354,"column":18},"end":{"line":354,"column":83}},"type":"cond-expr","locations":[{"start":{"line":354,"column":56},"end":{"line":354,"column":78}},{"start":{"line":354,"column":81},"end":{"line":354,"column":83}}]},"30":{"loc":{"start":{"line":355,"column":4},"end":{"line":358,"column":5}},"type":"if","locations":[{"start":{"line":355,"column":4},"end":{"line":358,"column":5}},{"start":{},"end":{}}]},"31":{"loc":{"start":{"line":415,"column":31},"end":{"line":415,"column":42}},"type":"default-arg","locations":[{"start":{"line":415,"column":38},"end":{"line":415,"column":42}}]}},"s":{"0":45,"1":45,"2":45,"3":45,"4":45,"5":45,"6":45,"7":45,"8":45,"9":45,"10":45,"11":45,"12":45,"13":45,"14":45,"15":45,"16":45,"17":45,"18":45,"19":45,"20":45,"21":45,"22":45,"23":9,"24":9,"25":0,"26":0,"27":45,"28":45,"29":43,"30":43,"31":41,"32":2,"33":42,"34":2,"35":2,"36":40,"37":40,"38":1,"39":1,"40":39,"41":43,"42":43,"43":43,"44":45,"45":25,"46":25,"47":13,"48":12,"49":4,"50":8,"51":4,"52":4,"53":45,"54":2,"55":2,"56":2,"57":2,"58":2,"59":1,"60":1,"61":1,"62":45,"63":4,"64":4,"65":4,"66":4,"67":4,"68":1,"69":1,"70":3,"71":3,"72":2,"73":2,"74":1,"75":45,"76":4,"77":4,"78":4,"79":4,"80":1,"81":1,"82":3,"83":3,"84":2,"85":2,"86":1,"87":45,"88":2,"89":2,"90":2,"91":2,"92":2,"93":1,"94":1,"95":1,"96":45,"97":2,"98":2,"99":2,"100":2,"101":2,"102":1,"103":1,"104":1,"105":45,"106":2,"107":2,"108":2,"109":2,"110":1,"111":1,"112":1,"113":1,"114":1,"115":1,"116":45,"117":2,"118":2,"119":2,"120":2,"121":1,"122":1,"123":1,"124":1,"125":1,"126":1,"127":1,"128":1,"129":1,"130":45,"131":2,"132":2,"133":2,"134":2,"135":1,"136":1,"137":45,"138":2,"139":2,"140":2,"141":2,"142":2,"143":1,"144":1,"145":45,"146":3,"147":3,"148":3,"149":3,"150":3,"151":3,"152":1,"153":1,"154":2,"155":1,"156":1,"157":45,"158":2,"159":2,"160":2,"161":2,"162":2,"163":2,"164":1,"165":1,"166":45,"167":2,"168":2,"169":2,"170":2,"171":1,"172":1,"173":45,"174":3,"175":3,"176":3,"177":3,"178":1,"179":1,"180":2,"181":2,"182":1,"183":1,"184":45,"185":3,"186":3,"187":3,"188":3,"189":1,"190":1,"191":2,"192":2,"193":1,"194":1,"195":45,"196":2,"197":2,"198":2,"199":1,"200":1,"201":45,"202":2,"203":2,"204":2,"205":2,"206":1,"207":1,"208":1,"209":1,"210":2,"211":2},"f":{"0":9,"1":43,"2":42,"3":43,"4":25,"5":2,"6":4,"7":4,"8":2,"9":2,"10":2,"11":2,"12":2,"13":2,"14":3,"15":2,"16":2,"17":3,"18":3,"19":2,"20":2,"21":2,"22":2},"b":{"0":[45,1],"1":[45,1],"2":[9,0],"3":[0,0],"4":[43,2],"5":[41,2],"6":[2,1],"7":[2,40],"8":[1,39],"9":[40,40],"10":[43,41],"11":[13,12],"12":[4,8],"13":[4,4],"14":[2,2],"15":[1,3],"16":[4,2],"17":[1,2],"18":[2,2],"19":[1,3],"20":[4,2],"21":[1,2],"22":[2,1],"23":[1,2],"24":[3,2],"25":[1,1],"26":[2,1],"27":[2,1],"28":[1,2],"29":[2,1],"30":[1,2],"31":[1]}}
,"/home/cyber44/chase-the-bag-platform/src/audit-log.ts": {"path":"/home/cyber44/chase-the-bag-platform/src/audit-log.ts","statementMap":{"0":{"start":{"line":5,"column":0},"end":{"line":5,"column":7}},"1":{"start":{"line":3,"column":0},"end":{"line":3,"column":39}},"2":{"start":{"line":16,"column":13},"end":{"line":16,"column":36}},"3":{"start":{"line":17,"column":2},"end":{"line":24,"column":3}},"4":{"start":{"line":18,"column":4},"end":{"line":21,"column":6}},"5":{"start":{"line":23,"column":4},"end":{"line":23,"column":19}}},"fnMap":{"0":{"name":"logOperation","decl":{"start":{"line":5,"column":22},"end":{"line":5,"column":34}},"loc":{"start":{"line":15,"column":1},"end":{"line":25,"column":1}}}},"branchMap":{"0":{"loc":{"start":{"line":20,"column":33},"end":{"line":20,"column":48}},"type":"binary-expr","locations":[{"start":{"line":20,"column":33},"end":{"line":20,"column":40}},{"start":{"line":20,"column":44},"end":{"line":20,"column":48}}]}},"s":{"0":1,"1":1,"2":2,"3":2,"4":2,"5":2},"f":{"0":2},"b":{"0":[2,1]}}
,"/home/cyber44/chase-the-bag-platform/src/chart.ts": {"path":"/home/cyber44/chase-the-bag-platform/src/chart.ts","statementMap":{"0":{"start":{"line":4,"column":0},"end":{"line":4,"column":7}},"1":{"start":{"line":5,"column":22},"end":{"line":11,"column":4}},"2":{"start":{"line":12,"column":14},"end":{"line":12,"column":96}},"3":{"start":{"line":13,"column":2},"end":{"line":13,"column":13}}},"fnMap":{"0":{"name":"getChartUrl","decl":{"start":{"line":4,"column":22},"end":{"line":4,"column":33}},"loc":{"start":{"line":4,"column":88},"end":{"line":14,"column":1}}}},"branchMap":{"0":{"loc":{"start":{"line":4,"column":68},"end":{"line":4,"column":88}},"type":"default-arg","locations":[{"start":{"line":4,"column":76},"end":{"line":4,"column":88}}]}},"s":{"0":1,"1":2,"2":2,"3":2},"f":{"0":2},"b":{"0":[1]}}
,"/home/cyber44/chase-the-bag-platform/src/coin-exchange.ts": {"path":"/home/cyber44/chase-the-bag-platform/src/coin-exchange.ts","statementMap":{"0":{"start":{"line":88,"column":0},"end":{"line":88,"column":16}},"1":{"start":{"line":214,"column":0},"end":{"line":214,"column":7}},"2":{"start":{"line":232,"column":0},"end":{"line":232,"column":7}},"3":{"start":{"line":260,"column":0},"end":{"line":260,"column":7}},"4":{"start":{"line":300,"column":0},"end":{"line":300,"column":7}},"5":{"start":{"line":357,"column":0},"end":{"line":357,"column":7}},"6":{"start":{"line":410,"column":0},"end":{"line":410,"column":7}},"7":{"start":{"line":457,"column":0},"end":{"line":457,"column":7}},"8":{"start":{"line":485,"column":0},"end":{"line":485,"column":7}},"9":{"start":{"line":504,"column":0},"end":{"line":504,"column":7}},"10":{"start":{"line":537,"column":0},"end":{"line":537,"column":7}},"11":{"start":{"line":564,"column":0},"end":{"line":564,"column":7}},"12":{"start":{"line":594,"column":0},"end":{"line":594,"column":7}},"13":{"start":{"line":631,"column":0},"end":{"line":631,"column":7}},"14":{"start":{"line":645,"column":0},"end":{"line":645,"column":7}},"15":{"start":{"line":659,"column":0},"end":{"line":659,"column":7}},"16":{"start":{"line":677,"column":0},"end":{"line":677,"column":7}},"17":{"start":{"line":2,"column":0},"end":{"line":2,"column":39}},"18":{"start":{"line":3,"column":0},"end":{"line":3,"column":43}},"19":{"start":{"line":85,"column":2},"end":{"line":85,"column":42}},"20":{"start":{"line":89,"column":16},"end":{"line":89,"column":29}},"21":{"start":{"line":90,"column":2},"end":{"line":90,"column":57}},"22":{"start":{"line":90,"column":45},"end":{"line":90,"column":57}},"23":{"start":{"line":91,"column":2},"end":{"line":91,"column":25}},"24":{"start":{"line":94,"column":24},"end":{"line":94,"column":27}},"25":{"start":{"line":97,"column":2},"end":{"line":97,"column":25}},"26":{"start":{"line":101,"column":16},"end":{"line":101,"column":46}},"27":{"start":{"line":102,"column":2},"end":{"line":102,"column":64}},"28":{"start":{"line":106,"column":21},"end":{"line":106,"column":62}},"29":{"start":{"line":107,"column":2},"end":{"line":107,"column":45}},"30":{"start":{"line":107,"column":25},"end":{"line":107,"column":45}},"31":{"start":{"line":108,"column":2},"end":{"line":108,"column":44}},"32":{"start":{"line":112,"column":16},"end":{"line":112,"column":46}},"33":{"start":{"line":113,"column":2},"end":{"line":113,"column":53}},"34":{"start":{"line":117,"column":2},"end":{"line":117,"column":119}},"35":{"start":{"line":121,"column":27},"end":{"line":121,"column":58}},"36":{"start":{"line":122,"column":24},"end":{"line":122,"column":52}},"37":{"start":{"line":123,"column":2},"end":{"line":128,"column":4}},"38":{"start":{"line":132,"column":2},"end":{"line":143,"column":4}},"39":{"start":{"line":147,"column":2},"end":{"line":158,"column":4}},"40":{"start":{"line":162,"column":2},"end":{"line":167,"column":4}},"41":{"start":{"line":171,"column":23},"end":{"line":171,"column":55}},"42":{"start":{"line":172,"column":2},"end":{"line":172,"column":51}},"43":{"start":{"line":173,"column":17},"end":{"line":175,"column":null}},"44":{"start":{"line":177,"column":2},"end":{"line":179,"column":3}},"45":{"start":{"line":178,"column":4},"end":{"line":178,"column":30}},"46":{"start":{"line":182,"column":2},"end":{"line":190,"column":3}},"47":{"start":{"line":183,"column":25},"end":{"line":185,"column":null}},"48":{"start":{"line":187,"column":4},"end":{"line":189,"column":5}},"49":{"start":{"line":188,"column":6},"end":{"line":188,"column":38}},"50":{"start":{"line":192,"column":2},"end":{"line":192,"column":71}},"51":{"start":{"line":206,"column":2},"end":{"line":211,"column":4}},"52":{"start":{"line":215,"column":13},"end":{"line":215,"column":36}},"53":{"start":{"line":216,"column":23},"end":{"line":216,"column":55}},"54":{"start":{"line":217,"column":2},"end":{"line":229,"column":3}},"55":{"start":{"line":218,"column":4},"end":{"line":218,"column":45}},"56":{"start":{"line":219,"column":19},"end":{"line":221,"column":null}},"57":{"start":{"line":223,"column":4},"end":{"line":225,"column":5}},"58":{"start":{"line":224,"column":6},"end":{"line":224,"column":75}},"59":{"start":{"line":226,"column":4},"end":{"line":226,"column":30}},"60":{"start":{"line":228,"column":4},"end":{"line":228,"column":19}},"61":{"start":{"line":233,"column":28},"end":{"line":233,"column":79}},"62":{"start":{"line":234,"column":29},"end":{"line":234,"column":81}},"63":{"start":{"line":235,"column":13},"end":{"line":235,"column":36}},"64":{"start":{"line":236,"column":2},"end":{"line":248,"column":3}},"65":{"start":{"line":237,"column":4},"end":{"line":237,"column":32}},"66":{"start":{"line":238,"column":19},"end":{"line":238,"column":82}},"67":{"start":{"line":239,"column":25},"end":{"line":239,"column":74}},"68":{"start":{"line":240,"column":4},"end":{"line":240,"column":124}},"69":{"start":{"line":241,"column":4},"end":{"line":241,"column":149}},"70":{"start":{"line":242,"column":4},"end":{"line":242,"column":22}},"71":{"start":{"line":244,"column":4},"end":{"line":244,"column":24}},"72":{"start":{"line":245,"column":4},"end":{"line":245,"column":16}},"73":{"start":{"line":247,"column":4},"end":{"line":247,"column":19}},"74":{"start":{"line":250,"column":2},"end":{"line":255,"column":5}},"75":{"start":{"line":257,"column":2},"end":{"line":257,"column":61}},"76":{"start":{"line":261,"column":2},"end":{"line":263,"column":3}},"77":{"start":{"line":262,"column":4},"end":{"line":262,"column":62}},"78":{"start":{"line":265,"column":27},"end":{"line":265,"column":77}},"79":{"start":{"line":266,"column":25},"end":{"line":266,"column":73}},"80":{"start":{"line":267,"column":13},"end":{"line":267,"column":36}},"81":{"start":{"line":268,"column":2},"end":{"line":290,"column":3}},"82":{"start":{"line":269,"column":4},"end":{"line":269,"column":32}},"83":{"start":{"line":270,"column":25},"end":{"line":270,"column":86}},"84":{"start":{"line":271,"column":4},"end":{"line":273,"column":5}},"85":{"start":{"line":272,"column":6},"end":{"line":272,"column":57}},"86":{"start":{"line":275,"column":28},"end":{"line":275,"column":87}},"87":{"start":{"line":276,"column":28},"end":{"line":276,"column":83}},"88":{"start":{"line":277,"column":31},"end":{"line":277,"column":89}},"89":{"start":{"line":279,"column":4},"end":{"line":279,"column":125}},"90":{"start":{"line":280,"column":4},"end":{"line":280,"column":126}},"91":{"start":{"line":282,"column":4},"end":{"line":282,"column":144}},"92":{"start":{"line":283,"column":4},"end":{"line":283,"column":148}},"93":{"start":{"line":284,"column":4},"end":{"line":284,"column":22}},"94":{"start":{"line":286,"column":4},"end":{"line":286,"column":24}},"95":{"start":{"line":287,"column":4},"end":{"line":287,"column":16}},"96":{"start":{"line":289,"column":4},"end":{"line":289,"column":19}},"97":{"start":{"line":292,"column":2},"end":{"line":297,"column":5}},"98":{"start":{"line":307,"column":2},"end":{"line":309,"column":3}},"99":{"start":{"line":308,"column":4},"end":{"line":308,"column":63}},"100":{"start":{"line":311,"column":29},"end":{"line":311,"column":81}},"101":{"start":{"line":312,"column":32},"end":{"line":312,"column":87}},"102":{"start":{"line":313,"column":13},"end":{"line":313,"column":36}},"103":{"start":{"line":314,"column":16},"end":{"line":314,"column":17}},"104":{"start":{"line":315,"column":2},"end":{"line":345,"column":3}},"105":{"start":{"line":316,"column":4},"end":{"line":316,"column":32}},"106":{"start":{"line":317,"column":25},"end":{"line":317,"column":88}},"107":{"start":{"line":318,"column":4},"end":{"line":318,"column":68}},"108":{"start":{"line":320,"column":4},"end":{"line":322,"column":5}},"109":{"start":{"line":321,"column":6},"end":{"line":321,"column":78}},"110":{"start":{"line":324,"column":25},"end":{"line":324,"column":80}},"111":{"start":{"line":325,"column":22},"end":{"line":325,"column":74}},"112":{"start":{"line":327,"column":4},"end":{"line":330,"column":6}},"113":{"start":{"line":332,"column":26},"end":{"line":334,"column":null}},"114":{"start":{"line":336,"column":4},"end":{"line":336,"column":35}},"115":{"start":{"line":338,"column":4},"end":{"line":338,"column":168}},"116":{"start":{"line":339,"column":4},"end":{"line":339,"column":22}},"117":{"start":{"line":341,"column":4},"end":{"line":341,"column":24}},"118":{"start":{"line":342,"column":4},"end":{"line":342,"column":16}},"119":{"start":{"line":344,"column":4},"end":{"line":344,"column":19}},"120":{"start":{"line":347,"column":2},"end":{"line":352,"column":5}},"121":{"start":{"line":354,"column":2},"end":{"line":354,"column":17}},"122":{"start":{"line":358,"column":13},"end":{"line":358,"column":36}},"123":{"start":{"line":359,"column":2},"end":{"line":400,"column":3}},"124":{"start":{"line":360,"column":4},"end":{"line":360,"column":32}},"125":{"start":{"line":361,"column":24},"end":{"line":363,"column":null}},"126":{"start":{"line":365,"column":18},"end":{"line":365,"column":30}},"127":{"start":{"line":367,"column":4},"end":{"line":369,"column":5}},"128":{"start":{"line":368,"column":6},"end":{"line":368,"column":57}},"129":{"start":{"line":370,"column":4},"end":{"line":372,"column":5}},"130":{"start":{"line":371,"column":6},"end":{"line":371,"column":67}},"131":{"start":{"line":374,"column":25},"end":{"line":374,"column":107}},"132":{"start":{"line":375,"column":28},"end":{"line":375,"column":113}},"133":{"start":{"line":376,"column":19},"end":{"line":376,"column":41}},"134":{"start":{"line":378,"column":4},"end":{"line":380,"column":5}},"135":{"start":{"line":379,"column":6},"end":{"line":379,"column":88}},"136":{"start":{"line":382,"column":25},"end":{"line":382,"column":70}},"137":{"start":{"line":383,"column":31},"end":{"line":383,"column":82}},"138":{"start":{"line":385,"column":4},"end":{"line":385,"column":123}},"139":{"start":{"line":386,"column":4},"end":{"line":386,"column":135}},"140":{"start":{"line":387,"column":4},"end":{"line":390,"column":6}},"141":{"start":{"line":392,"column":4},"end":{"line":392,"column":177}},"142":{"start":{"line":393,"column":4},"end":{"line":393,"column":181}},"143":{"start":{"line":394,"column":4},"end":{"line":394,"column":22}},"144":{"start":{"line":396,"column":4},"end":{"line":396,"column":24}},"145":{"start":{"line":397,"column":4},"end":{"line":397,"column":16}},"146":{"start":{"line":399,"column":4},"end":{"line":399,"column":19}},"147":{"start":{"line":402,"column":2},"end":{"line":407,"column":5}},"148":{"start":{"line":411,"column":13},"end":{"line":411,"column":36}},"149":{"start":{"line":412,"column":2},"end":{"line":447,"column":3}},"150":{"start":{"line":413,"column":4},"end":{"line":413,"column":32}},"151":{"start":{"line":414,"column":24},"end":{"line":416,"column":null}},"152":{"start":{"line":418,"column":18},"end":{"line":418,"column":30}},"153":{"start":{"line":420,"column":4},"end":{"line":422,"column":5}},"154":{"start":{"line":421,"column":6},"end":{"line":421,"column":57}},"155":{"start":{"line":423,"column":4},"end":{"line":425,"column":5}},"156":{"start":{"line":424,"column":6},"end":{"line":424,"column":64}},"157":{"start":{"line":427,"column":25},"end":{"line":427,"column":107}},"158":{"start":{"line":428,"column":19},"end":{"line":428,"column":41}},"159":{"start":{"line":429,"column":28},"end":{"line":429,"column":76}},"160":{"start":{"line":430,"column":25},"end":{"line":430,"column":70}},"161":{"start":{"line":432,"column":4},"end":{"line":435,"column":6}},"162":{"start":{"line":436,"column":4},"end":{"line":439,"column":6}},"163":{"start":{"line":440,"column":4},"end":{"line":440,"column":165}},"164":{"start":{"line":441,"column":4},"end":{"line":441,"column":22}},"165":{"start":{"line":443,"column":4},"end":{"line":443,"column":24}},"166":{"start":{"line":444,"column":4},"end":{"line":444,"column":16}},"167":{"start":{"line":446,"column":4},"end":{"line":446,"column":19}},"168":{"start":{"line":449,"column":2},"end":{"line":454,"column":5}},"169":{"start":{"line":458,"column":16},"end":{"line":458,"column":46}},"170":{"start":{"line":459,"column":23},"end":{"line":459,"column":55}},"171":{"start":{"line":460,"column":13},"end":{"line":460,"column":36}},"172":{"start":{"line":461,"column":2},"end":{"line":482,"column":3}},"173":{"start":{"line":462,"column":19},"end":{"line":477,"column":null}},"174":{"start":{"line":479,"column":4},"end":{"line":479,"column":30}},"175":{"start":{"line":481,"column":4},"end":{"line":481,"column":19}},"176":{"start":{"line":486,"column":16},"end":{"line":486,"column":46}},"177":{"start":{"line":487,"column":23},"end":{"line":487,"column":55}},"178":{"start":{"line":488,"column":13},"end":{"line":488,"column":36}},"179":{"start":{"line":489,"column":2},"end":{"line":501,"column":3}},"180":{"start":{"line":490,"column":19},"end":{"line":496,"column":null}},"181":{"start":{"line":498,"column":4},"end":{"line":498,"column":36}},"182":{"start":{"line":500,"column":4},"end":{"line":500,"column":19}},"183":{"start":{"line":505,"column":16},"end":{"line":505,"column":46}},"184":{"start":{"line":506,"column":23},"end":{"line":506,"column":50}},"185":{"start":{"line":507,"column":13},"end":{"line":507,"column":36}},"186":{"start":{"line":508,"column":2},"end":{"line":534,"column":3}},"187":{"start":{"line":509,"column":24},"end":{"line":511,"column":93}},"188":{"start":{"line":512,"column":23},"end":{"line":514,"column":137}},"189":{"start":{"line":515,"column":23},"end":{"line":517,"column":117}},"190":{"start":{"line":518,"column":23},"end":{"line":520,"column":123}},"191":{"start":{"line":521,"column":29},"end":{"line":523,"column":107}},"192":{"start":{"line":525,"column":4},"end":{"line":531,"column":6}},"193":{"start":{"line":533,"column":4},"end":{"line":533,"column":19}},"194":{"start":{"line":538,"column":16},"end":{"line":538,"column":46}},"195":{"start":{"line":539,"column":23},"end":{"line":539,"column":50}},"196":{"start":{"line":540,"column":13},"end":{"line":540,"column":36}},"197":{"start":{"line":541,"column":2},"end":{"line":561,"column":3}},"198":{"start":{"line":542,"column":19},"end":{"line":556,"column":null}},"199":{"start":{"line":558,"column":4},"end":{"line":558,"column":31}},"200":{"start":{"line":560,"column":4},"end":{"line":560,"column":19}},"201":{"start":{"line":565,"column":16},"end":{"line":565,"column":46}},"202":{"start":{"line":566,"column":23},"end":{"line":566,"column":50}},"203":{"start":{"line":567,"column":13},"end":{"line":567,"column":36}},"204":{"start":{"line":568,"column":2},"end":{"line":591,"column":3}},"205":{"start":{"line":569,"column":19},"end":{"line":587,"column":14}},"206":{"start":{"line":588,"column":4},"end":{"line":588,"column":30}},"207":{"start":{"line":590,"column":4},"end":{"line":590,"column":19}},"208":{"start":{"line":595,"column":23},"end":{"line":595,"column":50}},"209":{"start":{"line":596,"column":16},"end":{"line":596,"column":46}},"210":{"start":{"line":597,"column":23},"end":{"line":597,"column":69}},"211":{"start":{"line":598,"column":13},"end":{"line":598,"column":36}},"212":{"start":{"line":599,"column":2},"end":{"line":628,"column":3}},"213":{"start":{"line":600,"column":19},"end":{"line":623,"column":null}},"214":{"start":{"line":625,"column":4},"end":{"line":625,"column":36}},"215":{"start":{"line":627,"column":4},"end":{"line":627,"column":19}},"216":{"start":{"line":632,"column":13},"end":{"line":632,"column":36}},"217":{"start":{"line":633,"column":19},"end":{"line":633,"column":56}},"218":{"start":{"line":634,"column":2},"end":{"line":642,"column":3}},"219":{"start":{"line":635,"column":21},"end":{"line":637,"column":null}},"220":{"start":{"line":639,"column":4},"end":{"line":639,"column":35}},"221":{"start":{"line":641,"column":4},"end":{"line":641,"column":19}},"222":{"start":{"line":646,"column":13},"end":{"line":646,"column":36}},"223":{"start":{"line":647,"column":19},"end":{"line":647,"column":56}},"224":{"start":{"line":648,"column":2},"end":{"line":656,"column":3}},"225":{"start":{"line":649,"column":21},"end":{"line":651,"column":null}},"226":{"start":{"line":653,"column":4},"end":{"line":653,"column":35}},"227":{"start":{"line":655,"column":4},"end":{"line":655,"column":19}},"228":{"start":{"line":660,"column":13},"end":{"line":660,"column":36}},"229":{"start":{"line":661,"column":25},"end":{"line":661,"column":55}},"230":{"start":{"line":662,"column":2},"end":{"line":674,"column":3}},"231":{"start":{"line":663,"column":19},"end":{"line":669,"column":null}},"232":{"start":{"line":671,"column":4},"end":{"line":671,"column":39}},"233":{"start":{"line":673,"column":4},"end":{"line":673,"column":19}},"234":{"start":{"line":678,"column":13},"end":{"line":678,"column":36}},"235":{"start":{"line":679,"column":25},"end":{"line":679,"column":55}},"236":{"start":{"line":680,"column":2},"end":{"line":701,"column":3}},"237":{"start":{"line":681,"column":23},"end":{"line":687,"column":null}},"238":{"start":{"line":690,"column":18},"end":{"line":690,"column":43}},"239":{"start":{"line":691,"column":20},"end":{"line":691,"column":47}},"240":{"start":{"line":694,"column":4},"end":{"line":696,"column":5}},"241":{"start":{"line":695,"column":6},"end":{"line":695,"column":18}},"242":{"start":{"line":698,"column":4},"end":{"line":698,"column":23}},"243":{"start":{"line":700,"column":4},"end":{"line":700,"column":19}}},"fnMap":{"0":{"name":"toAmount","decl":{"start":{"line":84,"column":9},"end":{"line":84,"column":17}},"loc":{"start":{"line":84,"column":40},"end":{"line":86,"column":1}}},"1":{"name":"parseCoinAmount","decl":{"start":{"line":88,"column":16},"end":{"line":88,"column":31}},"loc":{"start":{"line":88,"column":45},"end":{"line":92,"column":1}}},"2":{"name":"normalizeServerScope","decl":{"start":{"line":96,"column":9},"end":{"line":96,"column":29}},"loc":{"start":{"line":96,"column":46},"end":{"line":98,"column":1}}},"3":{"name":"toScopedUserId","decl":{"start":{"line":100,"column":9},"end":{"line":100,"column":23}},"loc":{"start":{"line":100,"column":56},"end":{"line":103,"column":1}}},"4":{"name":"fromScopedUserId","decl":{"start":{"line":105,"column":9},"end":{"line":105,"column":25}},"loc":{"start":{"line":105,"column":46},"end":{"line":109,"column":1}}},"5":{"name":"buildServerPrefix","decl":{"start":{"line":111,"column":9},"end":{"line":111,"column":26}},"loc":{"start":{"line":111,"column":43},"end":{"line":114,"column":1}}},"6":{"name":"ensureWallet","decl":{"start":{"line":116,"column":15},"end":{"line":116,"column":27}},"loc":{"start":{"line":116,"column":84},"end":{"line":118,"column":1}}},"7":{"name":"mapWallet","decl":{"start":{"line":120,"column":9},"end":{"line":120,"column":18}},"loc":{"start":{"line":120,"column":33},"end":{"line":129,"column":1}}},"8":{"name":"mapOffer","decl":{"start":{"line":131,"column":9},"end":{"line":131,"column":17}},"loc":{"start":{"line":131,"column":31},"end":{"line":144,"column":1}}},"9":{"name":"mapTransaction","decl":{"start":{"line":146,"column":9},"end":{"line":146,"column":23}},"loc":{"start":{"line":146,"column":43},"end":{"line":159,"column":1}}},"10":{"name":"mapAllowlistEntry","decl":{"start":{"line":161,"column":9},"end":{"line":161,"column":26}},"loc":{"start":{"line":161,"column":44},"end":{"line":168,"column":1}}},"11":{"name":"getLockedWallet","decl":{"start":{"line":170,"column":15},"end":{"line":170,"column":30}},"loc":{"start":{"line":170,"column":87},"end":{"line":193,"column":1}}},"12":{"name":"insertTransaction","decl":{"start":{"line":195,"column":15},"end":{"line":195,"column":32}},"loc":{"start":{"line":204,"column":24},"end":{"line":212,"column":1}}},"13":{"name":"getCoinWallet","decl":{"start":{"line":214,"column":22},"end":{"line":214,"column":35}},"loc":{"start":{"line":214,"column":65},"end":{"line":230,"column":1}}},"14":{"name":"grantCoins","decl":{"start":{"line":232,"column":22},"end":{"line":232,"column":32}},"loc":{"start":{"line":232,"column":138},"end":{"line":258,"column":1}}},"15":{"name":"transferCoins","decl":{"start":{"line":260,"column":22},"end":{"line":260,"column":35}},"loc":{"start":{"line":260,"column":118},"end":{"line":298,"column":1}}},"16":{"name":"createExchangeOffer","decl":{"start":{"line":300,"column":22},"end":{"line":300,"column":41}},"loc":{"start":{"line":306,"column":1},"end":{"line":355,"column":1}}},"17":{"name":"acceptExchangeOffer","decl":{"start":{"line":357,"column":22},"end":{"line":357,"column":41}},"loc":{"start":{"line":357,"column":112},"end":{"line":408,"column":1}}},"18":{"name":"cancelExchangeOffer","decl":{"start":{"line":410,"column":22},"end":{"line":410,"column":41}},"loc":{"start":{"line":410,"column":112},"end":{"line":455,"column":1}}},"19":{"name":"listUserOffers","decl":{"start":{"line":457,"column":22},"end":{"line":457,"column":36}},"loc":{"start":{"line":457,"column":72},"end":{"line":483,"column":1}}},"20":{"name":"listUserTransactions","decl":{"start":{"line":485,"column":22},"end":{"line":485,"column":42}},"loc":{"start":{"line":485,"column":84},"end":{"line":502,"column":1}}},"21":{"name":"getCoinExchangeOverview","decl":{"start":{"line":504,"column":22},"end":{"line":504,"column":45}},"loc":{"start":{"line":504,"column":59},"end":{"line":535,"column":1}}},"22":{"name":"listCoinWallets","decl":{"start":{"line":537,"column":22},"end":{"line":537,"column":37}},"loc":{"start":{"line":537,"column":63},"end":{"line":562,"column":1}}},"23":{"name":"listCoinOffers","decl":{"start":{"line":564,"column":22},"end":{"line":564,"column":36}},"loc":{"start":{"line":564,"column":75},"end":{"line":592,"column":1}}},"24":{"name":"listCoinTransactions","decl":{"start":{"line":594,"column":22},"end":{"line":594,"column":42}},"loc":{"start":{"line":594,"column":82},"end":{"line":629,"column":1}}},"25":{"name":"addUserToExchangeAllowlist","decl":{"start":{"line":631,"column":22},"end":{"line":631,"column":48}},"loc":{"start":{"line":631,"column":116},"end":{"line":643,"column":1}}},"26":{"name":"removeUserFromExchangeAllowlist","decl":{"start":{"line":645,"column":22},"end":{"line":645,"column":53}},"loc":{"start":{"line":645,"column":98},"end":{"line":657,"column":1}}},"27":{"name":"listExchangeAllowlist","decl":{"start":{"line":659,"column":22},"end":{"line":659,"column":43}},"loc":{"start":{"line":659,"column":73},"end":{"line":675,"column":1}}},"28":{"name":"isExchangeUserAllowed","decl":{"start":{"line":677,"column":22},"end":{"line":677,"column":43}},"loc":{"start":{"line":677,"column":76},"end":{"line":702,"column":1}}}},"branchMap":{"0":{"loc":{"start":{"line":90,"column":2},"end":{"line":90,"column":57}},"type":"if","locations":[{"start":{"line":90,"column":2},"end":{"line":90,"column":57}},{"start":{},"end":{}}]},"1":{"loc":{"start":{"line":90,"column":6},"end":{"line":90,"column":43}},"type":"binary-expr","locations":[{"start":{"line":90,"column":6},"end":{"line":90,"column":29}},{"start":{"line":90,"column":33},"end":{"line":90,"column":43}}]},"2":{"loc":{"start":{"line":102,"column":9},"end":{"line":102,"column":63}},"type":"cond-expr","locations":[{"start":{"line":102,"column":17},"end":{"line":102,"column":54}},{"start":{"line":102,"column":57},"end":{"line":102,"column":63}}]},"3":{"loc":{"start":{"line":107,"column":2},"end":{"line":107,"column":45}},"type":"if","locations":[{"start":{"line":107,"column":2},"end":{"line":107,"column":45}},{"start":{},"end":{}}]},"4":{"loc":{"start":{"line":113,"column":9},"end":{"line":113,"column":52}},"type":"cond-expr","locations":[{"start":{"line":113,"column":17},"end":{"line":113,"column":46}},{"start":{"line":113,"column":49},"end":{"line":113,"column":52}}]},"5":{"loc":{"start":{"line":150,"column":24},"end":{"line":150,"column":100}},"type":"cond-expr","locations":[{"start":{"line":150,"column":51},"end":{"line":150,"column":93}},{"start":{"line":150,"column":96},"end":{"line":150,"column":100}}]},"6":{"loc":{"start":{"line":177,"column":2},"end":{"line":179,"column":3}},"type":"if","locations":[{"start":{"line":177,"column":2},"end":{"line":179,"column":3}},{"start":{},"end":{}}]},"7":{"loc":{"start":{"line":182,"column":2},"end":{"line":190,"column":3}},"type":"if","locations":[{"start":{"line":182,"column":2},"end":{"line":190,"column":3}},{"start":{},"end":{}}]},"8":{"loc":{"start":{"line":187,"column":4},"end":{"line":189,"column":5}},"type":"if","locations":[{"start":{"line":187,"column":4},"end":{"line":189,"column":5}},{"start":{},"end":{}}]},"9":{"loc":{"start":{"line":214,"column":52},"end":{"line":214,"column":65}},"type":"default-arg","locations":[{"start":{"line":214,"column":63},"end":{"line":214,"column":65}}]},"10":{"loc":{"start":{"line":223,"column":4},"end":{"line":225,"column":5}},"type":"if","locations":[{"start":{"line":223,"column":4},"end":{"line":225,"column":5}},{"start":{},"end":{}}]},"11":{"loc":{"start":{"line":241,"column":125},"end":{"line":241,"column":147}},"type":"binary-expr","locations":[{"start":{"line":241,"column":125},"end":{"line":241,"column":139}},{"start":{"line":241,"column":143},"end":{"line":241,"column":147}}]},"12":{"loc":{"start":{"line":261,"column":2},"end":{"line":263,"column":3}},"type":"if","locations":[{"start":{"line":261,"column":2},"end":{"line":263,"column":3}},{"start":{},"end":{}}]},"13":{"loc":{"start":{"line":271,"column":4},"end":{"line":273,"column":5}},"type":"if","locations":[{"start":{"line":271,"column":4},"end":{"line":273,"column":5}},{"start":{},"end":{}}]},"14":{"loc":{"start":{"line":307,"column":2},"end":{"line":309,"column":3}},"type":"if","locations":[{"start":{"line":307,"column":2},"end":{"line":309,"column":3}},{"start":{},"end":{}}]},"15":{"loc":{"start":{"line":320,"column":4},"end":{"line":322,"column":5}},"type":"if","locations":[{"start":{"line":320,"column":4},"end":{"line":322,"column":5}},{"start":{},"end":{}}]},"16":{"loc":{"start":{"line":334,"column":65},"end":{"line":334,"column":84}},"type":"binary-expr","locations":[{"start":{"line":334,"column":65},"end":{"line":334,"column":76}},{"start":{"line":334,"column":80},"end":{"line":334,"column":84}}]},"17":{"loc":{"start":{"line":338,"column":136},"end":{"line":338,"column":166}},"type":"binary-expr","locations":[{"start":{"line":338,"column":136},"end":{"line":338,"column":147}},{"start":{"line":338,"column":151},"end":{"line":338,"column":166}}]},"18":{"loc":{"start":{"line":367,"column":4},"end":{"line":369,"column":5}},"type":"if","locations":[{"start":{"line":367,"column":4},"end":{"line":369,"column":5}},{"start":{},"end":{}}]},"19":{"loc":{"start":{"line":367,"column":8},"end":{"line":367,"column":41}},"type":"binary-expr","locations":[{"start":{"line":367,"column":8},"end":{"line":367,"column":14}},{"start":{"line":367,"column":18},"end":{"line":367,"column":41}}]},"20":{"loc":{"start":{"line":370,"column":4},"end":{"line":372,"column":5}},"type":"if","locations":[{"start":{"line":370,"column":4},"end":{"line":372,"column":5}},{"start":{},"end":{}}]},"21":{"loc":{"start":{"line":378,"column":4},"end":{"line":380,"column":5}},"type":"if","locations":[{"start":{"line":378,"column":4},"end":{"line":380,"column":5}},{"start":{},"end":{}}]},"22":{"loc":{"start":{"line":393,"column":149},"end":{"line":393,"column":179}},"type":"binary-expr","locations":[{"start":{"line":393,"column":149},"end":{"line":393,"column":159}},{"start":{"line":393,"column":163},"end":{"line":393,"column":179}}]},"23":{"loc":{"start":{"line":420,"column":4},"end":{"line":422,"column":5}},"type":"if","locations":[{"start":{"line":420,"column":4},"end":{"line":422,"column":5}},{"start":{},"end":{}}]},"24":{"loc":{"start":{"line":420,"column":8},"end":{"line":420,"column":41}},"type":"binary-expr","locations":[{"start":{"line":420,"column":8},"end":{"line":420,"column":14}},{"start":{"line":420,"column":18},"end":{"line":420,"column":41}}]},"25":{"loc":{"start":{"line":423,"column":4},"end":{"line":425,"column":5}},"type":"if","locations":[{"start":{"line":423,"column":4},"end":{"line":425,"column":5}},{"start":{},"end":{}}]},"26":{"loc":{"start":{"line":457,"column":53},"end":{"line":457,"column":72}},"type":"default-arg","locations":[{"start":{"line":457,"column":64},"end":{"line":457,"column":72}}]},"27":{"loc":{"start":{"line":462,"column":19},"end":{"line":477,"column":null}},"type":"cond-expr","locations":[{"start":{"line":463,"column":8},"end":{"line":469,"column":null}},{"start":{"line":471,"column":8},"end":{"line":477,"column":null}}]},"28":{"loc":{"start":{"line":485,"column":59},"end":{"line":485,"column":69}},"type":"default-arg","locations":[{"start":{"line":485,"column":67},"end":{"line":485,"column":69}}]},"29":{"loc":{"start":{"line":485,"column":71},"end":{"line":485,"column":84}},"type":"default-arg","locations":[{"start":{"line":485,"column":82},"end":{"line":485,"column":84}}]},"30":{"loc":{"start":{"line":496,"column":7},"end":{"line":496,"column":36}},"type":"cond-expr","locations":[{"start":{"line":496,"column":15},"end":{"line":496,"column":27}},{"start":{"line":496,"column":30},"end":{"line":496,"column":36}}]},"31":{"loc":{"start":{"line":504,"column":46},"end":{"line":504,"column":59}},"type":"default-arg","locations":[{"start":{"line":504,"column":57},"end":{"line":504,"column":59}}]},"32":{"loc":{"start":{"line":509,"column":24},"end":{"line":511,"column":93}},"type":"cond-expr","locations":[{"start":{"line":510,"column":9},"end":{"line":510,"column":108}},{"start":{"line":511,"column":9},"end":{"line":511,"column":71}}]},"33":{"loc":{"start":{"line":512,"column":23},"end":{"line":514,"column":137}},"type":"cond-expr","locations":[{"start":{"line":513,"column":9},"end":{"line":513,"column":152}},{"start":{"line":514,"column":9},"end":{"line":514,"column":115}}]},"34":{"loc":{"start":{"line":515,"column":23},"end":{"line":517,"column":117}},"type":"cond-expr","locations":[{"start":{"line":516,"column":9},"end":{"line":516,"column":132}},{"start":{"line":517,"column":9},"end":{"line":517,"column":95}}]},"35":{"loc":{"start":{"line":518,"column":23},"end":{"line":520,"column":123}},"type":"cond-expr","locations":[{"start":{"line":519,"column":9},"end":{"line":519,"column":143}},{"start":{"line":520,"column":9},"end":{"line":520,"column":101}}]},"36":{"loc":{"start":{"line":521,"column":29},"end":{"line":523,"column":107}},"type":"cond-expr","locations":[{"start":{"line":522,"column":9},"end":{"line":522,"column":122}},{"start":{"line":523,"column":9},"end":{"line":523,"column":85}}]},"37":{"loc":{"start":{"line":537,"column":38},"end":{"line":537,"column":48}},"type":"default-arg","locations":[{"start":{"line":537,"column":46},"end":{"line":537,"column":48}}]},"38":{"loc":{"start":{"line":537,"column":50},"end":{"line":537,"column":63}},"type":"default-arg","locations":[{"start":{"line":537,"column":61},"end":{"line":537,"column":63}}]},"39":{"loc":{"start":{"line":542,"column":19},"end":{"line":556,"column":null}},"type":"cond-expr","locations":[{"start":{"line":543,"column":8},"end":{"line":549,"column":null}},{"start":{"line":551,"column":8},"end":{"line":556,"column":null}}]},"40":{"loc":{"start":{"line":564,"column":37},"end":{"line":564,"column":47}},"type":"default-arg","locations":[{"start":{"line":564,"column":45},"end":{"line":564,"column":47}}]},"41":{"loc":{"start":{"line":564,"column":49},"end":{"line":564,"column":60}},"type":"default-arg","locations":[{"start":{"line":564,"column":58},"end":{"line":564,"column":60}}]},"42":{"loc":{"start":{"line":564,"column":62},"end":{"line":564,"column":75}},"type":"default-arg","locations":[{"start":{"line":564,"column":73},"end":{"line":564,"column":75}}]},"43":{"loc":{"start":{"line":569,"column":19},"end":{"line":587,"column":14}},"type":"cond-expr","locations":[{"start":{"line":570,"column":9},"end":{"line":577,"column":null}},{"start":{"line":579,"column":9},"end":{"line":586,"column":null}}]},"44":{"loc":{"start":{"line":570,"column":9},"end":{"line":577,"column":null}},"type":"cond-expr","locations":[{"start":{"line":571,"column":12},"end":{"line":573,"column":null}},{"start":{"line":575,"column":12},"end":{"line":577,"column":null}}]},"45":{"loc":{"start":{"line":579,"column":9},"end":{"line":586,"column":null}},"type":"cond-expr","locations":[{"start":{"line":580,"column":12},"end":{"line":582,"column":null}},{"start":{"line":584,"column":12},"end":{"line":586,"column":null}}]},"46":{"loc":{"start":{"line":594,"column":43},"end":{"line":594,"column":54}},"type":"default-arg","locations":[{"start":{"line":594,"column":51},"end":{"line":594,"column":54}}]},"47":{"loc":{"start":{"line":594,"column":56},"end":{"line":594,"column":67}},"type":"default-arg","locations":[{"start":{"line":594,"column":65},"end":{"line":594,"column":67}}]},"48":{"loc":{"start":{"line":594,"column":69},"end":{"line":594,"column":82}},"type":"default-arg","locations":[{"start":{"line":594,"column":80},"end":{"line":594,"column":82}}]},"49":{"loc":{"start":{"line":597,"column":23},"end":{"line":597,"column":69}},"type":"cond-expr","locations":[{"start":{"line":597,"column":32},"end":{"line":597,"column":64}},{"start":{"line":597,"column":67},"end":{"line":597,"column":69}}]},"50":{"loc":{"start":{"line":600,"column":19},"end":{"line":623,"column":null}},"type":"cond-expr","locations":[{"start":{"line":601,"column":8},"end":{"line":607,"column":null}},{"start":{"line":609,"column":8},"end":{"line":623,"column":null}}]},"51":{"loc":{"start":{"line":607,"column":11},"end":{"line":607,"column":40}},"type":"cond-expr","locations":[{"start":{"line":607,"column":19},"end":{"line":607,"column":31}},{"start":{"line":607,"column":34},"end":{"line":607,"column":40}}]},"52":{"loc":{"start":{"line":609,"column":8},"end":{"line":623,"column":null}},"type":"cond-expr","locations":[{"start":{"line":610,"column":10},"end":{"line":616,"column":null}},{"start":{"line":618,"column":10},"end":{"line":623,"column":null}}]},"53":{"loc":{"start":{"line":659,"column":62},"end":{"line":659,"column":73}},"type":"default-arg","locations":[{"start":{"line":659,"column":70},"end":{"line":659,"column":73}}]},"54":{"loc":{"start":{"line":690,"column":25},"end":{"line":690,"column":42}},"type":"binary-expr","locations":[{"start":{"line":690,"column":25},"end":{"line":690,"column":37}},{"start":{"line":690,"column":41},"end":{"line":690,"column":42}}]},"55":{"loc":{"start":{"line":691,"column":27},"end":{"line":691,"column":46}},"type":"binary-expr","locations":[{"start":{"line":691,"column":27},"end":{"line":691,"column":41}},{"start":{"line":691,"column":45},"end":{"line":691,"column":46}}]},"56":{"loc":{"start":{"line":694,"column":4},"end":{"line":696,"column":5}},"type":"if","locations":[{"start":{"line":694,"column":4},"end":{"line":696,"column":5}},{"start":{},"end":{}}]}},"s":{"0":1,"1":1,"2":1,"3":1,"4":1,"5":1,"6":1,"7":1,"8":1,"9":1,"10":1,"11":1,"12":1,"13":1,"14":1,"15":1,"16":1,"17":1,"18":1,"19":99,"20":4,"21":4,"22":3,"23":1,"24":1,"25":82,"26":61,"27":61,"28":49,"29":49,"30":43,"31":6,"32":9,"33":9,"34":22,"35":21,"36":21,"37":21,"38":4,"39":5,"40":0,"41":16,"42":16,"43":16,"44":16,"45":13,"46":3,"47":3,"48":3,"49":3,"50":0,"51":11,"52":3,"53":3,"54":3,"55":3,"56":3,"57":3,"58":0,"59":3,"60":3,"61":3,"62":3,"63":3,"64":3,"65":3,"66":3,"67":3,"68":3,"69":2,"70":2,"71":1,"72":1,"73":3,"74":2,"75":2,"76":3,"77":1,"78":2,"79":2,"80":2,"81":2,"82":2,"83":2,"84":2,"85":1,"86":1,"87":1,"88":1,"89":1,"90":1,"91":1,"92":1,"93":1,"94":1,"95":1,"96":2,"97":1,"98":4,"99":1,"100":3,"101":3,"102":3,"103":3,"104":3,"105":3,"106":3,"107":3,"108":3,"109":1,"110":2,"111":2,"112":2,"113":2,"114":2,"115":2,"116":2,"117":1,"118":1,"119":3,"120":2,"121":2,"122":5,"123":5,"124":5,"125":5,"126":5,"127":5,"128":1,"129":4,"130":1,"131":3,"132":3,"133":3,"134":3,"135":1,"136":2,"137":2,"138":2,"139":2,"140":2,"141":2,"142":2,"143":2,"144":3,"145":3,"146":5,"147":2,"148":3,"149":3,"150":3,"151":3,"152":3,"153":3,"154":1,"155":2,"156":1,"157":1,"158":1,"159":1,"160":1,"161":1,"162":1,"163":1,"164":1,"165":2,"166":2,"167":3,"168":1,"169":1,"170":1,"171":1,"172":1,"173":1,"174":1,"175":1,"176":2,"177":2,"178":2,"179":2,"180":2,"181":2,"182":2,"183":1,"184":1,"185":1,"186":1,"187":1,"188":1,"189":1,"190":1,"191":1,"192":1,"193":1,"194":2,"195":2,"196":2,"197":2,"198":2,"199":2,"200":2,"201":3,"202":3,"203":3,"204":3,"205":3,"206":3,"207":3,"208":3,"209":3,"210":3,"211":3,"212":3,"213":3,"214":3,"215":3,"216":0,"217":0,"218":0,"219":0,"220":0,"221":0,"222":0,"223":0,"224":0,"225":0,"226":0,"227":0,"228":0,"229":0,"230":0,"231":0,"232":0,"233":0,"234":0,"235":0,"236":0,"237":0,"238":0,"239":0,"240":0,"241":0,"242":0,"243":0},"f":{"0":99,"1":4,"2":82,"3":61,"4":49,"5":9,"6":22,"7":21,"8":4,"9":5,"10":0,"11":16,"12":11,"13":3,"14":3,"15":3,"16":4,"17":5,"18":3,"19":1,"20":2,"21":1,"22":2,"23":3,"24":3,"25":0,"26":0,"27":0,"28":0},"b":{"0":[3,1],"1":[4,3],"2":[56,5],"3":[43,6],"4":[0,9],"5":[2,3],"6":[13,3],"7":[3,0],"8":[3,0],"9":[1],"10":[0,3],"11":[2,1],"12":[1,2],"13":[1,1],"14":[1,3],"15":[1,2],"16":[2,1],"17":[2,1],"18":[1,4],"19":[5,5],"20":[1,3],"21":[1,2],"22":[2,1],"23":[1,2],"24":[3,3],"25":[1,1],"26":[1],"27":[1,0],"28":[1],"29":[2],"30":[0,2],"31":[1],"32":[0,1],"33":[0,1],"34":[0,1],"35":[0,1],"36":[0,1],"37":[1],"38":[2],"39":[0,2],"40":[1],"41":[1],"42":[3],"43":[0,3],"44":[0,0],"45":[1,2],"46":[1],"47":[1],"48":[3],"49":[1,2],"50":[1,2],"51":[0,1],"52":[0,2],"53":[0],"54":[0,0],"55":[0,0],"56":[0,0]}}
,"/home/cyber44/chase-the-bag-platform/src/db.ts": {"path":"/home/cyber44/chase-the-bag-platform/src/db.ts","statementMap":{"0":{"start":{"line":8,"column":0},"end":{"line":8,"column":7}},"1":{"start":{"line":2,"column":0},"end":{"line":2,"column":35}},"2":{"start":{"line":5,"column":2},"end":{"line":5,"column":77}},"3":{"start":{"line":9,"column":23},"end":{"line":9,"column":56}},"4":{"start":{"line":10,"column":22},"end":{"line":10,"column":68}},"5":{"start":{"line":10,"column":52},"end":{"line":10,"column":67}},"6":{"start":{"line":12,"column":2},"end":{"line":14,"column":3}},"7":{"start":{"line":13,"column":4},"end":{"line":13,"column":130}},"8":{"start":{"line":13,"column":89},"end":{"line":13,"column":114}},"9":{"start":{"line":16,"column":2},"end":{"line":22,"column":5}}},"fnMap":{"0":{"name":"getDbEnv","decl":{"start":{"line":4,"column":9},"end":{"line":4,"column":17}},"loc":{"start":{"line":4,"column":66},"end":{"line":6,"column":1}}},"1":{"name":"getDbConnection","decl":{"start":{"line":8,"column":22},"end":{"line":8,"column":37}},"loc":{"start":{"line":8,"column":37},"end":{"line":23,"column":1}}},"2":{"name":"(anonymous_3)","decl":{"start":{"line":10,"column":42},"end":{"line":10,"column":43}},"loc":{"start":{"line":10,"column":52},"end":{"line":10,"column":67}}},"3":{"name":"(anonymous_4)","decl":{"start":{"line":13,"column":79},"end":{"line":13,"column":80}},"loc":{"start":{"line":13,"column":89},"end":{"line":13,"column":114}}}},"branchMap":{"0":{"loc":{"start":{"line":5,"column":9},"end":{"line":5,"column":76}},"type":"binary-expr","locations":[{"start":{"line":5,"column":9},"end":{"line":5,"column":47}},{"start":{"line":5,"column":51},"end":{"line":5,"column":76}}]},"1":{"loc":{"start":{"line":12,"column":2},"end":{"line":14,"column":3}},"type":"if","locations":[{"start":{"line":12,"column":2},"end":{"line":14,"column":3}},{"start":{},"end":{}}]},"2":{"loc":{"start":{"line":18,"column":10},"end":{"line":18,"column":60}},"type":"cond-expr","locations":[{"start":{"line":18,"column":29},"end":{"line":18,"column":53}},{"start":{"line":18,"column":56},"end":{"line":18,"column":60}}]}},"s":{"0":1,"1":1,"2":28,"3":4,"4":4,"5":12,"6":4,"7":1,"8":3,"9":3},"f":{"0":28,"1":4,"2":12,"3":3},"b":{"0":[28,15],"1":[1,3],"2":[1,2]}}
,"/home/cyber44/chase-the-bag-platform/src/export-data.ts": {"path":"/home/cyber44/chase-the-bag-platform/src/export-data.ts","statementMap":{"0":{"start":{"line":7,"column":0},"end":{"line":7,"column":7}},"1":{"start":{"line":2,"column":0},"end":{"line":2,"column":39}},"2":{"start":{"line":3,"column":0},"end":{"line":3,"column":32}},"3":{"start":{"line":5,"column":0},"end":{"line":5,"column":20}},"4":{"start":{"line":8,"column":13},"end":{"line":8,"column":36}},"5":{"start":{"line":9,"column":17},"end":{"line":9,"column":71}},"6":{"start":{"line":10,"column":18},"end":{"line":10,"column":57}},"7":{"start":{"line":11,"column":17},"end":{"line":11,"column":49}},"8":{"start":{"line":12,"column":2},"end":{"line":12,"column":23}},"9":{"start":{"line":14,"column":2},"end":{"line":17,"column":3}},"10":{"start":{"line":15,"column":19},"end":{"line":15,"column":61}},"11":{"start":{"line":16,"column":4},"end":{"line":16,"column":77}},"12":{"start":{"line":19,"column":2},"end":{"line":19,"column":27}},"13":{"start":{"line":20,"column":2},"end":{"line":20,"column":20}}},"fnMap":{"0":{"name":"exportAllDataZip","decl":{"start":{"line":7,"column":22},"end":{"line":7,"column":38}},"loc":{"start":{"line":7,"column":71},"end":{"line":21,"column":1}}}},"branchMap":{"0":{"loc":{"start":{"line":7,"column":39},"end":{"line":7,"column":71}},"type":"default-arg","locations":[{"start":{"line":7,"column":52},"end":{"line":7,"column":71}}]}},"s":{"0":2,"1":2,"2":2,"3":2,"4":2,"5":2,"6":2,"7":2,"8":2,"9":2,"10":8,"11":8,"12":2,"13":2},"f":{"0":2},"b":{"0":[1]}}
,"/home/cyber44/chase-the-bag-platform/src/games.ts": {"path":"/home/cyber44/chase-the-bag-platform/src/games.ts","statementMap":{"0":{"start":{"line":55,"column":0},"end":{"line":55,"column":16}},"1":{"start":{"line":82,"column":0},"end":{"line":82,"column":16}},"2":{"start":{"line":102,"column":0},"end":{"line":102,"column":16}},"3":{"start":{"line":3,"column":24},"end":{"line":3,"column":90}},"4":{"start":{"line":4,"column":27},"end":{"line":4,"column":72}},"5":{"start":{"line":5,"column":19},"end":{"line":5,"column":20}},"6":{"start":{"line":6,"column":19},"end":{"line":6,"column":20}},"7":{"start":{"line":9,"column":4},"end":{"line":9,"column":41}},"8":{"start":{"line":13,"column":4},"end":{"line":13,"column":70}},"9":{"start":{"line":17,"column":16},"end":{"line":17,"column":17}},"10":{"start":{"line":18,"column":15},"end":{"line":18,"column":16}},"11":{"start":{"line":20,"column":4},"end":{"line":29,"column":5}},"12":{"start":{"line":21,"column":8},"end":{"line":28,"column":9}},"13":{"start":{"line":22,"column":12},"end":{"line":22,"column":22}},"14":{"start":{"line":23,"column":12},"end":{"line":23,"column":24}},"15":{"start":{"line":24,"column":15},"end":{"line":28,"column":9}},"16":{"start":{"line":25,"column":12},"end":{"line":25,"column":24}},"17":{"start":{"line":27,"column":12},"end":{"line":27,"column":34}},"18":{"start":{"line":31,"column":4},"end":{"line":34,"column":5}},"19":{"start":{"line":32,"column":8},"end":{"line":32,"column":20}},"20":{"start":{"line":33,"column":8},"end":{"line":33,"column":18}},"21":{"start":{"line":36,"column":4},"end":{"line":36,"column":17}},"22":{"start":{"line":40,"column":28},"end":{"line":40,"column":30}},"23":{"start":{"line":43,"column":4},"end":{"line":50,"column":5}},"24":{"start":{"line":43,"column":21},"end":{"line":43,"column":22}},"25":{"start":{"line":44,"column":8},"end":{"line":47,"column":9}},"26":{"start":{"line":45,"column":12},"end":{"line":45,"column":63}},"27":{"start":{"line":46,"column":12},"end":{"line":46,"column":21}},"28":{"start":{"line":49,"column":8},"end":{"line":49,"column":24}},"29":{"start":{"line":52,"column":4},"end":{"line":52,"column":110}},"30":{"start":{"line":56,"column":23},"end":{"line":56,"column":77}},"31":{"start":{"line":57,"column":23},"end":{"line":57,"column":77}},"32":{"start":{"line":59,"column":4},"end":{"line":61,"column":5}},"33":{"start":{"line":60,"column":8},"end":{"line":60,"column":51}},"34":{"start":{"line":63,"column":4},"end":{"line":65,"column":5}},"35":{"start":{"line":64,"column":8},"end":{"line":64,"column":51}},"36":{"start":{"line":67,"column":24},"end":{"line":67,"column":53}},"37":{"start":{"line":68,"column":24},"end":{"line":68,"column":53}},"38":{"start":{"line":70,"column":18},"end":{"line":70,"column":24}},"39":{"start":{"line":71,"column":4},"end":{"line":77,"column":5}},"40":{"start":{"line":72,"column":8},"end":{"line":72,"column":32}},"41":{"start":{"line":73,"column":11},"end":{"line":77,"column":5}},"42":{"start":{"line":74,"column":8},"end":{"line":74,"column":32}},"43":{"start":{"line":75,"column":11},"end":{"line":77,"column":5}},"44":{"start":{"line":76,"column":8},"end":{"line":76,"column":32}},"45":{"start":{"line":79,"column":4},"end":{"line":79,"column":150}},"46":{"start":{"line":83,"column":32},"end":{"line":83,"column":34}},"47":{"start":{"line":84,"column":19},"end":{"line":84,"column":66}},"48":{"start":{"line":86,"column":4},"end":{"line":94,"column":5}},"49":{"start":{"line":86,"column":20},"end":{"line":86,"column":21}},"50":{"start":{"line":87,"column":26},"end":{"line":87,"column":52}},"51":{"start":{"line":88,"column":8},"end":{"line":88,"column":34}},"52":{"start":{"line":89,"column":8},"end":{"line":93,"column":9}},"53":{"start":{"line":90,"column":12},"end":{"line":90,"column":49}},"54":{"start":{"line":92,"column":12},"end":{"line":92,"column":77}},"55":{"start":{"line":96,"column":23},"end":{"line":96,"column":51}},"56":{"start":{"line":97,"column":17},"end":{"line":97,"column":29}},"57":{"start":{"line":99,"column":4},"end":{"line":99,"column":118}},"58":{"start":{"line":103,"column":26},"end":{"line":103,"column":43}},"59":{"start":{"line":104,"column":19},"end":{"line":104,"column":20}},"60":{"start":{"line":105,"column":4},"end":{"line":108,"column":5}},"61":{"start":{"line":106,"column":8},"end":{"line":106,"column":57}},"62":{"start":{"line":107,"column":8},"end":{"line":107,"column":22}},"63":{"start":{"line":110,"column":4},"end":{"line":112,"column":5}},"64":{"start":{"line":110,"column":17},"end":{"line":110,"column":18}},"65":{"start":{"line":111,"column":8},"end":{"line":111,"column":29}},"66":{"start":{"line":114,"column":23},"end":{"line":114,"column":52}},"67":{"start":{"line":115,"column":21},"end":{"line":115,"column":51}},"68":{"start":{"line":116,"column":22},"end":{"line":116,"column":45}},"69":{"start":{"line":118,"column":23},"end":{"line":118,"column":82}},"70":{"start":{"line":119,"column":18},"end":{"line":119,"column":60}},"71":{"start":{"line":121,"column":4},"end":{"line":123,"column":5}},"72":{"start":{"line":122,"column":8},"end":{"line":122,"column":84}},"73":{"start":{"line":125,"column":4},"end":{"line":125,"column":98}}},"fnMap":{"0":{"name":"pickIndex","decl":{"start":{"line":8,"column":9},"end":{"line":8,"column":18}},"loc":{"start":{"line":8,"column":55},"end":{"line":10,"column":1}}},"1":{"name":"drawBlackjackCard","decl":{"start":{"line":12,"column":9},"end":{"line":12,"column":26}},"loc":{"start":{"line":12,"column":47},"end":{"line":14,"column":1}}},"2":{"name":"getBlackjackValue","decl":{"start":{"line":16,"column":9},"end":{"line":16,"column":26}},"loc":{"start":{"line":16,"column":41},"end":{"line":37,"column":1}}},"3":{"name":"buildMinesBoard","decl":{"start":{"line":39,"column":9},"end":{"line":39,"column":24}},"loc":{"start":{"line":39,"column":71},"end":{"line":53,"column":1}}},"4":{"name":"playBlackjack","decl":{"start":{"li
[...]
:135,"column":6},"end":{"line":135,"column":77}},"65":{"start":{"line":137,"column":6},"end":{"line":137,"column":13}},"66":{"start":{"line":140,"column":4},"end":{"line":153,"column":5}},"67":{"start":{"line":141,"column":23},"end":{"line":141,"column":56}},"68":{"start":{"line":142,"column":6},"end":{"line":147,"column":7}},"69":{"start":{"line":143,"column":8},"end":{"line":145,"column":9}},"70":{"start":{"line":144,"column":10},"end":{"line":144,"column":31}},"71":{"start":{"line":146,"column":8},"end":{"line":146,"column":17}},"72":{"start":{"line":149,"column":6},"end":{"line":149,"column":36}},"73":{"start":{"line":149,"column":27},"end":{"line":149,"column":36}},"74":{"start":{"line":150,"column":18},"end":{"line":150,"column":56}},"75":{"start":{"line":151,"column":6},"end":{"line":151,"column":51}},"76":{"start":{"line":151,"column":42},"end":{"line":151,"column":51}},"77":{"start":{"line":152,"column":6},"end":{"line":152,"column":27}},"78":{"start":{"line":156,"column":2},"end":{"line":158,"column":3}},"79":{"start":{"line":157,"column":4},"end":{"line":157,"column":40}},"80":{"start":{"line":160,"column":2},"end":{"line":168,"column":3}},"81":{"start":{"line":161,"column":21},"end":{"line":161,"column":45}},"82":{"start":{"line":162,"column":4},"end":{"line":167,"column":5}},"83":{"start":{"line":163,"column":19},"end":{"line":163,"column":42}},"84":{"start":{"line":164,"column":6},"end":{"line":164,"column":46}},"85":{"start":{"line":164,"column":25},"end":{"line":164,"column":46}},"86":{"start":{"line":170,"column":2},"end":{"line":170,"column":36}},"87":{"start":{"line":174,"column":18},"end":{"line":174,"column":43}},"88":{"start":{"line":176,"column":2},"end":{"line":180,"column":3}},"89":{"start":{"line":177,"column":4},"end":{"line":179,"column":5}},"90":{"start":{"line":178,"column":6},"end":{"line":178,"column":54}},"91":{"start":{"line":182,"column":14},"end":{"line":182,"column":39}},"92":{"start":{"line":183,"column":2},"end":{"line":186,"column":3}},"93":{"start":{"line":184,"column":18},"end":{"line":184,"column":62}},"94":{"start":{"line":185,"column":4},"end":{"line":185,"column":25}},"95":{"start":{"line":188,"column":2},"end":{"line":188,"column":13}},"96":{"start":{"line":192,"column":16},"end":{"line":192,"column":43}},"97":{"start":{"line":193,"column":102},"end":{"line":193,"column":104}},"98":{"start":{"line":195,"column":2},"end":{"line":211,"column":3}},"99":{"start":{"line":196,"column":20},"end":{"line":196,"column":48}},"100":{"start":{"line":197,"column":4},"end":{"line":197,"column":27}},"101":{"start":{"line":197,"column":18},"end":{"line":197,"column":27}},"102":{"start":{"line":199,"column":18},"end":{"line":199,"column":36}},"103":{"start":{"line":200,"column":4},"end":{"line":210,"column":5}},"104":{"start":{"line":200,"column":17},"end":{"line":200,"column":18}},"105":{"start":{"line":201,"column":27},"end":{"line":201,"column":35}},"106":{"start":{"line":202,"column":17},"end":{"line":202,"column":49}},"107":{"start":{"line":203,"column":6},"end":{"line":203,"column":34}},"108":{"start":{"line":203,"column":25},"end":{"line":203,"column":34}},"109":{"start":{"line":204,"column":6},"end":{"line":209,"column":9}},"110":{"start":{"line":213,"column":14},"end":{"line":213,"column":67}},"111":{"start":{"line":213,"column":41},"end":{"line":213,"column":45}},"112":{"start":{"line":215,"column":36},"end":{"line":224,"column":4}},"113":{"start":{"line":216,"column":18},"end":{"line":216,"column":46}},"114":{"start":{"line":217,"column":4},"end":{"line":223,"column":6}},"115":{"start":{"line":226,"column":2},"end":{"line":235,"column":4}},"116":{"start":{"line":239,"column":2},"end":{"line":241,"column":3}},"117":{"start":{"line":240,"column":4},"end":{"line":240,"column":44}},"118":{"start":{"line":242,"column":2},"end":{"line":242,"column":27}},"119":{"start":{"line":246,"column":2},"end":{"line":248,"column":3}},"120":{"start":{"line":247,"column":4},"end":{"line":247,"column":44}},"121":{"start":{"line":250,"column":18},"end":{"line":250,"column":43}},"122":{"start":{"line":251,"column":22},"end":{"line":251,"column":61}},"123":{"start":{"line":252,"column":20},"end":{"line":252,"column":43}},"124":{"start":{"line":254,"column":2},"end":{"line":256,"column":3}},"125":{"start":{"line":255,"column":4},"end":{"line":255,"column":53}},"126":{"start":{"line":258,"column":17},"end":{"line":271,"column":46}},"127":{"start":{"line":260,"column":18},"end":{"line":260,"column":54}},"128":{"start":{"line":261,"column":20},"end":{"line":261,"column":50}},"129":{"start":{"line":262,"column":6},"end":{"line":267,"column":8}},"130":{"start":{"line":269,"column":21},"end":{"line":269,"column":34}},"131":{"start":{"line":270,"column":20},"end":{"line":270,"column":37}},"132":{"start":{"line":273,"column":2},"end":{"line":276,"column":4}},"133":{"start":{"line":284,"column":29},"end":{"line":284,"column":65}},"134":{"start":{"line":285,"column":2},"end":{"line":291,"column":3}},"135":{"start":{"line":286,"column":4},"end":{"line":290,"column":6}},"136":{"start":{"line":293,"column":22},"end":{"line":297,"column":4}},"137":{"start":{"line":296,"column":31},"end":{"line":296,"column":90}},"138":{"start":{"line":299,"column":2},"end":{"line":303,"column":4}}},"fnMap":{"0":{"name":"normalizeText","decl":{"start":{"line":42,"column":9},"end":{"line":42,"column":22}},"loc":{"start":{"line":42,"column":36},"end":{"line":49,"column":1}}},"1":{"name":"tokenize","decl":{"start":{"line":51,"column":9},"end":{"line":51,"column":17}},"loc":{"start":{"line":51,"column":31},"end":{"line":63,"column":1}}},"2":{"name":"(anonymous_3)","decl":{"start":{"line":62,"column":12},"end":{"line":62,"column":13}},"loc":{"start":{"line":62,"column":19},"end":{"line":62,"column":52}}},"3":{"name":"buildTermFrequency","decl":{"start":{"line":65,"column":9},"end":{"line":65,"column":27}},"loc":{"start":{"line":65,"column":40},"end":{"line":74,"column":1}}},"4":{"name":"dotProduct","decl":{"start":{"line":76,"column":9},"end":{"line":76,"column":19}},"loc":{"start":{"line":76,"column":66},"end":{"line":83,"column":1}}},"5":{"name":"vectorNorm","decl":{"start":{"line":85,"column":9},"end":{"line":85,"column":19}},"loc":{"start":{"line":85,"column":42},"end":{"line":91,"column":1}}},"6":{"name":"toTfidfVector","decl":{"start":{"line":93,"column":9},"end":{"line":93,"column":22}},"loc":{"start":{"line":93,"column":72},"end":{"line":100,"column":1}}},"7":{"name":"chunkText","decl":{"start":{"line":102,"column":9},"end":{"line":102,"column":18}},"loc":{"start":{"line":102,"column":31},"end":{"line":117,"column":1}}},"8":{"name":"safeReadFile","decl":{"start":{"line":119,"column":15},"end":{"line":119,"column":27}},"loc":{"start":{"line":119,"column":44},"end":{"line":127,"column":1}}},"9":{"name":"collectFiles","decl":{"start":{"line":129,"column":15},"end":{"line":129,"column":27}},"loc":{"start":{"line":129,"column":43},"end":{"line":171,"column":1}}},"10":{"name":"walk","decl":{"start":{"line":132,"column":17},"end":{"line":132,"column":21}},"loc":{"start":{"line":132,"column":40},"end":{"line":154,"column":3}}},"11":{"name":"buildIdf","decl":{"start":{"line":173,"column":9},"end":{"line":173,"column":17}},"loc":{"start":{"line":173,"column":79},"end":{"line":189,"column":1}}},"12":{"name":"buildIndex","decl":{"start":{"line":191,"column":15},"end":{"line":191,"column":25}},"loc":{"start":{"line":191,"column":41},"end":{"line":236,"column":1}}},"13":{"name":"(anonymous_14)","decl":{"start":{"line":213,"column":34},"end":{"line":213,"column":35}},"loc":{"start":{"line":213,"column":41},"end":{"line":213,"column":45}}},"14":{"name":"(anonymous_15)","decl":{"start":{"line":215,"column":47},"end":{"line":215,"column":48}},"loc":{"start":{"line":215,"column":57},"end":{"line":224,"column":3}}},"15":{"name":"getRagIndex","decl":{"start":{"line":238,"column":22},"end":{"line":238,"column":33}},"loc":{"start":{"line":238,"column":79},"end":{"line":243,"column":1}}},"16":{"name":"queryRag","decl":{"start":{"line":245,"column":22},"end":{"line":245,"column":30}},"loc":{"start":{"line":245,"column":79},"end":{"line":277,"column":1}}},"17":{"name":"(anonymous_18)","decl":{"start":{"line":259,"column":9},"end":{"line":259,"column":10}},"loc":{"start":{"line":259,"column":19},"end":{"line":268,"column":5}}},"18":{"name":"(anonymous_19)","decl":{"start":{"line":269,"column":12},"end":{"line":269,"column":13}},"loc":{"start":{"line":269,"column":21},"end":{"line":269,"column":34}}},"19":{"name":"(anonymous_20)","decl":{"start":{"line":270,"column":10},"end":{"line":270,"column":11}},"loc":{"start":{"line":270,"column":20},"end":{"line":270,"column":37}}},"20":{"name":"answerWithContext","decl":{"start":{"line":279,"column":22},"end":{"line":279,"column":39}},"loc":{"start":{"line":279,"column":88},"end":{"line":304,"column":1}}},"21":{"name":"(anonymous_22)","decl":{"start":{"line":296,"column":19},"end":{"line":296,"column":20}},"loc":{"start":{"line":296,"column":31},"end":{"line":296,"column":90}}}},"branchMap":{"0":{"loc":{"start":{"line":53,"column":2},"end":{"line":53,"column":23}},"type":"if","locations":[{"start":{"line":53,"column":2},"end":{"line":53,"column":23}},{"start":{},"end":{}}]},"1":{"loc":{"start":{"line":62,"column":19},"end":{"line":62,"column":52}},"type":"binary-expr","locations":[{"start":{"line":62,"column":19},"end":{"line":62,"column":31}},{"start":{"line":62,"column":35},"end":{"line":62,"column":52}}]},"2":{"loc":{"start":{"line":70,"column":19},"end":{"line":70,"column":37}},"type":"binary-expr","locations":[{"start":{"line":70,"column":19},"end":{"line":70,"column":32}},{"start":{"line":70,"column":36},"end":{"line":70,"column":37}}]},"3":{"loc":{"start":{"line":79,"column":17},"end":{"line":79,"column":33}},"type":"binary-expr","locations":[{"start":{"line":79,"column":17},"end":{"line":79,"column":28}},{"start":{"line":79,"column":32},"end":{"line":79,"column":33}}]},"4":{"loc":{"start":{"line":80,"column":4},"end":{"line":80,"column":35}},"type":"if","locations":[{"start":{"line":80,"column":4},"end":{"line":80,"column":35}},{"start":{},"end":{}}]},"5":{"loc":{"start":{"line":96,"column":28},"end":{"line":96,"column":46}},"type":"binary-expr","locations":[{"start":{"line":96,"column":28},"end":{"line":96,"column":41}},{"start":{"line":96,"column":45},"end":{"line":96,"column":46}}]},"6":{"loc":{"start":{"line":97,"column":4},"end":{"line":97,"column":45}},"type":"if","locations":[{"start":{"line":97,"column":4},"end":{"line":97,"column":45}},{"start":{},"end":{}}]},"7":{"loc":{"start":{"line":104,"column":2},"end":{"line":104,"column":26}},"type":"if","locations":[{"start":{"line":104,"column":2},"end":{"line":104,"column":26}},{"start":{},"end":{}}]},"8":{"loc":{"start":{"line":111,"column":4},"end":{"line":111,"column":32}},"type":"if","locations":[{"start":{"line":111,"column":4},"end":{"line":111,"column":32}},{"start":{},"end":{}}]},"9":{"loc":{"start":{"line":112,"column":4},"end":{"line":112,"column":38}},"type":"if","locations":[{"start":{"line":112,"column":4},"end":{"line":112,"column":38}},{"start":{},"end":{}}]},"10":{"loc":{"start":{"line":122,"column":4},"end":{"line":122,"column":66}},"type":"if","locations":[{"start":{"line":122,"column":4},"end":{"line":122,"column":66}},{"start":{},"end":{}}]},"11":{"loc":{"start":{"line":122,"column":8},"end":{"line":122,"column":52}},"type":"binary-expr","locations":[{"start":{"line":122,"column":8},"end":{"line":122,"column":22}},{"start":{"line":122,"column":26},"end":{"line":122,"column":52}}]},"12":{"loc":{"start":{"line":142,"column":6},"end":{"line":147,"column":7}},"type":"if","locations":[{"start":{"line":142,"column":6},"end":{"line":147,"column":7}},{"start":{},"end":{}}]},"13":{"loc":{"start":{"line":143,"column":8},"end":{"line":145,"column":9}},"type":"if","locations":[{"start":{"line":143,"column":8},"end":{"line":145,"column":9}},{"start":{},"end":{}}]},"14":{"loc":{"start":{"line":149,"column":6},"end":{"line":149,"column":36}},"type":"if","locations":[{"start":{"line":149,"column":6},"end":{"line":149,"column":36}},{"start":{},"end":{}}]},"15":{"loc":{"start":{"line":151,"column":6},"end":{"line":151,"column":51}},"type":"if","locations":[{"start":{"line":151,"column":6},"end":{"line":151,"column":51}},{"start":{},"end":{}}]},"16":{"loc":{"start":{"line":164,"column":6},"end":{"line":164,"column":46}},"type":"if","locations":[{"start":{"line":164,"column":6},"end":{"line":164,"column":46}},{"start":{},"end":{}}]},"17":{"loc":{"start":{"line":178,"column":25},"end":{"line":178,"column":47}},"type":"binary-expr","locations":[{"start":{"line":178,"column":25},"end":{"line":178,"column":42}},{"start":{"line":178,"column":46},"end":{"line":178,"column":47}}]},"18":{"loc":{"start":{"line":197,"column":4},"end":{"line":197,"column":27}},"type":"if","locations":[{"start":{"line":197,"column":4},"end":{"line":197,"column":27}},{"start":{},"end":{}}]},"19":{"loc":{"start":{"line":203,"column":6},"end":{"line":203,"column":34}},"type":"if","locations":[{"start":{"line":203,"column":6},"end":{"line":203,"column":34}},{"start":{},"end":{}}]},"20":{"loc":{"start":{"line":213,"column":48},"end":{"line":213,"column":66}},"type":"binary-expr","locations":[{"start":{"line":213,"column":48},"end":{"line":213,"column":61}},{"start":{"line":213,"column":65},"end":{"line":213,"column":66}}]},"21":{"loc":{"start":{"line":238,"column":34},"end":{"line":238,"column":54}},"type":"default-arg","locations":[{"start":{"line":238,"column":49},"end":{"line":238,"column":54}}]},"22":{"loc":{"start":{"line":238,"column":56},"end":{"line":238,"column":79}},"type":"default-arg","locations":[{"start":{"line":238,"column":66},"end":{"line":238,"column":79}}]},"23":{"loc":{"start":{"line":239,"column":2},"end":{"line":241,"column":3}},"type":"if","locations":[{"start":{"line":239,"column":2},"end":{"line":241,"column":3}},{"start":{},"end":{}}]},"24":{"loc":{"start":{"line":239,"column":6},"end":{"line":239,"column":34}},"type":"binary-expr","locations":[{"start":{"line":239,"column":6},"end":{"line":239,"column":18}},{"start":{"line":239,"column":22},"end":{"line":239,"column":34}}]},"25":{"loc":{"start":{"line":245,"column":46},"end":{"line":245,"column":54}},"type":"default-arg","locations":[{"start":{"line":245,"column":53},"end":{"line":245,"column":54}}]},"26":{"loc":{"start":{"line":245,"column":56},"end":{"line":245,"column":79}},"type":"default-arg","locations":[{"start":{"line":245,"column":66},"end":{"line":245,"column":79}}]},"27":{"loc":{"start":{"line":246,"column":2},"end":{"line":248,"column":3}},"type":"if","locations":[{"start":{"line":246,"column":2},"end":{"line":248,"column":3}},{"start":{},"end":{}}]},"28":{"loc":{"start":{"line":254,"column":2},"end":{"line":256,"column":3}},"type":"if","locations":[{"start":{"line":254,"column":2},"end":{"line":256,"column":3}},{"start":{},"end":{}}]},"29":{"loc":{"start":{"line":279,"column":55},"end":{"line":279,"column":63}},"type":"default-arg","locations":[{"start":{"line":279,"column":62},"end":{"line":279,"column":63}}]},"30":{"loc":{"start":{"line":279,"column":65},"end":{"line":279,"column":88}},"type":"default-arg","locations":[{"start":{"line":279,"column":75},"end":{"line":279,"column":88}}]},"31":{"loc":{"start":{"line":285,"column":2},"end":{"line":291,"column":3}},"type":"if","locations":[{"start":{"line":285,"column":2},"end":{"line":291,"column":3}},{"start":{},"end":{}}]}},"s":{"0":3,"1":3,"2":3,"3":3,"4":3,"5":3,"6":3,"7":3,"8":3,"9":3,"10":3,"11":3,"12":3,"13":92,"14":92,"15":92,"16":1,"17":91,"18":91,"19":1248,"20":92,"21":92,"22":92,"23":1126,"24":92,"25":47,"26":47,"27":123,"28":123,"29":39,"30":47,"31":88,"32":88,"33":528,"34":88,"35":88,"36":88,"37":539,"38":539,"39":528,"40":88,"41":75,"42":75,"43":1,"44":74,"45":74,"46":74,"47":79,"48":79,"49":79,"50":78,"51":79,"52":74,"53":5,"54":74,"55":93,"56":93,"57":93,"58":17,"59":76,"60":1,"61":18,"62":92,"63":92,"64":92,"65":1,"66":91,"67":81,"68":81,"69":3,"70":2,"71":3,"72":78,"73":1,"74":77,"75":77,"76":1,"77":76,"78":18,"79":90,"80":18,"81":36,"82":36,"83":36,"84":18,"85":17,"86":18,"87":18,"88":18,"89":74,"90":504,"91":18,"92":18,"93":448,"94":448,"95":18,"96":18,"97":18,"98":18,"99":93,"100":93,"101":18,"102":75,"103":75,"104":75,"105":78,"106":78,"107":78,"108":4,"109":74,"110":18,"111":74,"112":18,"113":74,"114":74,"115":18,"116":19,"117":17,"118":19,"119":14,"120":1,"121":14,"122":14,"123":14,"124":14,"125":5,"126":9,"127":47,"128":47,"129":47,"130":47,"131":25,"132":9,"133":3,"134":3,"135":1,"136":2,"137":6,"138":2},"f":{"0":92,"1":92,"2":1248,"3":92,"4":47,"5":88,"6":88,"7":75,"8":93,"9":18,"10":92,"11":18,"12":18,"13":74,"14":74,"15":19,"16":14,"17":47,"18":47,"19":25,"20":3,"21":6},"b":{"0":[1,91],"1":[1248,1247],"2":[1126,539],"3":[123,84],"4":[39,84],"5":[539,11],"6":[528,11],"7":[1,74],"8":[78,1],"9":[74,5],"10":[17,76],"11":[93,93],"12":[3,78],"13":[2,1],"14":[1,77],"15":[1,76],"16":[17,1],"17":[504,448],"18":[18,75],"19":[4,74],"20":[18,1],"21":[1],"22":[1],"23":[17,2],"24":[19,17],"25":[1],"26":[1],"27":[1,13],"28":[5,9],"29":[1],"30":[1],"31":[1,2]}}
,"/home/cyber44/chase-the-bag-platform/src/referral.ts": {"path":"/home/cyber44/chase-the-bag-platform/src/referral.ts","statementMap":{"0":{"start":{"line":4,"column":0},"end":{"line":4,"column":7}},"1":{"start":{"line":18,"column":0},"end":{"line":18,"column":7}},"2":{"start":{"line":2,"column":0},"end":{"line":2,"column":39}},"3":{"start":{"line":5,"column":13},"end":{"line":5,"column":36}},"4":{"start":{"line":7,"column":17},"end":{"line":14,"column":13}},"5":{"start":{"line":15,"column":2},"end":{"line":15,"column":23}},"6":{"start":{"line":19,"column":13},"end":{"line":19,"column":36}},"7":{"start":{"line":20,"column":17},"end":{"line":22,"column":null}},"8":{"start":{"line":24,"column":15},"end":{"line":24,"column":32}},"9":{"start":{"line":25,"column":2},"end":{"line":25,"column":19}}},"fnMap":{"0":{"name":"getReferralLeaderboard","decl":{"start":{"line":4,"column":22},"end":{"line":4,"column":44}},"loc":{"start":{"line":4,"column":55},"end":{"line":16,"column":1}}},"1":{"name":"getUserReferralCount","decl":{"start":{"line":18,"column":22},"end":{"line":18,"column":42}},"loc":{"start":{"line":18,"column":57},"end":{"line":26,"column":1}}}},"branchMap":{"0":{"loc":{"start":{"line":4,"column":45},"end":{"line":4,"column":55}},"type":"default-arg","locations":[{"start":{"line":4,"column":53},"end":{"line":4,"column":55}}]}},"s":{"0":1,"1":1,"2":1,"3":2,"4":2,"5":2,"6":1,"7":1,"8":1,"9":1},"f":{"0":2,"1":1},"b":{"0":[1]}}
,"/home/cyber44/chase-the-bag-platform/src/virtual-board.ts": {"path":"/home/cyber44/chase-the-bag-platform/src/virtual-board.ts","statementMap":{"0":{"start":{"line":6,"column":0},"end":{"line":6,"column":7}},"1":{"start":{"line":2,"column":0},"end":{"line":2,"column":39}},"2":{"start":{"line":3,"column":0},"end":{"line":3,"column":43}},"3":{"start":{"line":7,"column":13},"end":{"line":7,"column":36}},"4":{"start":{"line":8,"column":31},"end":{"line":8,"column":127}},"5":{"start":{"line":9,"column":2},"end":{"line":11,"column":3}},"6":{"start":{"line":10,"column":4},"end":{"line":10,"column":126}},"7":{"start":{"line":12,"column":2},"end":{"line":12,"column":14}}},"fnMap":{"0":{"name":"getVirtualBoardData","decl":{"start":{"line":6,"column":22},"end":{"line":6,"column":41}},"loc":{"start":{"line":6,"column":76},"end":{"line":13,"column":1}}}},"branchMap":{"0":{"loc":{"start":{"line":9,"column":2},"end":{"line":11,"column":3}},"type":"if","locations":[{"start":{"line":9,"column":2},"end":{"line":11,"column":3}},{"start":{},"end":{}}]},"1":{"loc":{"start":{"line":9,"column":6},"end":{"line":9,"column":24}},"type":"binary-expr","locations":[{"start":{"line":9,"column":6},"end":{"line":9,"column":12}},{"start":{"line":9,"column":16},"end":{"line":9,"column":24}}]}},"s":{"0":1,"1":1,"2":1,"3":3,"4":3,"5":3,"6":1,"7":3},"f":{"0":3},"b":{"0":[1,2],"1":[3,2]}}
}
