TN:
SF:src/analytics.ts
FN:5,getPlatformAnalytics
FNF:1
FNH:1
FNDA:1,getPlatformAnalytics
DA:3,1
DA:5,1
DA:6,1
DA:7,1
DA:8,1
DA:9,1
DA:10,1
DA:11,1
DA:12,1
DA:13,1
DA:14,1
DA:15,1
LF:12
LH:12
BRF:0
BRH:0
end_of_record
TN:
SF:src/antifraud.ts
FN:4,checkFraudulentActivity
FNF:1
FNH:1
FNDA:4,checkFraudulentActivity
DA:2,1
DA:4,1
DA:5,4
DA:6,4
DA:9,4
DA:13,4
DA:14,1
DA:18,4
DA:22,4
DA:23,1
DA:26,4
LF:11
LH:11
BRDA:13,0,0,1
BRDA:13,0,1,3
BRDA:22,1,0,1
BRDA:22,1,1,3
BRF:4
BRH:4
end_of_record
TN:
SF:src/api.ts
FN:23,getServerScope
FN:45,getProvidedToken
FN:53,authenticateApi
FN:68,auditApiAccess
FN:84,getLimit
FN:93,(anonymous_6)
FN:110,(anonymous_7)
FN:139,(anonymous_8)
FN:164,(anonymous_9)
FN:181,(anonymous_10)
FN:198,(anonymous_11)
FN:219,(anonymous_12)
FN:264,(anonymous_13)
FN:276,(anonymous_14)
FN:289,(anonymous_15)
FN:307,(anonymous_16)
FN:321,(anonymous_17)
FN:333,(anonymous_18)
FN:351,(anonymous_19)
FN:369,(anonymous_20)
FN:390,(anonymous_21)
FN:415,startApiServer
FN:416,(anonymous_23)
FNF:23
FNH:23
FNDA:9,getServerScope
FNDA:43,getProvidedToken
FNDA:42,authenticateApi
FNDA:43,auditApiAccess
FNDA:25,getLimit
FNDA:2,(anonymous_6)
FNDA:4,(anonymous_7)
FNDA:4,(anonymous_8)
FNDA:2,(anonymous_9)
FNDA:2,(anonymous_10)
FNDA:2,(anonymous_11)
FNDA:2,(anonymous_12)
FNDA:2,(anonymous_13)
FNDA:2,(anonymous_14)
FNDA:3,(anonymous_15)
FNDA:2,(anonymous_16)
FNDA:2,(anonymous_17)
FNDA:3,(anonymous_18)
FNDA:3,(anonymous_19)
FNDA:2,(anonymous_20)
FNDA:2,(anonymous_21)
FNDA:2,startApiServer
FNDA:2,(anonymous_23)
DA:1,45
DA:2,45
DA:3,45
DA:4,45
DA:5,45
DA:6,45
DA:7,45
DA:8,45
DA:9,45
DA:11,45
DA:13,45
DA:14,45
DA:15,45
DA:17,45
DA:18,45
DA:19,45
DA:20,45
DA:21,45
DA:24,9
DA:25,0
DA:26,0
DA:29,45
DA:37,45
DA:45,45
DA:46,43
DA:47,43
DA:48,41
DA:50,2
DA:53,45
DA:54,42
DA:55,2
DA:56,2
DA:59,40
DA:60,40
DA:61,1
DA:62,1
DA:65,39
DA:68,45
DA:69,43
DA:70,43
DA:71,43
DA:82,45
DA:84,45
DA:85,25
DA:86,25
DA:87,12
DA:88,8
DA:89,4
DA:93,45
DA:94,2
DA:95,2
DA:96,2
DA:97,2
DA:98,2
DA:102,1
DA:103,1
DA:105,1
DA:110,45
DA:111,4
DA:112,4
DA:113,4
DA:114,4
DA:116,4
DA:117,1
DA:118,1
DA:121,3
DA:122,3
DA:131,2
DA:132,2
DA:134,1
DA:139,45
DA:140,4
DA:141,4
DA:142,4
DA:143,4
DA:144,1
DA:145,1
DA:147,3
DA:148,3
DA:156,2
DA:157,2
DA:159,1
DA:164,45
DA:165,2
DA:166,2
DA:167,2
DA:168,2
DA:169,2
DA:173,1
DA:174,1
DA:176,1
DA:181,45
DA:182,2
DA:183,2
DA:184,2
DA:185,2
DA:186,2
DA:190,1
DA:191,1
DA:193,1
DA:198,45
DA:199,2
DA:200,2
DA:201,2
DA:202,2
DA:203,1
DA:204,1
DA:205,1
DA:206,1
DA:207,1
DA:214,1
DA:219,45
DA:220,2
DA:221,2
DA:222,2
DA:223,2
DA:224,1
DA:225,1
DA:226,1
DA:228,1
DA:232,1
DA:236,1
DA:244,1
DA:246,1
DA:259,1
DA:264,45
DA:265,2
DA:266,2
DA:267,2
DA:268,2
DA:269,1
DA:271,1
DA:276,45
DA:277,2
DA:278,2
DA:279,2
DA:280,2
DA:281,2
DA:282,1
DA:284,1
DA:289,45
DA:290,3
DA:291,3
DA:292,3
DA:293,3
DA:294,3
DA:295,3
DA:296,1
DA:297,1
DA:299,2
DA:300,1
DA:302,1
DA:307,45
DA:308,2
DA:309,2
DA:310,2
DA:311,2
DA:312,2
DA:313,2
DA:314,1
DA:316,1
DA:321,45
DA:322,2
DA:323,2
DA:324,2
DA:325,2
DA:326,1
DA:328,1
DA:333,45
DA:334,3
DA:335,3
DA:336,3
DA:337,3
DA:338,1
DA:339,1
DA:342,2
DA:343,2
DA:344,1
DA:346,1
DA:351,45
DA:352,3
DA:353,3
DA:354,3
DA:355,3
DA:356,1
DA:357,1
DA:360,2
DA:361,2
DA:362,1
DA:364,1
DA:369,45
DA:370,2
DA:371,2
DA:372,2
DA:373,1
DA:381,1
DA:390,45
DA:391,2
DA:392,2
DA:393,2
DA:394,2
DA:395,1
DA:398,1
DA:400,1
DA:407,1
DA:415,45
DA:416,2
DA:417,2
LF:208
LH:206
BRDA:17,0,0,45
BRDA:17,0,1,1
BRDA:18,1,0,45
BRDA:18,1,1,1
BRDA:24,2,0,9
BRDA:24,2,1,0
BRDA:26,3,0,0
BRDA:26,3,1,0
BRDA:46,4,0,43
BRDA:46,4,1,2
BRDA:47,5,0,41
BRDA:47,5,1,2
BRDA:50,6,0,2
BRDA:50,6,1,1
BRDA:54,7,0,2
BRDA:54,7,1,40
BRDA:60,8,0,1
BRDA:60,8,1,39
BRDA:60,9,0,40
BRDA:60,9,1,40
BRDA:70,10,0,43
BRDA:70,10,1,41
BRDA:86,11,0,13
BRDA:86,11,1,12
BRDA:87,12,0,4
BRDA:87,12,1,8
BRDA:88,13,0,4
BRDA:88,13,1,4
BRDA:114,14,0,2
BRDA:114,14,1,2
BRDA:116,15,0,1
BRDA:116,15,1,3
BRDA:116,16,0,4
BRDA:116,16,1,2
BRDA:122,17,0,1
BRDA:122,17,1,2
BRDA:142,18,0,2
BRDA:142,18,1,2
BRDA:143,19,0,1
BRDA:143,19,1,3
BRDA:143,20,0,4
BRDA:143,20,1,2
BRDA:148,21,0,1
BRDA:148,21,1,2
BRDA:294,22,0,2
BRDA:294,22,1,1
BRDA:295,23,0,1
BRDA:295,23,1,2
BRDA:295,24,0,3
BRDA:295,24,1,2
BRDA:312,25,0,1
BRDA:312,25,1,1
BRDA:324,26,0,2
BRDA:324,26,1,1
BRDA:336,27,0,2
BRDA:336,27,1,1
BRDA:337,28,0,1
BRDA:337,28,1,2
BRDA:354,29,0,2
BRDA:354,29,1,1
BRDA:355,30,0,1
BRDA:355,30,1,2
BRDA:415,31,0,1
BRF:63
BRH:60
end_of_record
TN:
SF:src/audit-log.ts
FN:5,logOperation
FNF:1
FNH:1
FNDA:2,logOperation
DA:3,1
DA:5,1
DA:16,2
DA:17,2
DA:18,2
DA:23,2
LF:6
LH:6
BRDA:20,0,0,2
BRDA:20,0,1,1
BRF:2
BRH:2
end_of_record
TN:
SF:src/chart.ts
FN:4,getChartUrl
FNF:1
FNH:1
FNDA:2,getChartUrl
DA:4,1
DA:5,2
DA:12,2
DA:13,2
LF:4
LH:4
BRDA:4,0,0,1
BRF:1
BRH:1
end_of_record
TN:
SF:src/coin-exchange.ts
FN:84,toAmount
FN:88,parseCoinAmount
FN:96,normalizeServerScope
FN:100,toScopedUserId
FN:105,fromScopedUserId
FN:111,buildServerPrefix
FN:116,ensureWallet
FN:120,mapWallet
FN:131,mapOffer
FN:146,mapTransaction
FN:161,mapAllowlistEntry
FN:170,getLockedWallet
FN:195,insertTransaction
FN:214,getCoinWallet
FN:232,grantCoins
FN:260,transferCoins
FN:300,createExchangeOffer
FN:357,acceptExchangeOffer
FN:410,cancelExchangeOffer
FN:457,listUserOffers
FN:485,listUserTransactions
FN:504,getCoinExchangeOverview
FN:537,listCoinWallets
FN:564,listCoinOffers
FN:594,listCoinTransactions
FN:631,addUserToExchangeAllowlist
FN:645,removeUserFromExchangeAllowlist
FN:659,listExchangeAllowlist
FN:677,isExchangeUserAllowed
FNF:29
FNH:24
FNDA:99,toAmount
FNDA:4,parseCoinAmount
FNDA:82,normalizeServerScope
FNDA:61,toScopedUserId
FNDA:49,fromScopedUserId
FNDA:9,buildServerPrefix
FNDA:22,ensureWallet
FNDA:21,mapWallet
FNDA:4,mapOffer
FNDA:5,mapTransaction
FNDA:0,mapAllowlistEntry
FNDA:16,getLockedWallet
FNDA:11,insertTransaction
FNDA:3,getCoinWallet
FNDA:3,grantCoins
FNDA:3,transferCoins
FNDA:4,createExchangeOffer
FNDA:5,acceptExchangeOffer
FNDA:3,cancelExchangeOffer
FNDA:1,listUserOffers
FNDA:2,listUserTransactions
FNDA:1,getCoinExchangeOverview
FNDA:2,listCoinWallets
FNDA:3,listCoinOffers
FNDA:3,listCoinTransactions
FNDA:0,addUserToExchangeAllowlist
FNDA:0,removeUserFromExchangeAllowlist
FNDA:0,listExchangeAllowlist
FNDA:0,isExchangeUserAllowed
DA:2,1
DA:3,1
DA:85,99
DA:88,1
DA:89,4
DA:90,4
DA:91,1
DA:94,1
DA:97,82
DA:101,61
DA:102,61
DA:106,49
DA:107,49
DA:108,6
DA:112,9
DA:113,9
DA:117,22
DA:121,21
DA:122,21
DA:123,21
DA:132,4
DA:147,5
DA:162,0
DA:171,16
DA:172,16
DA:173,16
DA:177,16
DA:178,13
DA:182,3
DA:183,3
DA:187,3
DA:188,3
DA:192,0
DA:206,11
DA:214,1
DA:215,3
DA:216,3
DA:217,3
DA:218,3
DA:219,3
DA:223,3
DA:224,0
DA:226,3
DA:228,3
DA:232,1
DA:233,3
DA:234,3
DA:235,3
DA:236,3
DA:237,3
DA:238,3
DA:239,3
DA:240,3
DA:241,2
DA:242,2
DA:244,1
DA:245,1
DA:247,3
DA:250,2
DA:257,2
DA:260,1
DA:261,3
DA:262,1
DA:265,2
DA:266,2
DA:267,2
DA:268,2
DA:269,2
DA:270,2
DA:271,2
DA:272,1
DA:275,1
DA:276,1
DA:277,1
DA:279,1
DA:280,1
DA:282,1
DA:283,1
DA:284,1
DA:286,1
DA:287,1
DA:289,2
DA:292,1
DA:300,1
DA:307,4
DA:308,1
DA:311,3
DA:312,3
DA:313,3
DA:314,3
DA:315,3
DA:316,3
DA:317,3
DA:318,3
DA:320,3
DA:321,1
DA:324,2
DA:325,2
DA:327,2
DA:332,2
DA:336,2
DA:338,2
DA:339,2
DA:341,1
DA:342,1
DA:344,3
DA:347,2
DA:354,2
DA:357,1
DA:358,5
DA:359,5
DA:360,5
DA:361,5
DA:365,5
DA:367,5
DA:368,1
DA:370,4
DA:371,1
DA:374,3
DA:375,3
DA:376,3
DA:378,3
DA:379,1
DA:382,2
DA:383,2
DA:385,2
DA:386,2
DA:387,2
DA:392,2
DA:393,2
DA:394,2
DA:396,3
DA:397,3
DA:399,5
DA:402,2
DA:410,1
DA:411,3
DA:412,3
DA:413,3
DA:414,3
DA:418,3
DA:420,3
DA:421,1
DA:423,2
DA:424,1
DA:427,1
DA:428,1
DA:429,1
DA:430,1
DA:432,1
DA:436,1
DA:440,1
DA:441,1
DA:443,2
DA:444,2
DA:446,3
DA:449,1
DA:457,1
DA:458,1
DA:459,1
DA:460,1
DA:461,1
DA:462,1
DA:479,1
DA:481,1
DA:485,1
DA:486,2
DA:487,2
DA:488,2
DA:489,2
DA:490,2
DA:498,2
DA:500,2
DA:504,1
DA:505,1
DA:506,1
DA:507,1
DA:508,1
DA:509,1
DA:512,1
DA:515,1
DA:518,1
DA:521,1
DA:525,1
DA:533,1
DA:537,1
DA:538,2
DA:539,2
DA:540,2
DA:541,2
DA:542,2
DA:558,2
DA:560,2
DA:564,1
DA:565,3
DA:566,3
DA:567,3
DA:568,3
DA:569,3
DA:588,3
DA:590,3
DA:594,1
DA:595,3
DA:596,3
DA:597,3
DA:598,3
DA:599,3
DA:600,3
DA:625,3
DA:627,3
DA:631,1
DA:632,0
DA:633,0
DA:634,0
DA:635,0
DA:639,0
DA:641,0
DA:645,1
DA:646,0
DA:647,0
DA:648,0
DA:649,0
DA:653,0
DA:655,0
DA:659,1
DA:660,0
DA:661,0
DA:662,0
DA:663,0
DA:671,0
DA:673,0
DA:677,1
DA:678,0
DA:679,0
DA:680,0
DA:681,0
DA:690,0
DA:691,0
DA:694,0
DA:695,0
DA:698,0
DA:700,0
LF:242
LH:211
BRDA:90,0,0,3
BRDA:90,0,1,1
BRDA:90,1,0,4
BRDA:90,1,1,3
BRDA:102,2,0,56
BRDA:102,2,1,5
BRDA:107,3,0,43
BRDA:107,3,1,6
BRDA:113,4,0,0
BRDA:113,4,1,9
BRDA:150,5,0,2
BRDA:150,5,1,3
BRDA:177,6,0,13
BRDA:177,6,1,3
BRDA:182,7,0,3
BRDA:182,7,1,0
BRDA:187,8,0,3
BRDA:187,8,1,0
BRDA:214,9,0,1
BRDA:223,10,0,0
BRDA:223,10,1,3
BRDA:241,11,0,2
BRDA:241,11,1,1
BRDA:261,12,0,1
BRDA:261,12,1,2
BRDA:271,13,0,1
BRDA:271,13,1,1
BRDA:307,14,0,1
BRDA:307,14,1,3
BRDA:320,15,0,1
BRDA:320,15,1,2
BRDA:334,16,0,2
BRDA:334,16,1,1
BRDA:338,17,0,2
BRDA:338,17,1,1
BRDA:367,18,0,1
BRDA:367,18,1,4
BRDA:367,19,0,5
BRDA:367,19,1,5
BRDA:370,20,0,1
BRDA:370,20,1,3
BRDA:378,21,0,1
BRDA:378,21,1,2
BRDA:393,22,0,2
BRDA:393,22,1,1
BRDA:420,23,0,1
BRDA:420,23,1,2
BRDA:420,24,0,3
BRDA:420,24,1,3
BRDA:423,25,0,1
BRDA:423,25,1,1
BRDA:457,26,0,1
BRDA:462,27,0,1
BRDA:462,27,1,0
BRDA:485,28,0,1
BRDA:485,29,0,2
BRDA:496,30,0,0
BRDA:496,30,1,2
BRDA:504,31,0,1
BRDA:509,32,0,0
BRDA:509,32,1,1
BRDA:512,33,0,0
BRDA:512,33,1,1
BRDA:515,34,0,0
BRDA:515,34,1,1
BRDA:518,35,0,0
BRDA:518,35,1,1
BRDA:521,36,0,0
BRDA:521,36,1,1
BRDA:537,37,0,1
BRDA:537,38,0,2
BRDA:542,39,0,0
BRDA:542,39,1,2
BRDA:564,40,0,1
BRDA:564,41,0,1
BRDA:564,42,0,3
BRDA:569,43,0,0
BRDA:569,43,1,3
BRDA:570,44,0,0
BRDA:570,44,1,0
BRDA:579,45,0,1
BRDA:579,45,1,2
BRDA:594,46,0,1
BRDA:594,47,0,1
BRDA:594,48,0,3
BRDA:597,49,0,1
BRDA:597,49,1,2
BRDA:600,50,0,1
BRDA:600,50,1,2
BRDA:607,51,0,0
BRDA:607,51,1,1
BRDA:609,52,0,0
BRDA:609,52,1,2
BRDA:659,53,0,0
BRDA:690,54,0,0
BRDA:690,54,1,0
BRDA:691,55,0,0
BRDA:691,55,1,0
BRDA:694,56,0,0
BRDA:694,56,1,0
BRF:100
BRH:76
end_of_record
TN:
SF:src/db.ts
FN:4,getDbEnv
FN:8,getDbConnection
FN:10,(anonymous_3)
FN:13,(anonymous_4)
FNF:4
FNH:4
FNDA:28,getDbEnv
FNDA:4,getDbConnection
FNDA:12,(anonymous_3)
FNDA:3,(anonymous_4)
DA:2,1
DA:5,28
DA:8,1
DA:9,4
DA:10,12
DA:12,4
DA:13,3
DA:16,3
LF:8
LH:8
BRDA:5,0,0,28
BRDA:5,0,1,15
BRDA:12,1,0,1
BRDA:12,1,1,3
BRDA:18,2,0,1
BRDA:18,2,1,2
BRF:6
BRH:6
end_of_record
TN:
SF:src/export-data.ts
FN:7,exportAllDataZip
FNF:1
FNH:1
FNDA:2,exportAllDataZip
DA:2,2
DA:3,2
DA:5,2
DA:7,2
DA:8,2
DA:9,2
DA:10,2
DA:11,2
DA:12,2
DA:14,2
DA:15,8
DA:16,8
DA:19,2
DA:20,2
LF:14
LH:14
BRDA:7,0,0,1
BRF:1
BRH:1
end_of_record
TN:
SF:src/games.ts
FN:8,pickIndex
FN:12,drawBlackjackCard
FN:16,getBlackjackValue
FN:39,buildMinesBoard
FN:55,playBlackjack
FN:82,playPlinko
FN:102,playMines
FNF:7
FNH:7
FNDA:705,pickIndex
FNDA:87,drawBlackjackCard
FNDA:87,getBlackjackValue
FNDA:9,buildMinesBoard
FNDA:14,playBlackjack
FNDA:6,playPlinko
FNDA:9,playMines
DA:3,1
DA:4,1
DA:5,1
DA:6,1
DA:9,705
DA:13,87
DA:17,87
DA:18,87
DA:20,87
DA:21,268
DA:22,23
DA:23,23
DA:24,245
DA:25,40
DA:27,205
DA:31,87
DA:32,15
DA:33,15
DA:36,87
DA:40,9
DA:43,9
DA:44,81
DA:45,9
DA:46,9
DA:49,72
DA:52,9
DA:55,1
DA:56,14
DA:57,14
DA:59,14
DA:60,11
DA:63,14
DA:64,20
DA:67,14
DA:68,14
DA:70,14
DA:71,14
DA:72,2
DA:73,12
DA:74,7
DA:75,5
DA:76,2
DA:79,14
DA:82,1
DA:83,6
DA:84,6
DA:86,6
DA:87,36
DA:88,36
DA:89,36
DA:90,7
DA:92,29
DA:96,6
DA:97,6
DA:99,6
DA:102,1
DA:103,9
DA:104,9
DA:105,9
DA:106,609
DA:107,609
DA:110,9
DA:111,16
DA:114,9
DA:115,9
DA:116,9
DA:118,9
DA:119,9
DA:121,9
DA:122,6
DA:125,3
LF:71
LH:71
BRDA:21,0,0,23
BRDA:21,0,1,245
BRDA:24,1,0,40
BRDA:24,1,1,205
BRDA:31,2,0,102
BRDA:31,2,1,27
BRDA:44,3,0,9
BRDA:44,3,1,72
BRDA:45,4,0,6
BRDA:45,4,1,3
BRDA:55,5,0,1
BRDA:71,6,0,2
BRDA:71,6,1,12
BRDA:73,7,0,7
BRDA:73,7,1,5
BRDA:73,8,0,12
BRDA:73,8,1,8
BRDA:75,9,0,2
BRDA:75,9,1,3
BRDA:82,10,0,1
BRDA:87,11,0,7
BRDA:87,11,1,29
BRDA:89,12,0,7
BRDA:89,12,1,29
BRDA:102,13,0,1
BRDA:105,14,0,618
BRDA:105,14,1,615
BRDA:118,15,0,3
BRDA:118,15,1,6
BRDA:121,16,0,6
BRDA:121,16,1,3
BRF:31
BRH:31
end_of_record
TN:
SF:src/personalize.ts
FN:4,getPersonalizedOffer
FNF:1
FNH:1
FNDA:4,getPersonalizedOffer
DA:2,1
DA:4,1
DA:5,4
DA:6,4
DA:7,1
DA:8,3
DA:9,1
DA:10,2
DA:11,1
DA:13,1
LF:10
LH:10
BRDA:6,0,0,1
BRDA:6,0,1,3
BRDA:8,1,0,1
BRDA:8,1,1,2
BRDA:10,2,0,1
BRDA:10,2,1,1
BRF:6
BRH:6
end_of_record
TN:
SF:src/rag.ts
FN:42,normalizeText
FN:51,tokenize
FN:62,(anonymous_3)
FN:65,buildTermFrequency
FN:76,dotProduct
FN:85,vectorNorm
FN:93,toTfidfVector
FN:102,chunkText
FN:119,safeReadFile
FN:129,collectFiles
FN:132,walk
FN:173,buildIdf
FN:191,buildIndex
FN:213,(anonymous_14)
FN:215,(anonymous_15)
FN:238,getRagIndex
FN:245,queryRag
FN:259,(anonymous_18)
FN:269,(anonymous_19)
FN:270,(anonymous_20)
FN:279,answerWithContext
FN:296,(anonymous_22)
FNF:22
FNH:22
FNDA:92,normalizeText
FNDA:92,tokenize
FNDA:1248,(anonymous_3)
FNDA:92,buildTermFrequency
FNDA:47,dotProduct
FNDA:88,vectorNorm
FNDA:88,toTfidfVector
FNDA:75,chunkText
FNDA:93,safeReadFile
FNDA:18,collectFiles
FNDA:92,walk
FNDA:18,buildIdf
FNDA:18,buildIndex
FNDA:74,(anonymous_14)
FNDA:74,(anonymous_15)
FNDA:19,getRagIndex
FNDA:14,queryRag
FNDA:47,(anonymous_18)
FNDA:47,(anonymous_19)
FNDA:25,(anonymous_20)
FNDA:3,answerWithContext
FNDA:6,(anonymous_22)
DA:1,3
DA:2,3
DA:32,3
DA:33,3
DA:34,3
DA:35,3
DA:36,3
DA:37,3
DA:38,3
DA:40,3
DA:43,92
DA:52,92
DA:53,92
DA:55,91
DA:60,91
DA:62,1248
DA:66,92
DA:67,92
DA:69,92
DA:70,1126
DA:73,92
DA:77,47
DA:78,47
DA:79,123
DA:80,123
DA:82,47
DA:86,88
DA:87,88
DA:88,528
DA:90,88
DA:94,88
DA:95,88
DA:96,539
DA:97,539
DA:99,88
DA:103,75
DA:104,75
DA:106,74
DA:107,74
DA:108,74
DA:109,79
DA:110,79
DA:111,79
DA:112,79
DA:113,5
DA:116,74
DA:120,93
DA:121,93
DA:122,93
DA:123,76
DA:125,1
DA:130,18
DA:133,92
DA:134,92
DA:135,92
DA:137,1
DA:140,91
DA:141,81
DA:142,81
DA:143,3
DA:144,2
DA:146,3
DA:149,78
DA:150,77
DA:151,77
DA:152,76
DA:156,18
DA:157,90
DA:160,18
DA:161,36
DA:162,36
DA:163,36
DA:164,18
DA:170,18
DA:174,18
DA:176,18
DA:177,74
DA:178,504
DA:182,18
DA:183,18
DA:184,448
DA:185,448
DA:188,18
DA:192,18
DA:193,18
DA:195,18
DA:196,93
DA:197,93
DA:199,75
DA:200,75
DA:201,78
DA:202,78
DA:203,78
DA:204,74
DA:213,74
DA:215,18
DA:216,74
DA:217,74
DA:226,18
DA:238,3
DA:239,19
DA:240,17
DA:242,19
DA:245,3
DA:246,14
DA:247,1
DA:250,14
DA:251,14
DA:252,14
DA:254,14
DA:255,5
DA:258,9
DA:260,47
DA:261,47
DA:262,47
DA:269,47
DA:270,25
DA:273,9
DA:279,3
DA:284,3
DA:285,3
DA:286,1
DA:293,2
DA:296,6
DA:299,2
LF:125
LH:125
BRDA:53,0,0,1
BRDA:53,0,1,91
BRDA:62,1,0,1248
BRDA:62,1,1,1247
BRDA:70,2,0,1126
BRDA:70,2,1,539
BRDA:79,3,0,123
BRDA:79,3,1,84
BRDA:80,4,0,39
BRDA:80,4,1,84
BRDA:96,5,0,539
BRDA:96,5,1,11
BRDA:97,6,0,528
BRDA:97,6,1,11
BRDA:104,7,0,1
BRDA:104,7,1,74
BRDA:111,8,0,78
BRDA:111,8,1,1
BRDA:112,9,0,74
BRDA:112,9,1,5
BRDA:122,10,0,17
BRDA:122,10,1,76
BRDA:122,11,0,93
BRDA:122,11,1,93
BRDA:142,12,0,3
BRDA:142,12,1,78
BRDA:143,13,0,2
BRDA:143,13,1,1
BRDA:149,14,0,1
BRDA:149,14,1,77
BRDA:151,15,0,1
BRDA:151,15,1,76
BRDA:164,16,0,17
BRDA:164,16,1,1
BRDA:178,17,0,504
BRDA:178,17,1,448
BRDA:197,18,0,18
BRDA:197,18,1,75
BRDA:203,19,0,4
BRDA:203,19,1,74
BRDA:213,20,0,18
BRDA:213,20,1,1
BRDA:238,21,0,1
BRDA:238,22,0,1
BRDA:239,23,0,17
BRDA:239,23,1,2
BRDA:239,24,0,19
BRDA:239,24,1,17
BRDA:245,25,0,1
BRDA:245,26,0,1
BRDA:246,27,0,1
BRDA:246,27,1,13
BRDA:254,28,0,5
BRDA:254,28,1,9
BRDA:279,29,0,1
BRDA:279,30,0,1
BRDA:285,31,0,1
BRDA:285,31,1,2
BRF:58
BRH:58
end_of_record
TN:
SF:src/referral.ts
FN:4,getReferralLeaderboard
FN:18,getUserReferralCount
FNF:2
FNH:2
FNDA:2,getReferralLeaderboard
FNDA:1,getUserReferralCount
DA:2,1
DA:4,1
DA:5,2
DA:7,2
DA:15,2
DA:18,1
DA:19,1
DA:20,1
DA:24,1
DA:25,1
LF:10
LH:10
BRDA:4,0,0,1
BRF:1
BRH:1
end_of_record
TN:
SF:src/virtual-board.ts
FN:6,getVirtualBoardData
FNF:1
FNH:1
FNDA:3,getVirtualBoardData
DA:2,1
DA:3,1
DA:6,1
DA:7,3
DA:8,3
DA:9,3
DA:10,1
DA:12,3
LF:8
LH:8
BRDA:9,0,0,1
BRDA:9,0,1,2
BRDA:9,1,0,3
BRDA:9,1,1,2
BRF:4
BRH:4
end_of_record
