<?xml version="1.0" encoding="UTF-8"?>
<coverage generated="1775519473947" clover="3.2.0">
  <project timestamp="1775519473948" name="All files">
    <metrics statements="62" coveredstatements="52" conditionals="92" coveredconditionals="67" methods="8" coveredmethods="7" elements="162" coveredelements="126" complexity="0" loc="62" ncloc="62" packages="2" files="2" classes="2"/>
    <package name=".stryker-tmp.sandbox-L4dlWf.src.backend.db">
      <metrics statements="31" coveredstatements="21" conditionals="46" coveredconditionals="21" methods="4" coveredmethods="3"/>
      <file name="index.ts" path="/home/cyber44/chase-the-bag-platform/.stryker-tmp/sandbox-L4dlWf/src/backend/db/index.ts">
        <metrics statements="31" coveredstatements="21" conditionals="46" coveredconditionals="21" methods="4" coveredmethods="3"/>
        <line num="2" count="7" type="stmt"/>
        <line num="3" count="7" type="stmt"/>
        <line num="18" count="7" type="stmt"/>
        <line num="19" count="7" type="stmt"/>
        <line num="20" count="7" type="cond" truecount="2" falsecount="0"/>
        <line num="21" count="7" type="cond" truecount="2" falsecount="0"/>
        <line num="22" count="7" type="cond" truecount="2" falsecount="0"/>
        <line num="23" count="7" type="cond" truecount="2" falsecount="0"/>
        <line num="24" count="7" type="cond" truecount="1" falsecount="2"/>
        <line num="25" count="7" type="cond" truecount="2" falsecount="0"/>
        <line num="26" count="7" type="cond" truecount="5" falsecount="0"/>
        <line num="27" count="1" type="stmt"/>
        <line num="29" count="6" type="stmt"/>
        <line num="43" count="7" type="stmt"/>
        <line num="44" count="7" type="stmt"/>
        <line num="45" count="6" type="cond" truecount="1" falsecount="1"/>
        <line num="46" count="6" type="stmt"/>
        <line num="48" count="6" type="stmt"/>
        <line num="52" count="7" type="stmt"/>
        <line num="53" count="7" type="stmt"/>
        <line num="59" count="7" type="stmt"/>
        <line num="60" count="0" type="stmt"/>
        <line num="61" count="0" type="cond" truecount="0" falsecount="3"/>
        <line num="62" count="0" type="cond" truecount="0" falsecount="2"/>
        <line num="63" count="0" type="cond" truecount="0" falsecount="2"/>
        <line num="64" count="0" type="cond" truecount="0" falsecount="2"/>
        <line num="65" count="0" type="cond" truecount="0" falsecount="2"/>
        <line num="66" count="0" type="cond" truecount="0" falsecount="2"/>
        <line num="67" count="0" type="cond" truecount="0" falsecount="5"/>
        <line num="68" count="0" type="stmt"/>
        <line num="70" count="0" type="stmt"/>
      </file>
    </package>
    <package name="src.backend.db">
      <metrics statements="31" coveredstatements="31" conditionals="46" coveredconditionals="46" methods="4" coveredmethods="4"/>
      <file name="index.ts" path="/home/cyber44/chase-the-bag-platform/src/backend/db/index.ts">
        <metrics statements="31" coveredstatements="31" conditionals="46" coveredconditionals="46" methods="4" coveredmethods="4"/>
        <line num="1" count="22" type="stmt"/>
        <line num="2" count="22" type="stmt"/>
        <line num="17" count="22" type="stmt"/>
        <line num="18" count="13" type="stmt"/>
        <line num="19" count="13" type="cond" truecount="2" falsecount="0"/>
        <line num="20" count="13" type="cond" truecount="2" falsecount="0"/>
        <line num="21" count="13" type="cond" truecount="2" falsecount="0"/>
        <line num="22" count="13" type="cond" truecount="2" falsecount="0"/>
        <line num="23" count="13" type="cond" truecount="3" falsecount="0"/>
        <line num="24" count="13" type="cond" truecount="2" falsecount="0"/>
        <line num="25" count="13" type="cond" truecount="5" falsecount="0"/>
        <line num="26" count="1" type="stmt"/>
        <line num="28" count="12" type="stmt"/>
        <line num="42" count="22" type="stmt"/>
        <line num="43" count="22" type="stmt"/>
        <line num="44" count="13" type="cond" truecount="2" falsecount="0"/>
        <line num="45" count="12" type="stmt"/>
        <line num="47" count="13" type="stmt"/>
        <line num="51" count="22" type="stmt"/>
        <line num="52" count="17" type="stmt"/>
        <line num="58" count="22" type="stmt"/>
        <line num="59" count="8" type="stmt"/>
        <line num="60" count="8" type="cond" truecount="3" falsecount="0"/>
        <line num="61" count="8" type="cond" truecount="2" falsecount="0"/>
        <line num="62" count="8" type="cond" truecount="2" falsecount="0"/>
        <line num="63" count="8" type="cond" truecount="2" falsecount="0"/>
        <line num="64" count="8" type="cond" truecount="2" falsecount="0"/>
        <line num="65" count="8" type="cond" truecount="2" falsecount="0"/>
        <line num="66" count="8" type="cond" truecount="5" falsecount="0"/>
        <line num="67" count="2" type="stmt"/>
        <line num="69" count="6" type="stmt"/>
      </file>
    </package>
  </project>
</coverage>
