TN:
SF:.stryker-tmp/sandbox-L4dlWf/src/backend/db/index.ts
FN:18,getDbConfig
FN:44,getDbPool
FN:52,__resetPoolForTest
FN:59,getDbConnection
FNF:4
FNH:3
FNDA:7,getDbConfig
FNDA:6,getDbPool
FNDA:7,__resetPoolForTest
FNDA:0,getDbConnection
DA:2,7
DA:3,7
DA:18,7
DA:19,7
DA:20,7
DA:21,7
DA:22,7
DA:23,7
DA:24,7
DA:25,7
DA:26,7
DA:27,1
DA:29,6
DA:43,7
DA:44,7
DA:45,6
DA:46,6
DA:48,6
DA:52,7
DA:53,7
DA:59,7
DA:60,0
DA:61,0
DA:62,0
DA:63,0
DA:64,0
DA:65,0
DA:66,0
DA:67,0
DA:68,0
DA:70,0
LF:31
LH:21
BRDA:20,0,0,7
BRDA:20,0,1,2
BRDA:21,1,0,7
BRDA:21,1,1,2
BRDA:22,2,0,7
BRDA:22,2,1,3
BRDA:23,3,0,7
BRDA:23,3,1,2
BRDA:24,4,0,7
BRDA:24,4,1,0
BRDA:24,4,2,0
BRDA:25,5,0,1
BRDA:25,5,1,6
BRDA:26,6,0,1
BRDA:26,6,1,6
BRDA:26,7,0,7
BRDA:26,7,1,6
BRDA:26,7,2,6
BRDA:32,8,0,5
BRDA:32,8,1,1
BRDA:32,9,0,6
BRDA:32,9,1,5
BRDA:45,10,0,6
BRDA:45,10,1,0
BRDA:61,11,0,0
BRDA:61,11,1,0
BRDA:61,11,2,0
BRDA:62,12,0,0
BRDA:62,12,1,0
BRDA:63,13,0,0
BRDA:63,13,1,0
BRDA:64,14,0,0
BRDA:64,14,1,0
BRDA:65,15,0,0
BRDA:65,15,1,0
BRDA:66,16,0,0
BRDA:66,16,1,0
BRDA:67,17,0,0
BRDA:67,17,1,0
BRDA:67,18,0,0
BRDA:67,18,1,0
BRDA:67,18,2,0
BRDA:74,19,0,0
BRDA:74,19,1,0
BRDA:74,20,0,0
BRDA:74,20,1,0
BRF:46
BRH:21
end_of_record
TN:
SF:src/backend/db/index.ts
FN:17,getDbConfig
FN:43,getDbPool
FN:51,__resetPoolForTest
FN:58,getDbConnection
FNF:4
FNH:4
FNDA:13,getDbConfig
FNDA:13,getDbPool
FNDA:17,__resetPoolForTest
FNDA:8,getDbConnection
DA:1,22
DA:2,22
DA:17,22
DA:18,13
DA:19,13
DA:20,13
DA:21,13
DA:22,13
DA:23,13
DA:24,13
DA:25,13
DA:26,1
DA:28,12
DA:42,22
DA:43,22
DA:44,13
DA:45,12
DA:47,13
DA:51,22
DA:52,17
DA:58,22
DA:59,8
DA:60,8
DA:61,8
DA:62,8
DA:63,8
DA:64,8
DA:65,8
DA:66,8
DA:67,2
DA:69,6
LF:31
LH:31
BRDA:19,0,0,13
BRDA:19,0,1,6
BRDA:20,1,0,13
BRDA:20,1,1,6
BRDA:21,2,0,13
BRDA:21,2,1,7
BRDA:22,3,0,13
BRDA:22,3,1,6
BRDA:23,4,0,13
BRDA:23,4,1,2
BRDA:23,4,2,2
BRDA:24,5,0,3
BRDA:24,5,1,10
BRDA:25,6,0,1
BRDA:25,6,1,12
BRDA:25,7,0,13
BRDA:25,7,1,12
BRDA:25,7,2,12
BRDA:31,8,0,7
BRDA:31,8,1,5
BRDA:31,9,0,12
BRDA:31,9,1,7
BRDA:44,10,0,12
BRDA:44,10,1,1
BRDA:60,11,0,8
BRDA:60,11,1,2
BRDA:60,11,2,2
BRDA:61,12,0,3
BRDA:61,12,1,5
BRDA:62,13,0,8
BRDA:62,13,1,2
BRDA:63,14,0,8
BRDA:63,14,1,2
BRDA:64,15,0,8
BRDA:64,15,1,2
BRDA:65,16,0,8
BRDA:65,16,1,2
BRDA:66,17,0,2
BRDA:66,17,1,6
BRDA:66,18,0,8
BRDA:66,18,1,6
BRDA:66,18,2,6
BRDA:73,19,0,5
BRDA:73,19,1,1
BRDA:73,20,0,6
BRDA:73,20,1,5
BRF:46
BRH:46
end_of_record
